#
# There is insufficient memory for the Java Runtime Environment to continue.
# Native memory allocation (mmap) failed to map 94371840 bytes for G1 virtual space
# Possible reasons:
#   The system is out of physical RAM or swap space
#   The process is running with CompressedOops enabled, and the Java Heap may be blocking the growth of the native heap
# Possible solutions:
#   Reduce memory load on the system
#   Increase physical memory or swap space
#   Check if swap backing store is full
#   Decrease Java heap size (-Xmx/-Xms)
#   Decrease number of Java threads
#   Decrease Java thread stack sizes (-Xss)
#   Set larger code cache with -XX:ReservedCodeCacheSize=
#   JVM is running with Unscaled Compressed Oops mode in which the Java heap is
#     placed in the first 4GB address space. The Java Heap base address is the
#     maximum limit for the native heap growth. Please use -XX:HeapBaseMinAddress
#     to set the Java Heap base and to place the Java Heap above 4GB virtual address.
# This output file may be truncated or incomplete.
#
#  Out of Memory Error (os_windows.cpp:3825), pid=8572, tid=10740
#
# JRE version: OpenJDK Runtime Environment (17.0.10) (build 17.0.10+0--11609105)
# Java VM: OpenJDK 64-Bit Server VM (17.0.10+0--11609105, mixed mode, tiered, compressed oops, compressed class ptrs, g1 gc, windows-amd64)
# No core dump will be written. Minidumps are not enabled by default on client versions of Windows
#

---------------  S U M M A R Y ------------

Command Line: --add-opens=java.base/java.util=ALL-UNNAMED --add-opens=java.base/java.lang=ALL-UNNAMED --add-opens=java.base/java.lang.invoke=ALL-UNNAMED --add-opens=java.prefs/java.util.prefs=ALL-UNNAMED --add-opens=java.base/java.nio.charset=ALL-UNNAMED --add-opens=java.base/java.net=ALL-UNNAMED --add-opens=java.base/java.util.concurrent.atomic=ALL-UNNAMED -Xmx2048m -Dfile.encoding=UTF-8 -Duser.country=US -Duser.language=en -Duser.variant -javaagent:C:\Users\Johaire C. Salih\.gradle\wrapper\dists\gradle-8.5-bin\5t9huq95ubn472n8rpzujfbqh\gradle-8.5\lib\agents\gradle-instrumentation-agent-8.5.jar org.gradle.launcher.daemon.bootstrap.GradleDaemon 8.5

Host: Intel(R) Core(TM) i5-10210U CPU @ 1.60GHz, 8 cores, 7G,  Windows 10 , 64 bit Build 19041 (10.0.19041.4842)
Time: Mon Dec  2 21:53:41 2024 Malay Peninsula Standard Time elapsed time: 12.812099 seconds (0d 0h 0m 12s)

---------------  T H R E A D  ---------------

Current thread (0x000001d278453b00):  VMThread "VM Thread" [stack: 0x0000003f1db00000,0x0000003f1dc00000] [id=10740]

Stack: [0x0000003f1db00000,0x0000003f1dc00000]
Native frames: (J=compiled Java code, j=interpreted, Vv=VM code, C=native code)
V  [jvm.dll+0x688de9]
V  [jvm.dll+0x8423da]
V  [jvm.dll+0x84401e]
V  [jvm.dll+0x844683]
V  [jvm.dll+0x24be0f]
V  [jvm.dll+0x685bb9]
V  [jvm.dll+0x67a46a]
V  [jvm.dll+0x30cbab]
V  [jvm.dll+0x314056]
V  [jvm.dll+0x363dce]
V  [jvm.dll+0x363fff]
V  [jvm.dll+0x2e2978]
V  [jvm.dll+0x2e0b54]
V  [jvm.dll+0x2e015c]
V  [jvm.dll+0x32502b]
V  [jvm.dll+0x848d7b]
V  [jvm.dll+0x849ac1]
V  [jvm.dll+0x849fdd]
V  [jvm.dll+0x84a3b4]
V  [jvm.dll+0x84a480]
V  [jvm.dll+0x7f0c7a]
V  [jvm.dll+0x687c65]
C  [ucrtbase.dll+0x21bb2]
C  [KERNEL32.DLL+0x17374]
C  [ntdll.dll+0x4cc91]

VM_Operation (0x0000003f1f4f0f70): G1CollectForAllocation, mode: safepoint, requested by thread 0x000001d27f42a3e0


---------------  P R O C E S S  ---------------

Threads class SMR info:
_java_thread_list=0x000001d20117d040, length=55, elements={
0x000001d25c4bf6e0, 0x000001d27831e260, 0x000001d2782f6850, 0x000001d27830abd0,
0x000001d278473c20, 0x000001d2784744f0, 0x000001d278476dd0, 0x000001d2784779d0,
0x000001d2784782e0, 0x000001d278478bf0, 0x000001d278581b30, 0x000001d2786d51d0,
0x000001d27ea02ec0, 0x000001d27e11f770, 0x000001d27e90dd50, 0x000001d27dc64870,
0x000001d27f429f00, 0x000001d27df96270, 0x000001d27f42a3e0, 0x000001d27e23f640,
0x000001d27e240a80, 0x000001d27e242df0, 0x000001d27e240f90, 0x000001d27e23fb50,
0x000001d27e2414a0, 0x000001d27e2419b0, 0x000001d27f745240, 0x000001d27f748f00,
0x000001d27f749410, 0x000001d27f74ad60, 0x000001d27f7470a0, 0x000001d27f7475b0,
0x000001d27f74b780, 0x000001d27f744d30, 0x000001d27f74b270, 0x000001d27f745750,
0x000001d27f744310, 0x000001d27f745c60, 0x000001d27f747ac0, 0x000001d27f74a340,
0x000001d27f74a850, 0x000001d27f7484e0, 0x000001d27dedeee0, 0x000001d27f74bc90,
0x000001d27f7489f0, 0x000001d2007e0740, 0x000001d2007e34d0, 0x000001d2007e0c50,
0x000001d2007dc060, 0x000001d2007e39e0, 0x000001d2007df810, 0x000001d2007e1160,
0x000001d2007e0230, 0x000001d2007e1670, 0x000001d27eaaed20
}

Java Threads: ( => current thread )
  0x000001d25c4bf6e0 JavaThread "main" [_thread_blocked, id=11312, stack(0x0000003f1d500000,0x0000003f1d600000)]
  0x000001d27831e260 JavaThread "Reference Handler" daemon [_thread_blocked, id=6356, stack(0x0000003f1dc00000,0x0000003f1dd00000)]
  0x000001d2782f6850 JavaThread "Finalizer" daemon [_thread_blocked, id=2836, stack(0x0000003f1dd00000,0x0000003f1de00000)]
  0x000001d27830abd0 JavaThread "Signal Dispatcher" daemon [_thread_blocked, id=12552, stack(0x0000003f1de00000,0x0000003f1df00000)]
  0x000001d278473c20 JavaThread "Attach Listener" daemon [_thread_blocked, id=992, stack(0x0000003f1df00000,0x0000003f1e000000)]
  0x000001d2784744f0 JavaThread "Service Thread" daemon [_thread_blocked, id=8560, stack(0x0000003f1e000000,0x0000003f1e100000)]
  0x000001d278476dd0 JavaThread "Monitor Deflation Thread" daemon [_thread_blocked, id=6420, stack(0x0000003f1e100000,0x0000003f1e200000)]
  0x000001d2784779d0 JavaThread "C2 CompilerThread0" daemon [_thread_in_native, id=10640, stack(0x0000003f1e200000,0x0000003f1e300000)]
  0x000001d2784782e0 JavaThread "C1 CompilerThread0" daemon [_thread_blocked, id=8044, stack(0x0000003f1e300000,0x0000003f1e400000)]
  0x000001d278478bf0 JavaThread "Sweeper thread" daemon [_thread_blocked, id=740, stack(0x0000003f1e400000,0x0000003f1e500000)]
  0x000001d278581b30 JavaThread "Common-Cleaner" daemon [_thread_blocked, id=6996, stack(0x0000003f1e500000,0x0000003f1e600000)]
  0x000001d2786d51d0 JavaThread "Notification Thread" daemon [_thread_blocked, id=4036, stack(0x0000003f1e600000,0x0000003f1e700000)]
  0x000001d27ea02ec0 JavaThread "Daemon health stats" [_thread_blocked, id=2504, stack(0x0000003f1ee00000,0x0000003f1ef00000)]
  0x000001d27e11f770 JavaThread "Incoming local TCP Connector on port 57901" [_thread_in_native, id=10344, stack(0x0000003f1ef00000,0x0000003f1f000000)]
  0x000001d27e90dd50 JavaThread "Daemon periodic checks" [_thread_blocked, id=15976, stack(0x0000003f1f000000,0x0000003f1f100000)]
  0x000001d27dc64870 JavaThread "Daemon" [_thread_blocked, id=6132, stack(0x0000003f1f100000,0x0000003f1f200000)]
  0x000001d27f429f00 JavaThread "Handler for socket connection from /127.0.0.1:57901 to /127.0.0.1:57902" [_thread_in_native, id=1904, stack(0x0000003f1f200000,0x0000003f1f300000)]
  0x000001d27df96270 JavaThread "Cancel handler" [_thread_blocked, id=9460, stack(0x0000003f1f300000,0x0000003f1f400000)]
  0x000001d27f42a3e0 JavaThread "Daemon worker" [_thread_blocked, id=1208, stack(0x0000003f1f400000,0x0000003f1f500000)]
  0x000001d27e23f640 JavaThread "Asynchronous log dispatcher for DefaultDaemonConnection: socket connection from /127.0.0.1:57901 to /127.0.0.1:57902" [_thread_blocked, id=12296, stack(0x0000003f1f500000,0x0000003f1f600000)]
  0x000001d27e240a80 JavaThread "Stdin handler" [_thread_blocked, id=16692, stack(0x0000003f1f600000,0x0000003f1f700000)]
  0x000001d27e242df0 JavaThread "Daemon client event forwarder" [_thread_blocked, id=1876, stack(0x0000003f1f700000,0x0000003f1f800000)]
  0x000001d27e240f90 JavaThread "Cache worker for journal cache (C:\Users\Johaire C. Salih\.gradle\caches\journal-1)" [_thread_blocked, id=9628, stack(0x0000003f1e800000,0x0000003f1e900000)]
  0x000001d27e23fb50 JavaThread "File lock request listener" [_thread_in_native, id=15224, stack(0x0000003f1fb00000,0x0000003f1fc00000)]
  0x000001d27e2414a0 JavaThread "Cache worker for file hash cache (C:\Users\Johaire C. Salih\.gradle\caches\8.5\fileHashes)" [_thread_blocked, id=16556, stack(0x0000003f1fd00000,0x0000003f1fe00000)]
  0x000001d27e2419b0 JavaThread "File watcher server" daemon [_thread_blocked, id=4560, stack(0x0000003f1ff00000,0x0000003f20000000)]
  0x000001d27f745240 JavaThread "File watcher consumer" daemon [_thread_blocked, id=13076, stack(0x0000003f20000000,0x0000003f20100000)]
  0x000001d27f748f00 JavaThread "Cache worker for checksums cache (C:\Users\Johaire C. Salih\AndroidStudioProjects\TicTacToeAI\.gradle\8.5\checksums)" [_thread_blocked, id=7960, stack(0x0000003f20100000,0x0000003f20200000)]
  0x000001d27f749410 JavaThread "Cache worker for file hash cache (C:\Users\Johaire C. Salih\AndroidStudioProjects\TicTacToeAI\.gradle\8.5\fileHashes)" [_thread_blocked, id=12596, stack(0x0000003f20200000,0x0000003f20300000)]
  0x000001d27f74ad60 JavaThread "Cache worker for cache directory md-supplier (C:\Users\Johaire C. Salih\.gradle\caches\8.5\md-supplier)" [_thread_blocked, id=12756, stack(0x0000003f20300000,0x0000003f20400000)]
  0x000001d27f7470a0 JavaThread "Cache worker for cache directory md-rule (C:\Users\Johaire C. Salih\.gradle\caches\8.5\md-rule)" [_thread_blocked, id=9352, stack(0x0000003f20400000,0x0000003f20500000)]
  0x000001d27f7475b0 JavaThread "Cache worker for file content cache (C:\Users\Johaire C. Salih\.gradle\caches\8.5\fileContent)" [_thread_blocked, id=13924, stack(0x0000003f1fe00000,0x0000003f1ff00000)]
  0x000001d27f74b780 JavaThread "Cache worker for execution history cache (C:\Users\Johaire C. Salih\.gradle\caches\8.5\executionHistory)" [_thread_blocked, id=7328, stack(0x0000003f20500000,0x0000003f20600000)]
  0x000001d27f744d30 JavaThread "Cache worker for kotlin-dsl (C:\Users\Johaire C. Salih\.gradle\caches\8.5\kotlin-dsl)" [_thread_blocked, id=8924, stack(0x0000003f20800000,0x0000003f20900000)]
  0x000001d27f74b270 JavaThread "jar transforms" [_thread_blocked, id=1180, stack(0x0000003f20900000,0x0000003f20a00000)]
  0x000001d27f745750 JavaThread "jar transforms Thread 2" [_thread_blocked, id=14616, stack(0x0000003f20a00000,0x0000003f20b00000)]
  0x000001d27f744310 JavaThread "jar transforms Thread 3" [_thread_blocked, id=14528, stack(0x0000003f20b00000,0x0000003f20c00000)]
  0x000001d27f745c60 JavaThread "jar transforms Thread 4" [_thread_blocked, id=680, stack(0x0000003f20c00000,0x0000003f20d00000)]
  0x000001d27f747ac0 JavaThread "Cache worker for dependencies-accessors (C:\Users\Johaire C. Salih\AndroidStudioProjects\TicTacToeAI\.gradle\8.5\dependencies-accessors)" [_thread_blocked, id=5960, stack(0x0000003f20d00000,0x0000003f20e00000)]
  0x000001d27f74a340 JavaThread "Cache worker for Build Output Cleanup Cache (C:\Users\Johaire C. Salih\AndroidStudioProjects\TicTacToeAI\.gradle\buildOutputCleanup)" [_thread_blocked, id=2980, stack(0x0000003f20e00000,0x0000003f20f00000)]
  0x000001d27f74a850 JavaThread "jar transforms Thread 5" [_thread_blocked, id=4972, stack(0x0000003f20f00000,0x0000003f21000000)]
  0x000001d27f7484e0 JavaThread "jar transforms Thread 6" [_thread_blocked, id=14356, stack(0x0000003f21000000,0x0000003f21100000)]
  0x000001d27dedeee0 JavaThread "C2 CompilerThread1" daemon [_thread_blocked, id=5008, stack(0x0000003f1fc00000,0x0000003f1fd00000)]
  0x000001d27f74bc90 JavaThread "Unconstrained build operations" [_thread_blocked, id=16940, stack(0x0000003f21200000,0x0000003f21300000)]
  0x000001d27f7489f0 JavaThread "Unconstrained build operations Thread 2" [_thread_blocked, id=14544, stack(0x0000003f21300000,0x0000003f21400000)]
  0x000001d2007e0740 JavaThread "Unconstrained build operations Thread 3" [_thread_blocked, id=8436, stack(0x0000003f21400000,0x0000003f21500000)]
  0x000001d2007e34d0 JavaThread "Unconstrained build operations Thread 4" [_thread_blocked, id=15336, stack(0x0000003f21500000,0x0000003f21600000)]
  0x000001d2007e0c50 JavaThread "Unconstrained build operations Thread 5" [_thread_blocked, id=13196, stack(0x0000003f21600000,0x0000003f21700000)]
  0x000001d2007dc060 JavaThread "Unconstrained build operations Thread 6" [_thread_blocked, id=8280, stack(0x0000003f21700000,0x0000003f21800000)]
  0x000001d2007e39e0 JavaThread "Unconstrained build operations Thread 7" [_thread_blocked, id=8444, stack(0x0000003f21800000,0x0000003f21900000)]
  0x000001d2007df810 JavaThread "jar transforms Thread 7" [_thread_blocked, id=7436, stack(0x0000003f21900000,0x0000003f21a00000)]
  0x000001d2007e1160 JavaThread "jar transforms Thread 8" [_thread_blocked, id=16192, stack(0x0000003f21a00000,0x0000003f21b00000)]
  0x000001d2007e0230 JavaThread "build event listener" [_thread_blocked, id=16348, stack(0x0000003f21100000,0x0000003f21200000)]
  0x000001d2007e1670 JavaThread "Memory manager" [_thread_blocked, id=8264, stack(0x0000003f21b00000,0x0000003f21c00000)]
  0x000001d27eaaed20 JavaThread "C2 CompilerThread2" daemon [_thread_blocked, id=7064, stack(0x0000003f21c00000,0x0000003f21d00000)]

Other Threads:
=>0x000001d278453b00 VMThread "VM Thread" [stack: 0x0000003f1db00000,0x0000003f1dc00000] [id=10740]
  0x000001d278719250 WatcherThread [stack: 0x0000003f1e700000,0x0000003f1e800000] [id=14452]
  0x000001d25c51b780 GCTaskThread "GC Thread#0" [stack: 0x0000003f1d600000,0x0000003f1d700000] [id=14076]
  0x000001d27dee1430 GCTaskThread "GC Thread#1" [stack: 0x0000003f1ea00000,0x0000003f1eb00000] [id=15236]
  0x000001d27dc59710 GCTaskThread "GC Thread#2" [stack: 0x0000003f1eb00000,0x0000003f1ec00000] [id=9828]
  0x000001d27da87860 GCTaskThread "GC Thread#3" [stack: 0x0000003f1ec00000,0x0000003f1ed00000] [id=12252]
  0x000001d27d1f55a0 GCTaskThread "GC Thread#4" [stack: 0x0000003f1ed00000,0x0000003f1ee00000] [id=9936]
  0x000001d27e6f3370 GCTaskThread "GC Thread#5" [stack: 0x0000003f1e900000,0x0000003f1ea00000] [id=10192]
  0x000001d27e6f30b0 GCTaskThread "GC Thread#6" [stack: 0x0000003f1f800000,0x0000003f1f900000] [id=6152]
  0x000001d27e6f3630 GCTaskThread "GC Thread#7" [stack: 0x0000003f1f900000,0x0000003f1fa00000] [id=1764]
  0x000001d25c52cdf0 ConcurrentGCThread "G1 Main Marker" [stack: 0x0000003f1d700000,0x0000003f1d800000] [id=11756]
  0x000001d25c52d720 ConcurrentGCThread "G1 Conc#0" [stack: 0x0000003f1d800000,0x0000003f1d900000] [id=6288]
  0x000001d27e6f38f0 ConcurrentGCThread "G1 Conc#1" [stack: 0x0000003f1fa00000,0x0000003f1fb00000] [id=11724]
  0x000001d2781640e0 ConcurrentGCThread "G1 Refine#0" [stack: 0x0000003f1d900000,0x0000003f1da00000] [id=12172]
  0x000001d200855f90 ConcurrentGCThread "G1 Refine#1" [stack: 0x0000003f20700000,0x0000003f20800000] [id=13748]
  0x000001d278164a20 ConcurrentGCThread "G1 Service" [stack: 0x0000003f1da00000,0x0000003f1db00000] [id=6400]

Threads with active compile tasks:
C2 CompilerThread0    12828 7072   !   4       com.google.common.reflect.TypeVisitor::visit (225 bytes)
C1 CompilerThread0    12828 7295       3       sun.util.calendar.BaseCalendar::getCalendarDateFromFixedDate (305 bytes)
C2 CompilerThread1    12828 6975   !   4       java.net.URLClassLoader::findClass (47 bytes)
C2 CompilerThread2    12828 7169       4       org.objectweb.asm.MethodWriter::computeAllFrames (510 bytes)

VM state: at safepoint (normal execution)

VM Mutex/Monitor currently owned by a thread:  ([mutex/lock_event])
[0x000001d25c4bba40] Threads_lock - owner thread: 0x000001d278453b00
[0x000001d25c4bbd10] Heap_lock - owner thread: 0x000001d27f42a3e0

Heap address: 0x0000000080000000, size: 2048 MB, Compressed Oops mode: 32-bit

CDS archive(s) not mapped
Compressed class space mapped at: 0x0000000100000000-0x0000000140000000, reserved size: 1073741824
Narrow klass base: 0x0000000000000000, Narrow klass shift: 3, Narrow klass range: 0x140000000

GC Precious Log:
 CPUs: 8 total, 8 available
 Memory: 7952M
 Large Page Support: Disabled
 NUMA Support: Disabled
 Compressed Oops: Enabled (32-bit)
 Heap Region Size: 1M
 Heap Min Capacity: 8M
 Heap Initial Capacity: 126M
 Heap Max Capacity: 2G
 Pre-touch: Disabled
 Parallel Workers: 8
 Concurrent Workers: 2
 Concurrent Refinement Workers: 8
 Periodic GC: Disabled

Heap:
 garbage-first heap   total 133120K, used 65254K [0x0000000080000000, 0x0000000100000000)
  region size 1024K, 1 young (1024K), 1 survivors (1024K)
 Metaspace       used 71829K, committed 72448K, reserved 1114112K
  class space    used 9763K, committed 10048K, reserved 1048576K

Heap Regions: E=young(eden), S=young(survivor), O=old, HS=humongous(starts), HC=humongous(continues), CS=collection set, F=free, OA=open archive, CA=closed archive, TAMS=top-at-mark-start (previous, next)
|   0|0x0000000080000000, 0x0000000080100000, 0x0000000080100000|100%|HS|  |TAMS 0x0000000080100000, 0x0000000080000000| Complete 
|   1|0x0000000080100000, 0x0000000080200000, 0x0000000080200000|100%|HC|  |TAMS 0x0000000080200000, 0x0000000080100000| Complete 
|   2|0x0000000080200000, 0x0000000080300000, 0x0000000080300000|100%|HC|  |TAMS 0x0000000080300000, 0x0000000080200000| Complete 
|   3|0x0000000080300000, 0x0000000080400000, 0x0000000080400000|100%|HC|  |TAMS 0x0000000080400000, 0x0000000080300000| Complete 
|   4|0x0000000080400000, 0x0000000080500000, 0x0000000080500000|100%| O|  |TAMS 0x0000000080500000, 0x0000000080400000| Untracked 
|   5|0x0000000080500000, 0x0000000080600000, 0x0000000080600000|100%| O|  |TAMS 0x0000000080600000, 0x0000000080500000| Untracked 
|   6|0x0000000080600000, 0x0000000080700000, 0x0000000080700000|100%| O|  |TAMS 0x0000000080700000, 0x0000000080600000| Untracked 
|   7|0x0000000080700000, 0x0000000080800000, 0x0000000080800000|100%| O|  |TAMS 0x0000000080800000, 0x0000000080700000| Untracked 
|   8|0x0000000080800000, 0x0000000080900000, 0x0000000080900000|100%| O|  |TAMS 0x0000000080900000, 0x0000000080800000| Untracked 
|   9|0x0000000080900000, 0x0000000080a00000, 0x0000000080a00000|100%| O|  |TAMS 0x0000000080a00000, 0x0000000080900000| Untracked 
|  10|0x0000000080a00000, 0x0000000080b00000, 0x0000000080b00000|100%|HS|  |TAMS 0x0000000080b00000, 0x0000000080a00000| Complete 
|  11|0x0000000080b00000, 0x0000000080c00000, 0x0000000080c00000|100%| O|  |TAMS 0x0000000080c00000, 0x0000000080b00000| Untracked 
|  12|0x0000000080c00000, 0x0000000080d00000, 0x0000000080d00000|100%| O|  |TAMS 0x0000000080d00000, 0x0000000080c00000| Untracked 
|  13|0x0000000080d00000, 0x0000000080e00000, 0x0000000080e00000|100%| O|  |TAMS 0x0000000080e00000, 0x0000000080d00000| Untracked 
|  14|0x0000000080e00000, 0x0000000080f00000, 0x0000000080f00000|100%| O|  |TAMS 0x0000000080f00000, 0x0000000080e00000| Untracked 
|  15|0x0000000080f00000, 0x0000000081000000, 0x0000000081000000|100%| O|  |TAMS 0x0000000081000000, 0x0000000080f00000| Untracked 
|  16|0x0000000081000000, 0x0000000081100000, 0x0000000081100000|100%| O|  |TAMS 0x0000000081100000, 0x0000000081000000| Untracked 
|  17|0x0000000081100000, 0x0000000081200000, 0x0000000081200000|100%| O|  |TAMS 0x0000000081200000, 0x0000000081100000| Untracked 
|  18|0x0000000081200000, 0x0000000081300000, 0x0000000081300000|100%| O|  |TAMS 0x0000000081300000, 0x0000000081200000| Untracked 
|  19|0x0000000081300000, 0x0000000081400000, 0x0000000081400000|100%| O|  |TAMS 0x0000000081400000, 0x0000000081300000| Untracked 
|  20|0x0000000081400000, 0x0000000081500000, 0x0000000081500000|100%| O|  |TAMS 0x0000000081500000, 0x0000000081400000| Untracked 
|  21|0x0000000081500000, 0x0000000081600000, 0x0000000081600000|100%| O|  |TAMS 0x0000000081600000, 0x0000000081500000| Untracked 
|  22|0x0000000081600000, 0x0000000081700000, 0x0000000081700000|100%| O|  |TAMS 0x0000000081700000, 0x0000000081600000| Untracked 
|  23|0x0000000081700000, 0x0000000081800000, 0x0000000081800000|100%| O|  |TAMS 0x0000000081700000, 0x0000000081700000| Untracked 
|  24|0x0000000081800000, 0x0000000081900000, 0x0000000081900000|100%| O|  |TAMS 0x0000000081900000, 0x0000000081800000| Untracked 
|  25|0x0000000081900000, 0x0000000081a00000, 0x0000000081a00000|100%| O|  |TAMS 0x0000000081a00000, 0x0000000081900000| Untracked 
|  26|0x0000000081a00000, 0x0000000081b00000, 0x0000000081b00000|100%| O|  |TAMS 0x0000000081b00000, 0x0000000081a00000| Untracked 
|  27|0x0000000081b00000, 0x0000000081c00000, 0x0000000081c00000|100%| O|  |TAMS 0x0000000081c00000, 0x0000000081b00000| Untracked 
|  28|0x0000000081c00000, 0x0000000081d00000, 0x0000000081d00000|100%| O|  |TAMS 0x0000000081d00000, 0x0000000081c00000| Untracked 
|  29|0x0000000081d00000, 0x0000000081e00000, 0x0000000081e00000|100%| O|  |TAMS 0x0000000081e00000, 0x0000000081d00000| Untracked 
|  30|0x0000000081e00000, 0x0000000081f00000, 0x0000000081f00000|100%| O|  |TAMS 0x0000000081f00000, 0x0000000081e00000| Untracked 
|  31|0x0000000081f00000, 0x0000000082000000, 0x0000000082000000|100%| O|  |TAMS 0x0000000082000000, 0x0000000081f00000| Untracked 
|  32|0x0000000082000000, 0x0000000082100000, 0x0000000082100000|100%| O|  |TAMS 0x0000000082100000, 0x0000000082000000| Untracked 
|  33|0x0000000082100000, 0x0000000082200000, 0x0000000082200000|100%| O|  |TAMS 0x0000000082200000, 0x0000000082100000| Untracked 
|  34|0x0000000082200000, 0x0000000082300000, 0x0000000082300000|100%| O|  |TAMS 0x0000000082300000, 0x0000000082200000| Untracked 
|  35|0x0000000082300000, 0x0000000082400000, 0x0000000082400000|100%| O|  |TAMS 0x0000000082400000, 0x0000000082300000| Untracked 
|  36|0x0000000082400000, 0x0000000082500000, 0x0000000082500000|100%| O|  |TAMS 0x0000000082500000, 0x0000000082400000| Untracked 
|  37|0x0000000082500000, 0x0000000082600000, 0x0000000082600000|100%| O|  |TAMS 0x0000000082600000, 0x0000000082500000| Untracked 
|  38|0x0000000082600000, 0x0000000082700000, 0x0000000082700000|100%| O|  |TAMS 0x0000000082700000, 0x0000000082600000| Untracked 
|  39|0x0000000082700000, 0x0000000082800000, 0x0000000082800000|100%| O|  |TAMS 0x0000000082800000, 0x0000000082700000| Untracked 
|  40|0x0000000082800000, 0x0000000082900000, 0x0000000082900000|100%| O|  |TAMS 0x0000000082900000, 0x0000000082800000| Untracked 
|  41|0x0000000082900000, 0x0000000082a00000, 0x0000000082a00000|100%|HS|  |TAMS 0x0000000082a00000, 0x0000000082900000| Complete 
|  42|0x0000000082a00000, 0x0000000082b00000, 0x0000000082b00000|100%|HS|  |TAMS 0x0000000082b00000, 0x0000000082a00000| Complete 
|  43|0x0000000082b00000, 0x0000000082c00000, 0x0000000082c00000|100%|HS|  |TAMS 0x0000000082c00000, 0x0000000082b00000| Complete 
|  44|0x0000000082c00000, 0x0000000082d00000, 0x0000000082d00000|100%|HC|  |TAMS 0x0000000082d00000, 0x0000000082c00000| Complete 
|  45|0x0000000082d00000, 0x0000000082e00000, 0x0000000082e00000|100%|HS|  |TAMS 0x0000000082e00000, 0x0000000082d00000| Complete 
|  46|0x0000000082e00000, 0x0000000082f00000, 0x0000000082f00000|100%|HC|  |TAMS 0x0000000082f00000, 0x0000000082e00000| Complete 
|  47|0x0000000082f00000, 0x0000000083000000, 0x0000000083000000|100%|HS|  |TAMS 0x0000000083000000, 0x0000000082f00000| Complete 
|  48|0x0000000083000000, 0x0000000083100000, 0x0000000083100000|100%|HS|  |TAMS 0x0000000083100000, 0x0000000083000000| Complete 
|  49|0x0000000083100000, 0x0000000083200000, 0x0000000083200000|100%|HC|  |TAMS 0x0000000083200000, 0x0000000083100000| Complete 
|  50|0x0000000083200000, 0x0000000083300000, 0x0000000083300000|100%|HC|  |TAMS 0x0000000083300000, 0x0000000083200000| Complete 
|  51|0x0000000083300000, 0x0000000083400000, 0x0000000083400000|100%|HC|  |TAMS 0x0000000083400000, 0x0000000083300000| Complete 
|  52|0x0000000083400000, 0x0000000083500000, 0x0000000083500000|100%| O|  |TAMS 0x0000000083500000, 0x0000000083400000| Untracked 
|  53|0x0000000083500000, 0x0000000083600000, 0x0000000083600000|100%|HS|  |TAMS 0x0000000083600000, 0x0000000083500000| Complete 
|  54|0x0000000083600000, 0x0000000083700000, 0x0000000083700000|100%| O|  |TAMS 0x0000000083627c00, 0x0000000083600000| Untracked 
|  55|0x0000000083700000, 0x0000000083800000, 0x0000000083800000|100%| O|  |TAMS 0x0000000083700000, 0x0000000083700000| Untracked 
|  56|0x0000000083800000, 0x0000000083809a00, 0x0000000083900000|  3%| O|  |TAMS 0x0000000083800000, 0x0000000083800000| Untracked 
|  57|0x0000000083900000, 0x0000000083900000, 0x0000000083a00000|  0%| F|  |TAMS 0x0000000083900000, 0x0000000083900000| Untracked 
|  58|0x0000000083a00000, 0x0000000083b00000, 0x0000000083b00000|100%| O|  |TAMS 0x0000000083b00000, 0x0000000083a00000| Untracked 
|  59|0x0000000083b00000, 0x0000000083c00000, 0x0000000083c00000|100%| O|  |TAMS 0x0000000083c00000, 0x0000000083b00000| Untracked 
|  60|0x0000000083c00000, 0x0000000083d00000, 0x0000000083d00000|100%| O|  |TAMS 0x0000000083d00000, 0x0000000083c00000| Untracked 
|  61|0x0000000083d00000, 0x0000000083e00000, 0x0000000083e00000|100%| O|  |TAMS 0x0000000083e00000, 0x0000000083d00000| Untracked 
|  62|0x0000000083e00000, 0x0000000083e00000, 0x0000000083f00000|  0%| F|  |TAMS 0x0000000083e00000, 0x0000000083e00000| Untracked 
|  63|0x0000000083f00000, 0x0000000083f00000, 0x0000000084000000|  0%| F|  |TAMS 0x0000000083f00000, 0x0000000083f00000| Untracked 
|  64|0x0000000084000000, 0x0000000084000000, 0x0000000084100000|  0%| F|  |TAMS 0x0000000084000000, 0x0000000084000000| Untracked 
|  65|0x0000000084100000, 0x0000000084100000, 0x0000000084200000|  0%| F|  |TAMS 0x0000000084100000, 0x0000000084100000| Untracked 
|  66|0x0000000084200000, 0x0000000084200000, 0x0000000084300000|  0%| F|  |TAMS 0x0000000084200000, 0x0000000084200000| Untracked 
|  67|0x0000000084300000, 0x0000000084300000, 0x0000000084400000|  0%| F|  |TAMS 0x0000000084300000, 0x0000000084300000| Untracked 
|  68|0x0000000084400000, 0x0000000084400000, 0x0000000084500000|  0%| F|  |TAMS 0x0000000084400000, 0x0000000084400000| Untracked 
|  69|0x0000000084500000, 0x0000000084500000, 0x0000000084600000|  0%| F|  |TAMS 0x0000000084500000, 0x0000000084500000| Untracked 
|  70|0x0000000084600000, 0x0000000084600000, 0x0000000084700000|  0%| F|  |TAMS 0x0000000084600000, 0x0000000084600000| Untracked 
|  71|0x0000000084700000, 0x0000000084700000, 0x0000000084800000|  0%| F|  |TAMS 0x0000000084700000, 0x0000000084700000| Untracked 
|  72|0x0000000084800000, 0x0000000084800000, 0x0000000084900000|  0%| F|  |TAMS 0x0000000084800000, 0x0000000084800000| Untracked 
|  73|0x0000000084900000, 0x0000000084900000, 0x0000000084a00000|  0%| F|  |TAMS 0x0000000084900000, 0x0000000084900000| Untracked 
|  74|0x0000000084a00000, 0x0000000084a00000, 0x0000000084b00000|  0%| F|  |TAMS 0x0000000084a00000, 0x0000000084a00000| Untracked 
|  75|0x0000000084b00000, 0x0000000084b00000, 0x0000000084c00000|  0%| F|  |TAMS 0x0000000084b00000, 0x0000000084b00000| Untracked 
|  76|0x0000000084c00000, 0x0000000084c00000, 0x0000000084d00000|  0%| F|  |TAMS 0x0000000084c00000, 0x0000000084c00000| Untracked 
|  77|0x0000000084d00000, 0x0000000084d00000, 0x0000000084e00000|  0%| F|  |TAMS 0x0000000084d00000, 0x0000000084d00000| Untracked 
|  78|0x0000000084e00000, 0x0000000084e00000, 0x0000000084f00000|  0%| F|  |TAMS 0x0000000084e00000, 0x0000000084e00000| Untracked 
|  79|0x0000000084f00000, 0x0000000084f00000, 0x0000000085000000|  0%| F|  |TAMS 0x0000000084f00000, 0x0000000084f00000| Untracked 
|  80|0x0000000085000000, 0x0000000085000000, 0x0000000085100000|  0%| F|  |TAMS 0x0000000085000000, 0x0000000085000000| Untracked 
|  81|0x0000000085100000, 0x0000000085100000, 0x0000000085200000|  0%| F|  |TAMS 0x0000000085100000, 0x0000000085100000| Untracked 
|  82|0x0000000085200000, 0x0000000085200000, 0x0000000085300000|  0%| F|  |TAMS 0x0000000085200000, 0x0000000085200000| Untracked 
|  83|0x0000000085300000, 0x0000000085300000, 0x0000000085400000|  0%| F|  |TAMS 0x0000000085300000, 0x0000000085300000| Untracked 
|  84|0x0000000085400000, 0x0000000085400000, 0x0000000085500000|  0%| F|  |TAMS 0x0000000085400000, 0x0000000085400000| Untracked 
|  85|0x0000000085500000, 0x0000000085500000, 0x0000000085600000|  0%| F|  |TAMS 0x0000000085500000, 0x0000000085500000| Untracked 
|  86|0x0000000085600000, 0x0000000085600000, 0x0000000085700000|  0%| F|  |TAMS 0x0000000085600000, 0x0000000085600000| Untracked 
|  87|0x0000000085700000, 0x0000000085700000, 0x0000000085800000|  0%| F|  |TAMS 0x0000000085700000, 0x0000000085700000| Untracked 
|  88|0x0000000085800000, 0x0000000085800000, 0x0000000085900000|  0%| F|  |TAMS 0x0000000085800000, 0x0000000085800000| Untracked 
|  89|0x0000000085900000, 0x0000000085900000, 0x0000000085a00000|  0%| F|  |TAMS 0x0000000085900000, 0x0000000085900000| Untracked 
|  90|0x0000000085a00000, 0x0000000085a00000, 0x0000000085b00000|  0%| F|  |TAMS 0x0000000085a00000, 0x0000000085a00000| Untracked 
|  91|0x0000000085b00000, 0x0000000085b00000, 0x0000000085c00000|  0%| F|  |TAMS 0x0000000085b00000, 0x0000000085b00000| Untracked 
|  92|0x0000000085c00000, 0x0000000085c00000, 0x0000000085d00000|  0%| F|  |TAMS 0x0000000085c00000, 0x0000000085c00000| Untracked 
|  93|0x0000000085d00000, 0x0000000085d00000, 0x0000000085e00000|  0%| F|  |TAMS 0x0000000085d00000, 0x0000000085d00000| Untracked 
|  94|0x0000000085e00000, 0x0000000085e00000, 0x0000000085f00000|  0%| F|  |TAMS 0x0000000085e00000, 0x0000000085e00000| Untracked 
|  95|0x0000000085f00000, 0x0000000085f00000, 0x0000000086000000|  0%| F|  |TAMS 0x0000000085f00000, 0x0000000085f00000| Untracked 
|  96|0x0000000086000000, 0x0000000086000000, 0x0000000086100000|  0%| F|  |TAMS 0x0000000086000000, 0x0000000086000000| Untracked 
|  97|0x0000000086100000, 0x0000000086100000, 0x0000000086200000|  0%| F|  |TAMS 0x0000000086100000, 0x0000000086100000| Untracked 
|  98|0x0000000086200000, 0x0000000086200000, 0x0000000086300000|  0%| F|  |TAMS 0x0000000086200000, 0x0000000086200000| Untracked 
|  99|0x0000000086300000, 0x0000000086300000, 0x0000000086400000|  0%| F|  |TAMS 0x0000000086300000, 0x0000000086300000| Untracked 
| 100|0x0000000086400000, 0x0000000086400000, 0x0000000086500000|  0%| F|  |TAMS 0x0000000086400000, 0x0000000086400000| Untracked 
| 101|0x0000000086500000, 0x0000000086500000, 0x0000000086600000|  0%| F|  |TAMS 0x0000000086500000, 0x0000000086500000| Untracked 
| 102|0x0000000086600000, 0x0000000086600000, 0x0000000086700000|  0%| F|  |TAMS 0x0000000086600000, 0x0000000086600000| Untracked 
| 103|0x0000000086700000, 0x00000000867b0028, 0x0000000086800000| 68%| S|CS|TAMS 0x0000000086700000, 0x0000000086700000| Complete 
| 104|0x0000000086800000, 0x0000000086800000, 0x0000000086900000|  0%| F|  |TAMS 0x0000000086800000, 0x0000000086800000| Untracked 
| 105|0x0000000086900000, 0x0000000086900000, 0x0000000086a00000|  0%| F|  |TAMS 0x0000000086900000, 0x0000000086900000| Untracked 
| 106|0x0000000086a00000, 0x0000000086a00000, 0x0000000086b00000|  0%| F|  |TAMS 0x0000000086a00000, 0x0000000086a00000| Untracked 
| 107|0x0000000086b00000, 0x0000000086b00000, 0x0000000086c00000|  0%| F|  |TAMS 0x0000000086b00000, 0x0000000086b00000| Untracked 
| 108|0x0000000086c00000, 0x0000000086c00000, 0x0000000086d00000|  0%| F|  |TAMS 0x0000000086c00000, 0x0000000086c00000| Untracked 
| 109|0x0000000086d00000, 0x0000000086d00000, 0x0000000086e00000|  0%| F|  |TAMS 0x0000000086d00000, 0x0000000086d00000| Untracked 
| 110|0x0000000086e00000, 0x0000000086e00000, 0x0000000086f00000|  0%| F|  |TAMS 0x0000000086e00000, 0x0000000086e00000| Untracked 
| 111|0x0000000086f00000, 0x0000000086f00000, 0x0000000087000000|  0%| F|  |TAMS 0x0000000086f00000, 0x0000000086f00000| Untracked 
| 112|0x0000000087000000, 0x0000000087000000, 0x0000000087100000|  0%| F|  |TAMS 0x0000000087000000, 0x0000000087000000| Untracked 
| 113|0x0000000087100000, 0x0000000087100000, 0x0000000087200000|  0%| F|  |TAMS 0x0000000087100000, 0x0000000087100000| Untracked 
| 114|0x0000000087200000, 0x0000000087200000, 0x0000000087300000|  0%| F|  |TAMS 0x0000000087200000, 0x0000000087200000| Untracked 
| 115|0x0000000087300000, 0x0000000087300000, 0x0000000087400000|  0%| F|  |TAMS 0x0000000087300000, 0x0000000087300000| Untracked 
| 116|0x0000000087400000, 0x0000000087400000, 0x0000000087500000|  0%| F|  |TAMS 0x0000000087400000, 0x0000000087400000| Untracked 
| 117|0x0000000087500000, 0x0000000087500000, 0x0000000087600000|  0%| F|  |TAMS 0x0000000087500000, 0x0000000087500000| Untracked 
| 118|0x0000000087600000, 0x0000000087600000, 0x0000000087700000|  0%| F|  |TAMS 0x0000000087600000, 0x0000000087600000| Untracked 
| 119|0x0000000087700000, 0x0000000087700000, 0x0000000087800000|  0%| F|  |TAMS 0x0000000087700000, 0x0000000087700000| Untracked 
| 120|0x0000000087800000, 0x0000000087800000, 0x0000000087900000|  0%| F|  |TAMS 0x0000000087800000, 0x0000000087800000| Untracked 
| 121|0x0000000087900000, 0x0000000087900000, 0x0000000087a00000|  0%| F|  |TAMS 0x0000000087900000, 0x0000000087900000| Untracked 
| 122|0x0000000087a00000, 0x0000000087a00000, 0x0000000087b00000|  0%| F|  |TAMS 0x0000000087a00000, 0x0000000087a00000| Untracked 
| 123|0x0000000087b00000, 0x0000000087b00000, 0x0000000087c00000|  0%| F|  |TAMS 0x0000000087b00000, 0x0000000087b00000| Untracked 
| 124|0x0000000087c00000, 0x0000000087c00000, 0x0000000087d00000|  0%| F|  |TAMS 0x0000000087c00000, 0x0000000087c00000| Untracked 
| 125|0x0000000087d00000, 0x0000000087d00000, 0x0000000087e00000|  0%| F|  |TAMS 0x0000000087d00000, 0x0000000087d00000| Untracked 
|2044|0x00000000ffc00000, 0x00000000ffd00000, 0x00000000ffd00000|100%| O|  |TAMS 0x00000000ffd00000, 0x00000000ffc00000| Untracked 
|2045|0x00000000ffd00000, 0x00000000ffd00000, 0x00000000ffe00000|  0%| F|  |TAMS 0x00000000ffd00000, 0x00000000ffd00000| Untracked 
|2046|0x00000000ffe00000, 0x00000000fff00000, 0x00000000fff00000|100%| O|  |TAMS 0x00000000fff00000, 0x00000000ffe00000| Untracked 
|2047|0x00000000fff00000, 0x0000000100000000, 0x0000000100000000|100%| O|  |TAMS 0x0000000100000000, 0x00000000fff00000| Untracked 

Card table byte_map: [0x000001d271010000,0x000001d271410000] _byte_map_base: 0x000001d270c10000

Marking Bits (Prev, Next): (CMBitMap*) 0x000001d25c51bcb0, (CMBitMap*) 0x000001d25c51bcf0
 Prev Bits: [0x000001d271810000, 0x000001d273810000)
 Next Bits: [0x000001d273810000, 0x000001d275810000)

Polling page: 0x000001d25c580000

Metaspace:

Usage:
  Non-class:     60.61 MB used.
      Class:      9.53 MB used.
       Both:     70.15 MB used.

Virtual space:
  Non-class space:       64.00 MB reserved,      60.94 MB ( 95%) committed,  1 nodes.
      Class space:        1.00 GB reserved,       9.81 MB ( <1%) committed,  1 nodes.
             Both:        1.06 GB reserved,      70.75 MB (  7%) committed. 

Chunk freelists:
   Non-Class:  3.06 MB
       Class:  6.04 MB
        Both:  9.10 MB

MaxMetaspaceSize: unlimited
CompressedClassSpaceSize: 1.00 GB
Initial GC threshold: 21.00 MB
Current GC threshold: 113.88 MB
CDS: off
MetaspaceReclaimPolicy: balanced
 - commit_granule_bytes: 65536.
 - commit_granule_words: 8192.
 - virtual_space_node_default_size: 8388608.
 - enlarge_chunks_in_place: 1.
 - new_chunks_are_fully_committed: 0.
 - uncommit_free_chunks: 1.
 - use_allocation_guard: 0.
 - handle_deallocations: 1.


Internal statistics:

num_allocs_failed_limit: 9.
num_arena_births: 764.
num_arena_deaths: 0.
num_vsnodes_births: 2.
num_vsnodes_deaths: 0.
num_space_committed: 1132.
num_space_uncommitted: 0.
num_chunks_returned_to_freelist: 9.
num_chunks_taken_from_freelist: 3118.
num_chunk_merges: 6.
num_chunk_splits: 2046.
num_chunks_enlarged: 1348.
num_inconsistent_stats: 0.

CodeHeap 'non-profiled nmethods': size=120000Kb used=3546Kb max_used=3546Kb free=116453Kb
 bounds [0x000001d268c70000, 0x000001d268ff0000, 0x000001d2701a0000]
CodeHeap 'profiled nmethods': size=120000Kb used=12218Kb max_used=12218Kb free=107781Kb
 bounds [0x000001d2611a0000, 0x000001d261d90000, 0x000001d2686d0000]
CodeHeap 'non-nmethods': size=5760Kb used=1782Kb max_used=1782Kb free=3977Kb
 bounds [0x000001d2686d0000, 0x000001d268940000, 0x000001d268c70000]
 total_blobs=7303 nmethods=6526 adapters=687
 compilation: enabled
              stopped_count=0, restarted_count=0
 full_count=0

Compilation events (20 events):
Event: 12.798 Thread 0x000001d2784782e0 nmethod 7284 0x000001d261d86710 code [0x000001d261d868c0, 0x000001d261d86bb8]
Event: 12.798 Thread 0x000001d2784782e0 7285       3       java.math.BigInteger::implMontgomeryMultiplyChecks (126 bytes)
Event: 12.799 Thread 0x000001d2784782e0 nmethod 7285 0x000001d261d86d10 code [0x000001d261d87080, 0x000001d261d882b8]
Event: 12.799 Thread 0x000001d2784782e0 7286       3       java.math.BigInteger::squareToLen (33 bytes)
Event: 12.800 Thread 0x000001d2784782e0 nmethod 7286 0x000001d261d88990 code [0x000001d261d88b40, 0x000001d261d88dd8]
Event: 12.800 Thread 0x000001d2784782e0 7287       3       java.math.BigInteger::montgomerySquare (49 bytes)
Event: 12.800 Thread 0x000001d2784782e0 nmethod 7287 0x000001d261d88f10 code [0x000001d261d89100, 0x000001d261d894d8]
Event: 12.800 Thread 0x000001d2784782e0 7291       3       java.util.Arrays::hashCode (44 bytes)
Event: 12.800 Thread 0x000001d2784782e0 nmethod 7291 0x000001d261d89690 code [0x000001d261d89840, 0x000001d261d89a58]
Event: 12.800 Thread 0x000001d2784782e0 7288       3       java.math.BigInteger::materialize (16 bytes)
Event: 12.800 Thread 0x000001d2784782e0 nmethod 7288 0x000001d261d89b90 code [0x000001d261d89d20, 0x000001d261d89f18]
Event: 12.800 Thread 0x000001d2784782e0 7290       3       java.math.BigInteger::primitiveLeftShift (37 bytes)
Event: 12.801 Thread 0x000001d2784782e0 nmethod 7290 0x000001d261d8a010 code [0x000001d261d8a200, 0x000001d261d8a708]
Event: 12.801 Thread 0x000001d2784782e0 7289       3       java.math.BigInteger::implSquareToLenChecks (206 bytes)
Event: 12.802 Thread 0x000001d2784782e0 nmethod 7289 0x000001d261d8a990 code [0x000001d261d8aea0, 0x000001d261d8ce98]
Event: 12.802 Thread 0x000001d2784782e0 7292       1       sun.security.x509.AlgorithmId::getParameters (5 bytes)
Event: 12.802 Thread 0x000001d2784782e0 nmethod 7292 0x000001d268fe6690 code [0x000001d268fe6820, 0x000001d268fe68f8]
Event: 12.803 Thread 0x000001d2784782e0 7294       3       java.util.jar.Manifest$FastInputStream::readLine (296 bytes)
Event: 12.803 Thread 0x000001d2784782e0 nmethod 7294 0x000001d261d8da10 code [0x000001d261d8dc40, 0x000001d261d8e548]
Event: 12.804 Thread 0x000001d2784782e0 7295       3       sun.util.calendar.BaseCalendar::getCalendarDateFromFixedDate (305 bytes)

GC Heap History (20 events):
Event: 6.107 GC heap after
{Heap after GC invocations=15 (full 0):
 garbage-first heap   total 86016K, used 37854K [0x0000000080000000, 0x0000000100000000)
  region size 1024K, 4 young (4096K), 4 survivors (4096K)
 Metaspace       used 60131K, committed 60608K, reserved 1114112K
  class space    used 8247K, committed 8448K, reserved 1048576K
}
Event: 11.551 GC heap before
{Heap before GC invocations=16 (full 0):
 garbage-first heap   total 86016K, used 65502K [0x0000000080000000, 0x0000000100000000)
  region size 1024K, 32 young (32768K), 4 survivors (4096K)
 Metaspace       used 62420K, committed 62976K, reserved 1114112K
  class space    used 8503K, committed 8768K, reserved 1048576K
}
Event: 11.557 GC heap after
{Heap after GC invocations=17 (full 0):
 garbage-first heap   total 86016K, used 41712K [0x0000000080000000, 0x0000000100000000)
  region size 1024K, 4 young (4096K), 4 survivors (4096K)
 Metaspace       used 62420K, committed 62976K, reserved 1114112K
  class space    used 8503K, committed 8768K, reserved 1048576K
}
Event: 11.645 GC heap before
{Heap before GC invocations=17 (full 0):
 garbage-first heap   total 86016K, used 49904K [0x0000000080000000, 0x0000000100000000)
  region size 1024K, 13 young (13312K), 4 survivors (4096K)
 Metaspace       used 62697K, committed 63296K, reserved 1114112K
  class space    used 8540K, committed 8832K, reserved 1048576K
}
Event: 11.649 GC heap after
{Heap after GC invocations=18 (full 0):
 garbage-first heap   total 86016K, used 42137K [0x0000000080000000, 0x0000000100000000)
  region size 1024K, 1 young (1024K), 1 survivors (1024K)
 Metaspace       used 62697K, committed 63296K, reserved 1114112K
  class space    used 8540K, committed 8832K, reserved 1048576K
}
Event: 11.924 GC heap before
{Heap before GC invocations=19 (full 0):
 garbage-first heap   total 86016K, used 79001K [0x0000000080000000, 0x0000000100000000)
  region size 1024K, 26 young (26624K), 1 survivors (1024K)
 Metaspace       used 63912K, committed 64448K, reserved 1114112K
  class space    used 8710K, committed 8960K, reserved 1048576K
}
Event: 11.927 GC heap after
{Heap after GC invocations=20 (full 0):
 garbage-first heap   total 90112K, used 61539K [0x0000000080000000, 0x0000000100000000)
  region size 1024K, 4 young (4096K), 4 survivors (4096K)
 Metaspace       used 63912K, committed 64448K, reserved 1114112K
  class space    used 8710K, committed 8960K, reserved 1048576K
}
Event: 11.932 GC heap before
{Heap before GC invocations=20 (full 0):
 garbage-first heap   total 90112K, used 62563K [0x0000000080000000, 0x0000000100000000)
  region size 1024K, 5 young (5120K), 4 survivors (4096K)
 Metaspace       used 63988K, committed 64512K, reserved 1114112K
  class space    used 8714K, committed 8960K, reserved 1048576K
}
Event: 11.935 GC heap after
{Heap after GC invocations=21 (full 0):
 garbage-first heap   total 108544K, used 61707K [0x0000000080000000, 0x0000000100000000)
  region size 1024K, 1 young (1024K), 1 survivors (1024K)
 Metaspace       used 63988K, committed 64512K, reserved 1114112K
  class space    used 8714K, committed 8960K, reserved 1048576K
}
Event: 11.938 GC heap before
{Heap before GC invocations=21 (full 0):
 garbage-first heap   total 108544K, used 61707K [0x0000000080000000, 0x0000000100000000)
  region size 1024K, 2 young (2048K), 1 survivors (1024K)
 Metaspace       used 64005K, committed 64512K, reserved 1114112K
  class space    used 8715K, committed 8960K, reserved 1048576K
}
Event: 11.939 GC heap after
{Heap after GC invocations=22 (full 0):
 garbage-first heap   total 108544K, used 61612K [0x0000000080000000, 0x0000000100000000)
  region size 1024K, 1 young (1024K), 1 survivors (1024K)
 Metaspace       used 64005K, committed 64512K, reserved 1114112K
  class space    used 8715K, committed 8960K, reserved 1048576K
}
Event: 12.134 GC heap before
{Heap before GC invocations=23 (full 0):
 garbage-first heap   total 112640K, used 85164K [0x0000000080000000, 0x0000000100000000)
  region size 1024K, 24 young (24576K), 1 survivors (1024K)
 Metaspace       used 65870K, committed 66432K, reserved 1114112K
  class space    used 8977K, committed 9280K, reserved 1048576K
}
Event: 12.136 GC heap after
{Heap after GC invocations=24 (full 0):
 garbage-first heap   total 112640K, used 63234K [0x0000000080000000, 0x0000000100000000)
  region size 1024K, 1 young (1024K), 1 survivors (1024K)
 Metaspace       used 65870K, committed 66432K, reserved 1114112K
  class space    used 8977K, committed 9280K, reserved 1048576K
}
Event: 12.180 GC heap before
{Heap before GC invocations=24 (full 0):
 garbage-first heap   total 112640K, used 67330K [0x0000000080000000, 0x0000000100000000)
  region size 1024K, 5 young (5120K), 1 survivors (1024K)
 Metaspace       used 66181K, committed 66688K, reserved 1114112K
  class space    used 9024K, committed 9280K, reserved 1048576K
}
Event: 12.182 GC heap after
{Heap after GC invocations=25 (full 0):
 garbage-first heap   total 112640K, used 62823K [0x0000000080000000, 0x0000000100000000)
  region size 1024K, 1 young (1024K), 1 survivors (1024K)
 Metaspace       used 66181K, committed 66688K, reserved 1114112K
  class space    used 9024K, committed 9280K, reserved 1048576K
}
Event: 12.438 GC heap before
{Heap before GC invocations=25 (full 0):
 garbage-first heap   total 112640K, used 89447K [0x0000000080000000, 0x0000000100000000)
  region size 1024K, 27 young (27648K), 1 survivors (1024K)
 Metaspace       used 69089K, committed 69632K, reserved 1114112K
  class space    used 9345K, committed 9600K, reserved 1048576K
}
Event: 12.440 GC heap after
{Heap after GC invocations=26 (full 0):
 garbage-first heap   total 112640K, used 63413K [0x0000000080000000, 0x0000000100000000)
  region size 1024K, 1 young (1024K), 1 survivors (1024K)
 Metaspace       used 69089K, committed 69632K, reserved 1114112K
  class space    used 9345K, committed 9600K, reserved 1048576K
}
Event: 12.780 GC heap before
{Heap before GC invocations=27 (full 0):
 garbage-first heap   total 112640K, used 91061K [0x0000000080000000, 0x0000000100000000)
  region size 1024K, 28 young (28672K), 1 survivors (1024K)
 Metaspace       used 71671K, committed 72256K, reserved 1114112K
  class space    used 9744K, committed 10048K, reserved 1048576K
}
Event: 12.783 GC heap after
{Heap after GC invocations=28 (full 0):
 garbage-first heap   total 112640K, used 64915K [0x0000000080000000, 0x0000000100000000)
  region size 1024K, 3 young (3072K), 3 survivors (3072K)
 Metaspace       used 71671K, committed 72256K, reserved 1114112K
  class space    used 9744K, committed 10048K, reserved 1048576K
}
Event: 12.805 GC heap before
{Heap before GC invocations=28 (full 0):
 garbage-first heap   total 112640K, used 66963K [0x0000000080000000, 0x0000000100000000)
  region size 1024K, 5 young (5120K), 3 survivors (3072K)
 Metaspace       used 71829K, committed 72448K, reserved 1114112K
  class space    used 9763K, committed 10048K, reserved 1048576K
}

Dll operation events (3 events):
Event: 0.005 Loaded shared library C:\Program Files\Android\Android Studio\jbr\bin\java.dll
Event: 0.110 Loaded shared library C:\Program Files\Android\Android Studio\jbr\bin\zip.dll
Event: 0.410 Loaded shared library C:\Program Files\Android\Android Studio\jbr\bin\verify.dll

Deoptimization events (20 events):
Event: 12.564 Thread 0x000001d27f42a3e0 Uncommon trap: trap_request=0xffffffde fr.pc=0x000001d268ef713c relative=0x000000000000003c
Event: 12.564 Thread 0x000001d27f42a3e0 Uncommon trap: reason=class_check action=maybe_recompile pc=0x000001d268ef713c method=java.lang.StringConcatHelper.stringOf(Ljava/lang/Object;)Ljava/lang/String; @ 5 c2
Event: 12.564 Thread 0x000001d27f42a3e0 DEOPT PACKING pc=0x000001d268ef713c sp=0x0000003f1f4f7720
Event: 12.564 Thread 0x000001d27f42a3e0 DEOPT UNPACKING pc=0x000001d2687269a3 sp=0x0000003f1f4f76b0 mode 2
Event: 12.564 Thread 0x000001d27f42a3e0 Uncommon trap: trap_request=0xffffffde fr.pc=0x000001d268ef713c relative=0x000000000000003c
Event: 12.564 Thread 0x000001d27f42a3e0 Uncommon trap: reason=class_check action=maybe_recompile pc=0x000001d268ef713c method=java.lang.StringConcatHelper.stringOf(Ljava/lang/Object;)Ljava/lang/String; @ 5 c2
Event: 12.564 Thread 0x000001d27f42a3e0 DEOPT PACKING pc=0x000001d268ef713c sp=0x0000003f1f4f7720
Event: 12.564 Thread 0x000001d27f42a3e0 DEOPT UNPACKING pc=0x000001d2687269a3 sp=0x0000003f1f4f76b0 mode 2
Event: 12.776 Thread 0x000001d27f42a3e0 Uncommon trap: trap_request=0xffffff45 fr.pc=0x000001d268d93930 relative=0x0000000000000090
Event: 12.776 Thread 0x000001d27f42a3e0 Uncommon trap: reason=unstable_if action=reinterpret pc=0x000001d268d93930 method=java.util.jar.JarFile.maybeInstantiateVerifier()V @ 27 c2
Event: 12.776 Thread 0x000001d27f42a3e0 DEOPT PACKING pc=0x000001d268d93930 sp=0x0000003f1f4f29c0
Event: 12.776 Thread 0x000001d27f42a3e0 DEOPT UNPACKING pc=0x000001d2687269a3 sp=0x0000003f1f4f2950 mode 2
Event: 12.791 Thread 0x000001d27f42a3e0 Uncommon trap: trap_request=0xffffff45 fr.pc=0x000001d268e5e654 relative=0x0000000000000154
Event: 12.791 Thread 0x000001d27f42a3e0 Uncommon trap: reason=unstable_if action=reinterpret pc=0x000001d268e5e654 method=java.util.Arrays.hashCode([B)I @ 1 c2
Event: 12.791 Thread 0x000001d27f42a3e0 DEOPT PACKING pc=0x000001d268e5e654 sp=0x0000003f1f4f2180
Event: 12.791 Thread 0x000001d27f42a3e0 DEOPT UNPACKING pc=0x000001d2687269a3 sp=0x0000003f1f4f20f8 mode 2
Event: 12.802 Thread 0x000001d27f42a3e0 Uncommon trap: trap_request=0xffffff45 fr.pc=0x000001d268cd578c relative=0x00000000000006cc
Event: 12.802 Thread 0x000001d27f42a3e0 Uncommon trap: reason=unstable_if action=reinterpret pc=0x000001d268cd578c method=java.util.jar.Manifest$FastInputStream.readLine([BII)I @ 130 c2
Event: 12.802 Thread 0x000001d27f42a3e0 DEOPT PACKING pc=0x000001d268cd578c sp=0x0000003f1f4f2470
Event: 12.802 Thread 0x000001d27f42a3e0 DEOPT UNPACKING pc=0x000001d2687269a3 sp=0x0000003f1f4f2400 mode 2

Classes unloaded (0 events):
No events

Classes redefined (0 events):
No events

Internal exceptions (20 events):
Event: 6.304 Thread 0x000001d27f42a3e0 Implicit null exception at 0x000001d268d878f1 to 0x000001d268d87a8c
Event: 6.576 Thread 0x000001d27f42a3e0 Implicit null exception at 0x000001d268cc9472 to 0x000001d268cc9aac
Event: 11.560 Thread 0x000001d2782f6850 Implicit null exception at 0x000001d268e923e0 to 0x000001d268e92480
Event: 11.579 Thread 0x000001d27f42a3e0 Exception <a 'java/lang/NoSuchMethodError'{0x000000008507faf0}: 'long java.lang.invoke.DirectMethodHandle$Holder.invokeVirtual(java.lang.Object, java.lang.Object)'> (0x000000008507faf0) 
thrown [s\src\hotspot\share\interpreter\linkResolver.cpp, line 771]
Event: 11.581 Thread 0x000001d27e242df0 Exception <a 'java/lang/NoSuchMethodError'{0x0000000084f04da0}: static Lorg/gradle/internal/build/event/types/DefaultOperationFinishedProgressEvent;.<clinit>()V> (0x0000000084f04da0) 
thrown [s\src\hotspot\share\prims\jni.cpp, line 1108]
Event: 11.583 Thread 0x000001d27e242df0 Exception <a 'java/lang/NoSuchMethodError'{0x0000000084f32d00}: static Lorg/gradle/internal/build/event/types/DefaultProjectConfigurationSuccessResult;.<clinit>()V> (0x0000000084f32d00) 
thrown [s\src\hotspot\share\prims\jni.cpp, line 1108]
Event: 11.583 Thread 0x000001d27e242df0 Exception <a 'java/lang/NoSuchMethodError'{0x0000000084f34298}: static Lorg/gradle/internal/build/event/types/AbstractProjectConfigurationResult;.<clinit>()V> (0x0000000084f34298) 
thrown [s\src\hotspot\share\prims\jni.cpp, line 1108]
Event: 11.584 Thread 0x000001d27e242df0 Exception <a 'java/lang/NoSuchMethodError'{0x0000000084f359e0}: static Lorg/gradle/internal/build/event/types/AbstractOperationResult;.<clinit>()V> (0x0000000084f359e0) 
thrown [s\src\hotspot\share\prims\jni.cpp, line 1108]
Event: 11.584 Thread 0x000001d27e242df0 Exception <a 'java/lang/NoSuchMethodError'{0x0000000084f36e58}: static Lorg/gradle/internal/build/event/types/AbstractResult;.<clinit>()V> (0x0000000084f36e58) 
thrown [s\src\hotspot\share\prims\jni.cpp, line 1108]
Event: 11.585 Thread 0x000001d27e242df0 Exception <a 'java/lang/NoSuchMethodError'{0x0000000084f4fb98}: static Lorg/gradle/internal/build/event/types/DefaultPluginApplicationResult;.<clinit>()V> (0x0000000084f4fb98) 
thrown [s\src\hotspot\share\prims\jni.cpp, line 1108]
Event: 11.585 Thread 0x000001d27e242df0 Exception <a 'java/lang/NoSuchMethodError'{0x0000000084f5cfe0}: static Lorg/gradle/internal/build/event/types/DefaultBinaryPluginIdentifier;.<clinit>()V> (0x0000000084f5cfe0) 
thrown [s\src\hotspot\share\prims\jni.cpp, line 1108]
Event: 11.587 Thread 0x000001d27e242df0 Exception <a 'java/lang/NoSuchMethodError'{0x0000000084f773f0}: static Lorg/gradle/internal/build/event/types/DefaultScriptPluginIdentifier;.<clinit>()V> (0x0000000084f773f0) 
thrown [s\src\hotspot\share\prims\jni.cpp, line 1108]
Event: 11.632 Thread 0x000001d27f42a3e0 Implicit null exception at 0x000001d268dfe50f to 0x000001d268dfedd8
Event: 11.632 Thread 0x000001d27f42a3e0 Implicit null exception at 0x000001d268ea8014 to 0x000001d268ea88b8
Event: 11.699 Thread 0x000001d27f42a3e0 Exception <a 'java/lang/NoSuchMethodError'{0x00000000851c2e98}: 'void java.lang.invoke.Invokers$Holder.invoke_MT(java.lang.Object, java.lang.Object, java.lang.Object, java.lang.Object)'> (0x00000000851c2e98) 
thrown [s\src\hotspot\share\interpreter\linkResolver.cpp, line 771]
Event: 11.777 Thread 0x000001d27f42a3e0 Exception <a 'java/lang/ClassNotFoundException'{0x00000000849dda70}: sun/misc/SharedSecrets> (0x00000000849dda70) 
thrown [s\src\hotspot\share\classfile\systemDictionary.cpp, line 256]
Event: 11.777 Thread 0x000001d27f42a3e0 Exception <a 'java/lang/ClassNotFoundException'{0x00000000849df048}: org/gradle/api/internal/plugins/DefaultObjectConfigurationActionBeanInfo> (0x00000000849df048) 
thrown [s\src\hotspot\share\classfile\systemDictionary.cpp, line 256]
Event: 11.778 Thread 0x000001d27f42a3e0 Exception <a 'java/lang/ClassNotFoundException'{0x00000000849f5a10}: org/gradle/api/internal/plugins/DefaultObjectConfigurationActionCustomizer> (0x00000000849f5a10) 
thrown [s\src\hotspot\share\classfile\systemDictionary.cpp, line 256]
Event: 12.195 Thread 0x000001d27f42a3e0 Exception <a 'java/lang/NoSuchMethodError'{0x0000000087ddaef0}: 'int java.lang.invoke.DirectMethodHandle$Holder.invokeInterface(java.lang.Object, java.lang.Object, java.lang.Object, java.lang.Object)'> (0x0000000087ddaef0) 
thrown [s\src\hotspot\share\interpreter\linkResolver.cpp, line 771]
Event: 12.791 Thread 0x000001d27f42a3e0 Implicit null exception at 0x000001d268e5e50c to 0x000001d268e5e646

VM Operations (20 events):
Event: 11.985 Executing VM operation: G1PauseCleanup done
Event: 12.134 Executing VM operation: G1CollectForAllocation
Event: 12.136 Executing VM operation: G1CollectForAllocation done
Event: 12.180 Executing VM operation: G1CollectForAllocation
Event: 12.182 Executing VM operation: G1CollectForAllocation done
Event: 12.193 Executing VM operation: HandshakeAllThreads
Event: 12.194 Executing VM operation: HandshakeAllThreads done
Event: 12.194 Executing VM operation: HandshakeAllThreads
Event: 12.194 Executing VM operation: HandshakeAllThreads done
Event: 12.438 Executing VM operation: G1CollectForAllocation
Event: 12.440 Executing VM operation: G1CollectForAllocation done
Event: 12.478 Executing VM operation: G1PauseRemark
Event: 12.480 Executing VM operation: G1PauseRemark done
Event: 12.499 Executing VM operation: G1PauseCleanup
Event: 12.499 Executing VM operation: G1PauseCleanup done
Event: 12.780 Executing VM operation: G1CollectForAllocation
Event: 12.783 Executing VM operation: G1CollectForAllocation done
Event: 12.795 Executing VM operation: HandshakeAllThreads
Event: 12.795 Executing VM operation: HandshakeAllThreads done
Event: 12.805 Executing VM operation: G1CollectForAllocation

Events (20 events):
Event: 12.793 loading class sun/security/provider/DSA$SHA1withDSA
Event: 12.793 loading class sun/security/provider/DSA$SHA1withDSA done
Event: 12.794 loading class java/security/interfaces/DSAParams
Event: 12.794 loading class java/security/interfaces/DSAParams done
Event: 12.794 loading class java/security/spec/DSAParameterSpec
Event: 12.794 loading class java/security/spec/DSAParameterSpec done
Event: 12.794 loading class java/math/SignedMutableBigInteger
Event: 12.794 loading class java/math/SignedMutableBigInteger done
Event: 12.799 loading class sun/security/util/JarConstraintsParameters
Event: 12.800 loading class sun/security/util/JarConstraintsParameters done
Event: 12.800 loading class java/security/cert/CertPathValidatorException
Event: 12.800 loading class java/security/cert/CertPathValidatorException done
Event: 12.800 loading class java/time/format/DateTimePrintContext
Event: 12.801 loading class java/time/format/DateTimePrintContext done
Event: 12.801 loading class java/time/Instant$1
Event: 12.801 loading class java/time/Instant$1 done
Event: 12.801 loading class java/security/cert/CertPathValidatorException$BasicReason
Event: 12.801 loading class java/security/cert/CertPathValidatorException$Reason
Event: 12.801 loading class java/security/cert/CertPathValidatorException$Reason done
Event: 12.801 loading class java/security/cert/CertPathValidatorException$BasicReason done


Dynamic libraries:
0x00007ff69d590000 - 0x00007ff69d59a000 	C:\Program Files\Android\Android Studio\jbr\bin\java.exe
0x00007ffe82270000 - 0x00007ffe82468000 	C:\Windows\SYSTEM32\ntdll.dll
0x00007ffe81ae0000 - 0x00007ffe81ba1000 	C:\Windows\System32\KERNEL32.DLL
0x00007ffe7ffa0000 - 0x00007ffe8029d000 	C:\Windows\System32\KERNELBASE.dll
0x00007ffe7fc30000 - 0x00007ffe7fd30000 	C:\Windows\System32\ucrtbase.dll
0x00007ffe64070000 - 0x00007ffe64087000 	C:\Program Files\Android\Android Studio\jbr\bin\jli.dll
0x00007ffe757d0000 - 0x00007ffe757eb000 	C:\Program Files\Android\Android Studio\jbr\bin\VCRUNTIME140.dll
0x00007ffe810f0000 - 0x00007ffe8128d000 	C:\Windows\System32\USER32.dll
0x00007ffe7f920000 - 0x00007ffe7f942000 	C:\Windows\System32\win32u.dll
0x00007ffe81020000 - 0x00007ffe8104b000 	C:\Windows\System32\GDI32.dll
0x00007ffe7fd30000 - 0x00007ffe7fe47000 	C:\Windows\System32\gdi32full.dll
0x00007ffe7ed70000 - 0x00007ffe7f00a000 	C:\Windows\WinSxS\amd64_microsoft.windows.common-controls_6595b64144ccf1df_6.0.19041.4355_none_60b8b9eb71f62e16\COMCTL32.dll
0x00007ffe7fe50000 - 0x00007ffe7feed000 	C:\Windows\System32\msvcp_win.dll
0x00007ffe81050000 - 0x00007ffe810ee000 	C:\Windows\System32\msvcrt.dll
0x00007ffe80ff0000 - 0x00007ffe8101f000 	C:\Windows\System32\IMM32.DLL
0x00007ffe6b9f0000 - 0x00007ffe6b9fc000 	C:\Program Files\Android\Android Studio\jbr\bin\vcruntime140_1.dll
0x00007ffe48930000 - 0x00007ffe489bd000 	C:\Program Files\Android\Android Studio\jbr\bin\msvcp140.dll
0x00007ffe1e530000 - 0x00007ffe1f1b3000 	C:\Program Files\Android\Android Studio\jbr\bin\server\jvm.dll
0x00007ffe80430000 - 0x00007ffe804e0000 	C:\Windows\System32\ADVAPI32.dll
0x00007ffe81710000 - 0x00007ffe817b0000 	C:\Windows\System32\sechost.dll
0x00007ffe806c0000 - 0x00007ffe807e3000 	C:\Windows\System32\RPCRT4.dll
0x00007ffe7fa50000 - 0x00007ffe7fa77000 	C:\Windows\System32\bcrypt.dll
0x00007ffe7f660000 - 0x00007ffe7f6ab000 	C:\Windows\SYSTEM32\POWRPROF.dll
0x00007ffe7f420000 - 0x00007ffe7f429000 	C:\Windows\SYSTEM32\WSOCK32.dll
0x00007ffe80f60000 - 0x00007ffe80fcb000 	C:\Windows\System32\WS2_32.dll
0x00007ffe604f0000 - 0x00007ffe60517000 	C:\Windows\SYSTEM32\WINMM.dll
0x00007ffe78f10000 - 0x00007ffe78f1a000 	C:\Windows\SYSTEM32\VERSION.dll
0x00007ffe7f640000 - 0x00007ffe7f652000 	C:\Windows\SYSTEM32\UMPDC.dll
0x00007ffe7d2c0000 - 0x00007ffe7d2d2000 	C:\Windows\SYSTEM32\kernel.appcore.dll
0x00007ffe76ff0000 - 0x00007ffe76ffa000 	C:\Program Files\Android\Android Studio\jbr\bin\jimage.dll
0x00007ffe7f220000 - 0x00007ffe7f404000 	C:\Windows\SYSTEM32\DBGHELP.DLL
0x00007ffe7f1e0000 - 0x00007ffe7f214000 	C:\Windows\SYSTEM32\dbgcore.DLL
0x00007ffe7f950000 - 0x00007ffe7f9d2000 	C:\Windows\System32\bcryptPrimitives.dll
0x00007ffe65470000 - 0x00007ffe6547e000 	C:\Program Files\Android\Android Studio\jbr\bin\instrument.dll
0x00007ffe721e0000 - 0x00007ffe72205000 	C:\Program Files\Android\Android Studio\jbr\bin\java.dll
0x00007ffe720e0000 - 0x00007ffe720f8000 	C:\Program Files\Android\Android Studio\jbr\bin\zip.dll
0x00007ffe807f0000 - 0x00007ffe80f5f000 	C:\Windows\System32\SHELL32.dll
0x00007ffe7d2e0000 - 0x00007ffe7da83000 	C:\Windows\SYSTEM32\windows.storage.dll
0x00007ffe81bd0000 - 0x00007ffe81f23000 	C:\Windows\System32\combase.dll
0x00007ffe7eb00000 - 0x00007ffe7eb2e000 	C:\Windows\SYSTEM32\Wldp.dll
0x00007ffe804e0000 - 0x00007ffe805ad000 	C:\Windows\System32\OLEAUT32.dll
0x00007ffe80300000 - 0x00007ffe803ad000 	C:\Windows\System32\SHCORE.dll
0x00007ffe802a0000 - 0x00007ffe802f5000 	C:\Windows\System32\shlwapi.dll
0x00007ffe7f850000 - 0x00007ffe7f874000 	C:\Windows\SYSTEM32\profapi.dll
0x00007ffe6b810000 - 0x00007ffe6b829000 	C:\Program Files\Android\Android Studio\jbr\bin\net.dll
0x00007ffe76080000 - 0x00007ffe7618d000 	C:\Windows\SYSTEM32\WINHTTP.dll
0x00007ffe7e8e0000 - 0x00007ffe7e94a000 	C:\Windows\system32\mswsock.dll
0x00007ffe6b7f0000 - 0x00007ffe6b806000 	C:\Program Files\Android\Android Studio\jbr\bin\nio.dll
0x00007ffe75770000 - 0x00007ffe75780000 	C:\Program Files\Android\Android Studio\jbr\bin\verify.dll
0x00007ffe63aa0000 - 0x00007ffe63ac7000 	C:\Users\Johaire C. Salih\.gradle\native\c067742578af261105cb4f569cf0c3c89f3d7b1fecec35dd04571415982c5e48\windows-amd64\native-platform.dll
0x00007ffe39f30000 - 0x00007ffe3a074000 	C:\Users\Johaire C. Salih\.gradle\native\38dada09dfb8b06ba9b0570ebf7e218e3eb74d4ef43ca46872605cf95ebc2f47\windows-amd64\native-platform-file-events.dll
0x00007ffe65490000 - 0x00007ffe65499000 	C:\Program Files\Android\Android Studio\jbr\bin\management.dll
0x00007ffe65480000 - 0x00007ffe6548b000 	C:\Program Files\Android\Android Studio\jbr\bin\management_ext.dll
0x00007ffe81bc0000 - 0x00007ffe81bc8000 	C:\Windows\System32\PSAPI.DLL
0x00007ffe7f5c0000 - 0x00007ffe7f5d8000 	C:\Windows\SYSTEM32\CRYPTSP.dll
0x00007ffe7e280000 - 0x00007ffe7e2b4000 	C:\Windows\system32\rsaenh.dll
0x00007ffe7f7d0000 - 0x00007ffe7f7fe000 	C:\Windows\SYSTEM32\USERENV.dll
0x00007ffe7ea70000 - 0x00007ffe7ea7c000 	C:\Windows\SYSTEM32\CRYPTBASE.dll
0x00007ffe7e5e0000 - 0x00007ffe7e61b000 	C:\Windows\SYSTEM32\IPHLPAPI.DLL
0x00007ffe81bb0000 - 0x00007ffe81bb8000 	C:\Windows\System32\NSI.dll
0x00007ffe73f00000 - 0x00007ffe73f17000 	C:\Windows\SYSTEM32\dhcpcsvc6.DLL
0x00007ffe73500000 - 0x00007ffe7351d000 	C:\Windows\SYSTEM32\dhcpcsvc.DLL
0x00007ffe7e620000 - 0x00007ffe7e6ea000 	C:\Windows\SYSTEM32\DNSAPI.dll
0x00007ffe6b7e0000 - 0x00007ffe6b7e9000 	C:\Program Files\Android\Android Studio\jbr\bin\extnet.dll
0x00007ffe71740000 - 0x00007ffe71747000 	C:\Windows\system32\wshunix.dll
0x00007ffe70f50000 - 0x00007ffe70f5a000 	C:\Windows\System32\rasadhlp.dll
0x00007ffe6c530000 - 0x00007ffe6c5b0000 	C:\Windows\System32\fwpuclnt.dll

dbghelp: loaded successfully - version: 4.0.5 - missing functions: none
symbol engine: initialized successfully - sym options: 0x614 - pdb path: .;C:\Program Files\Android\Android Studio\jbr\bin;C:\Windows\SYSTEM32;C:\Windows\WinSxS\amd64_microsoft.windows.common-controls_6595b64144ccf1df_6.0.19041.4355_none_60b8b9eb71f62e16;C:\Program Files\Android\Android Studio\jbr\bin\server;C:\Users\Johaire C. Salih\.gradle\native\c067742578af261105cb4f569cf0c3c89f3d7b1fecec35dd04571415982c5e48\windows-amd64;C:\Users\Johaire C. Salih\.gradle\native\38dada09dfb8b06ba9b0570ebf7e218e3eb74d4ef43ca46872605cf95ebc2f47\windows-amd64

VM Arguments:
jvm_args: --add-opens=java.base/java.util=ALL-UNNAMED --add-opens=java.base/java.lang=ALL-UNNAMED --add-opens=java.base/java.lang.invoke=ALL-UNNAMED --add-opens=java.prefs/java.util.prefs=ALL-UNNAMED --add-opens=java.base/java.nio.charset=ALL-UNNAMED --add-opens=java.base/java.net=ALL-UNNAMED --add-opens=java.base/java.util.concurrent.atomic=ALL-UNNAMED -Xmx2048m -Dfile.encoding=UTF-8 -Duser.country=US -Duser.language=en -Duser.variant -javaagent:C:\Users\Johaire C. Salih\.gradle\wrapper\dists\gradle-8.5-bin\5t9huq95ubn472n8rpzujfbqh\gradle-8.5\lib\agents\gradle-instrumentation-agent-8.5.jar 
java_command: org.gradle.launcher.daemon.bootstrap.GradleDaemon 8.5
java_class_path (initial): C:\Users\Johaire C. Salih\.gradle\wrapper\dists\gradle-8.5-bin\5t9huq95ubn472n8rpzujfbqh\gradle-8.5\lib\gradle-launcher-8.5.jar
Launcher Type: SUN_STANDARD

[Global flags]
     intx CICompilerCount                          = 4                                         {product} {ergonomic}
     uint ConcGCThreads                            = 2                                         {product} {ergonomic}
     uint G1ConcRefinementThreads                  = 8                                         {product} {ergonomic}
   size_t G1HeapRegionSize                         = 1048576                                   {product} {ergonomic}
    uintx GCDrainStackTargetSize                   = 64                                        {product} {ergonomic}
   size_t InitialHeapSize                          = 132120576                                 {product} {ergonomic}
   size_t MarkStackSize                            = 4194304                                   {product} {ergonomic}
   size_t MaxHeapSize                              = 2147483648                                {product} {command line}
   size_t MaxNewSize                               = 1287651328                                {product} {ergonomic}
   size_t MinHeapDeltaBytes                        = 1048576                                   {product} {ergonomic}
   size_t MinHeapSize                              = 8388608                                   {product} {ergonomic}
    uintx NonNMethodCodeHeapSize                   = 5839372                                {pd product} {ergonomic}
    uintx NonProfiledCodeHeapSize                  = 122909434                              {pd product} {ergonomic}
    uintx ProfiledCodeHeapSize                     = 122909434                              {pd product} {ergonomic}
    uintx ReservedCodeCacheSize                    = 251658240                              {pd product} {ergonomic}
     bool SegmentedCodeCache                       = true                                      {product} {ergonomic}
   size_t SoftMaxHeapSize                          = 2147483648                             {manageable} {ergonomic}
     bool UseCompressedClassPointers               = true                           {product lp64_product} {ergonomic}
     bool UseCompressedOops                        = true                           {product lp64_product} {ergonomic}
     bool UseG1GC                                  = true                                      {product} {ergonomic}
     bool UseLargePagesIndividualAllocation        = false                                  {pd product} {ergonomic}

Logging:
Log output configuration:
 #0: stdout all=warning uptime,level,tags
 #1: stderr all=off uptime,level,tags

Environment Variables:
PATH=C:\Program Files\Common Files\Oracle\Java\javapath;C:\MinGW\bin;C:\Windows\system32;C:\Windows;C:\Windows\System32\Wbem;C:\Windows\System32\WindowsPowerShell\v1.0\;C:\Windows\System32\OpenSSH\;C:\Program Files\nodejs\;C:\Program Files\Docker\Docker\resources\bin;C:\Users\Johaire C. Salih\AppData\Local\Programs\Python\Python311\Scripts\;C:\Users\Johaire C. Salih\AppData\Local\Programs\Python\Python311\;C:\Users\Johaire C. Salih\AppData\Local\Microsoft\WindowsApps;C:\Users\Johaire C. Salih\AppData\Local\Programs\Git\cmd;C:\msys64\ucrt64\bin;C:\Program Files\JetBrains\IntelliJ IDEA Community Edition 2024.1.4\bin;;C:\Users\Johaire C. Salih\AppData\Local\Programs\Microsoft VS Code\bin;C:\Users\Johaire C. Salih\AppData\Roaming\npm
USERNAME=Johaire C. Salih
OS=Windows_NT
PROCESSOR_IDENTIFIER=Intel64 Family 6 Model 142 Stepping 12, GenuineIntel
TMP=C:\Users\JOHAIR~1.SAL\AppData\Local\Temp
TEMP=C:\Users\JOHAIR~1.SAL\AppData\Local\Temp



Periodic native trim disabled

JNI global refs:
JNI global refs: 29, weak refs: 1

JNI global refs memory usage: 843, weak refs: 841

OOME stack traces (most recent first):
Classloader memory used:
Loader org.gradle.internal.classloader.VisitableURLClassLoader                         : 3591K
Loader bootstrap                                                                       : 3173K
Loader org.gradle.initialization.MixInLegacyTypesClassLoader                           : 1336K
Loader org.gradle.internal.classloader.VisitableURLClassLoader$InstrumentingVisitableURLClassLoader: 705K
Loader jdk.internal.loader.ClassLoaders$PlatformClassLoader                            : 99957B
Loader jdk.internal.reflect.DelegatingClassLoader                                      : 33961B
Loader jdk.internal.loader.ClassLoaders$AppClassLoader                                 : 28453B
Loader org.gradle.internal.classloader.VisitableURLClassLoader                         : 13612B

Classes loaded by more than one classloader:
Class Program                                                                         : loaded 4 times (x 72B)
Class com.google.common.collect.Iterators$MergingIterator                             : loaded 2 times (x 79B)
Class [Lcom.google.common.collect.AbstractMapEntry;                                   : loaded 2 times (x 67B)
Class com.google.common.collect.SingletonImmutableList                                : loaded 2 times (x 167B)
Class com.google.common.cache.CacheLoader$SupplierToCacheLoader                       : loaded 2 times (x 73B)
Class org.gradle.internal.classpath.ClassPath                                         : loaded 2 times (x 68B)
Class com.google.common.cache.RemovalListener                                         : loaded 2 times (x 68B)
Class org.gradle.api.internal.classpath.DefaultModuleRegistry                         : loaded 2 times (x 84B)
Class Settings_gradle$1$1                                                             : loaded 2 times (x 72B)
Class com.google.common.collect.ListMultimap                                          : loaded 2 times (x 68B)
Class com.google.common.base.CharMatcher$JavaDigit                                    : loaded 2 times (x 109B)
Class com.google.common.base.CharMatcher$Digit                                        : loaded 2 times (x 110B)
Class com.google.common.collect.AbstractMultimap                                      : loaded 2 times (x 121B)
Class com.google.common.cache.CacheBuilder$OneWeigher                                 : loaded 2 times (x 80B)
Class org.gradle.api.Action                                                           : loaded 2 times (x 68B)
Class com.google.common.collect.ImmutableEntry                                        : loaded 2 times (x 80B)
Class com.google.common.collect.Lists$StringAsImmutableList                           : loaded 2 times (x 167B)
Class com.google.common.base.CharMatcher                                              : loaded 2 times (x 109B)
Class com.google.common.base.CharMatcher$IsNot                                        : loaded 2 times (x 109B)
Class com.google.common.base.Splitter                                                 : loaded 2 times (x 70B)
Class [Lcom.google.common.cache.Weigher;                                              : loaded 2 times (x 67B)
Class com.google.common.collect.Iterators$ArrayItr                                    : loaded 2 times (x 95B)
Class com.google.common.cache.LocalCache$Segment                                      : loaded 2 times (x 152B)
Class org.gradle.api.internal.DefaultClassPathProvider                                : loaded 2 times (x 74B)
Class org.gradle.internal.installation.GradleInstallation$1                           : loaded 2 times (x 73B)
Class com.google.common.base.CharMatcher$BitSetMatcher                                : loaded 2 times (x 110B)
Class com.google.common.collect.ImmutableMap$IteratorBasedImmutableMap                : loaded 2 times (x 123B)
Class com.google.common.collect.ImmutableMap                                          : loaded 2 times (x 118B)
Class com.google.common.base.Converter                                                : loaded 2 times (x 88B)
Class com.google.common.collect.ImmutableSet$EmptySetBuilderImpl                      : loaded 2 times (x 74B)
Class com.google.common.base.Equivalence                                              : loaded 2 times (x 80B)
Class com.google.common.cache.LocalCache$EntryFactory$1                               : loaded 2 times (x 81B)
Class com.google.common.cache.LocalCache$EntryFactory$2                               : loaded 2 times (x 81B)
Class com.google.common.cache.LocalCache$EntryFactory$3                               : loaded 2 times (x 81B)
Class com.google.common.cache.LocalCache$EntryFactory$4                               : loaded 2 times (x 81B)
Class com.google.common.cache.LocalCache$EntryFactory$5                               : loaded 2 times (x 81B)
Class com.google.common.cache.LocalCache$EntryFactory$6                               : loaded 2 times (x 81B)
Class com.google.common.cache.LocalCache$EntryFactory$7                               : loaded 2 times (x 81B)
Class com.google.common.cache.LocalCache$EntryFactory$8                               : loaded 2 times (x 81B)
Class com.google.common.base.Predicate                                                : loaded 2 times (x 68B)
Class org.gradle.internal.classloader.FilteringClassLoader                            : loaded 2 times (x 103B)
Class com.google.common.collect.RegularImmutableSet                                   : loaded 2 times (x 146B)
Class [Lcom.google.common.cache.LocalCache$Strength;                                  : loaded 2 times (x 67B)
Class org.gradle.internal.classpath.DefaultClassPath$ImmutableUniqueList$Builder      : loaded 2 times (x 73B)
Class com.google.common.collect.Maps$8                                                : loaded 2 times (x 80B)
Class [Lcom.google.common.cache.CacheBuilder$NullListener;                            : loaded 2 times (x 67B)
Class com.google.common.base.PatternCompiler                                          : loaded 2 times (x 68B)
Class com.google.common.base.CharMatcher$InRange                                      : loaded 2 times (x 109B)
Class com.google.common.collect.BiMap                                                 : loaded 2 times (x 68B)
Class com.google.common.collect.Lists                                                 : loaded 2 times (x 69B)
Class com.google.common.math.IntMath$1                                                : loaded 2 times (x 69B)
Class org.gradle.internal.classloader.ClassLoaderVisitor                              : loaded 2 times (x 74B)
Class com.google.common.cache.CacheBuilder$NullListener                               : loaded 2 times (x 80B)
Class com.google.common.math.MathPreconditions                                        : loaded 2 times (x 69B)
Class org.gradle.internal.service.DefaultServiceLocator                               : loaded 2 times (x 81B)
Class org.gradle.internal.service.UnknownServiceException                             : loaded 2 times (x 81B)
Class com.google.common.collect.ArrayListMultimap                                     : loaded 2 times (x 170B)
Class com.google.common.base.Strings                                                  : loaded 2 times (x 69B)
Class com.google.common.cache.CacheLoader$InvalidCacheLoadException                   : loaded 2 times (x 80B)
Class org.gradle.internal.classloader.DefaultClassLoaderFactory                       : loaded 2 times (x 80B)
Class com.google.common.collect.UnmodifiableIterator                                  : loaded 2 times (x 78B)
Class com.google.common.base.Platform$JdkPatternCompiler                              : loaded 2 times (x 73B)
Class com.google.common.cache.LocalCache$LoadingValueReference                        : loaded 2 times (x 94B)
Class com.google.common.base.CharMatcher$SingleWidth                                  : loaded 2 times (x 110B)
Class com.google.common.collect.Hashing                                               : loaded 2 times (x 69B)
Class com.google.common.base.JdkPattern                                               : loaded 2 times (x 73B)
Class com.google.common.collect.Multimap                                              : loaded 2 times (x 68B)
Class com.google.common.base.FunctionalEquivalence                                    : loaded 2 times (x 81B)
Class com.google.common.cache.LocalCache$1                                            : loaded 2 times (x 87B)
Class com.google.common.cache.LocalCache$2                                            : loaded 2 times (x 140B)
Class com.google.common.collect.RegularImmutableBiMap                                 : loaded 2 times (x 146B)
Class org.gradle.internal.classloader.VisitableURLClassLoader$Spec                    : loaded 2 times (x 72B)
Class org.gradle.api.GradleException                                                  : loaded 2 times (x 80B)
Class com.google.common.base.CharMatcher$JavaLetterOrDigit                            : loaded 2 times (x 109B)
Class org.gradle.api.internal.classpath.ModuleRegistry                                : loaded 2 times (x 68B)
Class com.google.common.collect.ForwardingObject                                      : loaded 2 times (x 70B)
Class com.google.common.cache.CacheBuilder                                            : loaded 2 times (x 70B)
Class com.google.common.collect.ImmutableCollection                                   : loaded 2 times (x 123B)
Class com.google.common.base.PairwiseEquivalence                                      : loaded 2 times (x 81B)
Class com.google.common.base.Ticker                                                   : loaded 2 times (x 70B)
Class org.gradle.api.internal.ClassPathProvider                                       : loaded 2 times (x 68B)
Class com.google.common.collect.RegularImmutableMap$Values                            : loaded 2 times (x 167B)
Class org.gradle.internal.classloader.ClasspathUtil$1                                 : loaded 2 times (x 74B)
Class com.google.common.collect.ImmutableEnumMap                                      : loaded 2 times (x 123B)
Class com.google.common.collect.ForwardingMap                                         : loaded 2 times (x 130B)
Class com.google.common.collect.ImmutableList$ReverseImmutableList                    : loaded 2 times (x 168B)
Class com.google.common.cache.AbstractCache$StatsCounter                              : loaded 2 times (x 68B)
Class com.google.common.cache.LocalCache$Strength$1                                   : loaded 2 times (x 79B)
Class com.google.common.cache.LocalCache$Strength$2                                   : loaded 2 times (x 79B)
Class com.google.common.cache.LocalCache$Strength$3                                   : loaded 2 times (x 79B)
Class org.gradle.internal.classloader.ClassLoaderFactory                              : loaded 2 times (x 68B)
Class com.google.common.collect.ObjectArrays                                          : loaded 2 times (x 69B)
Class com.google.common.collect.Iterators$10                                          : loaded 2 times (x 79B)
Class com.google.common.collect.ImmutableList                                         : loaded 2 times (x 166B)
Class org.gradle.api.internal.classpath.ManifestUtil                                  : loaded 2 times (x 69B)
Class org.gradle.api.specs.Spec                                                       : loaded 2 times (x 68B)
Class com.google.common.cache.CacheLoader$UnsupportedLoadingOperationException        : loaded 2 times (x 80B)
Class com.google.common.base.CharMatcher$Whitespace                                   : loaded 2 times (x 110B)
Class com.google.common.collect.Iterators$1                                           : loaded 2 times (x 79B)
Class com.google.common.collect.Iterators$4                                           : loaded 2 times (x 80B)
Class com.google.common.collect.RegularImmutableMap$BucketOverflowException           : loaded 2 times (x 80B)
Class com.google.common.collect.Iterators$5                                           : loaded 2 times (x 80B)
Class com.google.common.base.Equivalence$Equals                                       : loaded 2 times (x 80B)
Class com.google.common.base.Preconditions                                            : loaded 2 times (x 69B)
Class com.google.common.base.Function                                                 : loaded 2 times (x 68B)
Class com.google.common.collect.Iterators$9                                           : loaded 2 times (x 79B)
Class org.gradle.internal.IoActions                                                   : loaded 2 times (x 69B)
Class com.google.common.cache.ReferenceEntry                                          : loaded 2 times (x 68B)
Class com.google.common.collect.RegularImmutableMap$KeySet                            : loaded 2 times (x 148B)
Class com.google.common.collect.CollectPreconditions                                  : loaded 2 times (x 69B)
Class com.google.common.collect.Maps                                                  : loaded 2 times (x 69B)
Class com.google.common.collect.RegularImmutableMap                                   : loaded 2 times (x 119B)
Class com.google.common.collect.AbstractIndexedListIterator                           : loaded 2 times (x 94B)
Class com.google.common.base.CharMatcher$None                                         : loaded 2 times (x 110B)
Class org.gradle.api.internal.classpath.EffectiveClassPath                            : loaded 2 times (x 88B)
Class com.google.common.collect.UnmodifiableListIterator                              : loaded 2 times (x 93B)
Class com.google.common.cache.CacheLoader$FunctionToCacheLoader                       : loaded 2 times (x 73B)
Class com.google.common.cache.CacheBuilder$1                                          : loaded 2 times (x 83B)
Class com.google.common.cache.CacheBuilder$2                                          : loaded 2 times (x 70B)
Class com.google.common.collect.ImmutableList$1                                       : loaded 2 times (x 95B)
Class com.google.common.base.Splitter$Strategy                                        : loaded 2 times (x 68B)
Class com.google.common.collect.ImmutableMapEntrySet$RegularEntrySet                  : loaded 2 times (x 149B)
Class [Lcom.google.common.cache.RemovalListener;                                      : loaded 2 times (x 67B)
Class [Lcom.google.common.collect.ImmutableMapEntry;                                  : loaded 2 times (x 67B)
Class org.gradle.internal.installation.CurrentGradleInstallation                      : loaded 2 times (x 71B)
Class org.gradle.internal.agents.InstrumentingClassLoader                             : loaded 2 times (x 68B)
Class org.gradle.internal.installation.CurrentGradleInstallationLocator               : loaded 2 times (x 69B)
Class [Lcom.google.common.cache.LocalCache$Segment;                                   : loaded 2 times (x 67B)
Class org.gradle.api.internal.classpath.Module                                        : loaded 2 times (x 68B)
Class com.google.common.base.Splitter$1$1                                             : loaded 2 times (x 84B)
Class com.google.common.collect.ImmutableSet$JdkBackedSetBuilderImpl                  : loaded 2 times (x 74B)
Class com.google.common.collect.ImmutableSet$RegularSetBuilderImpl                    : loaded 2 times (x 75B)
Class org.gradle.internal.service.CachingServiceLocator                               : loaded 2 times (x 80B)
Class [Lcom.google.common.collect.ImmutableEntry;                                     : loaded 2 times (x 67B)
Class org.gradle.internal.classpath.DefaultClassPath                                  : loaded 2 times (x 88B)
Class com.google.common.base.Splitter$SplittingIterator                               : loaded 2 times (x 82B)
Class com.google.common.cache.LocalCache$LocalManualCache$1                           : loaded 2 times (x 73B)
Class Build_gradle$1                                                                  : loaded 2 times (x 76B)
Class [Lcom.google.common.cache.LocalCache$EntryFactory;                              : loaded 2 times (x 67B)
Class com.google.common.base.CharMatcher$Is                                           : loaded 2 times (x 109B)
Class com.google.common.base.Platform                                                 : loaded 2 times (x 69B)
Class com.google.common.collect.RegularImmutableAsList                                : loaded 2 times (x 176B)
Class com.google.common.collect.PeekingIterator                                       : loaded 2 times (x 68B)
Class com.google.common.collect.ImmutableMapEntrySet                                  : loaded 2 times (x 149B)
Class com.google.common.cache.CacheLoader                                             : loaded 2 times (x 72B)
Class com.google.common.collect.ImmutableBiMapFauxverideShim                          : loaded 2 times (x 118B)
Class com.google.common.cache.Cache                                                   : loaded 2 times (x 68B)
Class org.gradle.internal.classloader.SystemClassLoaderSpec                           : loaded 2 times (x 69B)
Class com.google.common.collect.SingletonImmutableSet                                 : loaded 2 times (x 144B)
Class [Lcom.google.common.base.AbstractIterator$State;                                : loaded 2 times (x 67B)
Class com.google.common.collect.ImmutableMap$Builder                                  : loaded 2 times (x 80B)
Class com.google.common.base.AbstractIterator                                         : loaded 2 times (x 78B)
Class com.google.common.base.AbstractIterator$1                                       : loaded 2 times (x 69B)
Class [Lcom.google.common.cache.CacheBuilder$OneWeigher;                              : loaded 2 times (x 67B)
Class com.google.common.collect.Iterators                                             : loaded 2 times (x 69B)
Class com.google.common.base.CharMatcher$Ascii                                        : loaded 2 times (x 110B)
Class com.google.common.base.CharMatcher$1                                            : loaded 2 times (x 111B)
Class com.google.common.cache.LocalCache$ComputingValueReference                      : loaded 2 times (x 94B)
Class org.gradle.api.UncheckedIOException                                             : loaded 2 times (x 80B)
Class com.google.common.base.CharMatcher$And                                          : loaded 2 times (x 110B)
Class com.google.common.collect.IndexedImmutableSet                                   : loaded 2 times (x 148B)
Class com.google.common.collect.AbstractListMultimap                                  : loaded 2 times (x 170B)
Class com.google.common.base.CharMatcher$Any                                          : loaded 2 times (x 110B)
Class org.gradle.internal.installation.GradleInstallation                             : loaded 2 times (x 73B)
Class com.google.common.cache.LocalCache$Strength                                     : loaded 2 times (x 79B)
Class com.google.common.collect.ArrayListMultimapGwtSerializationDependencies         : loaded 2 times (x 170B)
Class com.google.common.base.CharMatcher$RangesMatcher                                : loaded 2 times (x 110B)
Class com.google.common.collect.ImmutableList$SubList                                 : loaded 2 times (x 168B)
Class com.google.common.cache.LocalCache$ValueReference                               : loaded 2 times (x 68B)
Class org.gradle.internal.classloader.ClasspathUtil                                   : loaded 2 times (x 69B)
Class com.google.common.base.Splitter$1                                               : loaded 2 times (x 75B)
Class com.google.common.base.Ticker$1                                                 : loaded 2 times (x 70B)
Class com.google.common.collect.Maps$BiMapConverter                                   : loaded 2 times (x 88B)
Class org.gradle.api.internal.DefaultClassPathRegistry                                : loaded 2 times (x 74B)
Class com.google.common.collect.ImmutableSet$SetBuilderImpl                           : loaded 2 times (x 74B)
Class org.gradle.api.internal.classpath.DefaultModuleRegistry$DefaultModule           : loaded 2 times (x 84B)
Class com.google.common.base.CharMatcher$JavaIsoControl                               : loaded 2 times (x 110B)
Class com.google.common.collect.ImmutableMap$1                                        : loaded 2 times (x 79B)
Class com.google.common.base.CharMatcher$Or                                           : loaded 2 times (x 110B)
Class org.gradle.kotlin.dsl.VersionCatalogAccessorsKt                                 : loaded 2 times (x 69B)
Class com.google.common.base.Suppliers$SupplierOfInstance                             : loaded 2 times (x 77B)
Class com.google.common.collect.Iterables                                             : loaded 2 times (x 69B)
Class com.google.common.base.CharMatcher$JavaLowerCase                                : loaded 2 times (x 109B)
Class org.gradle.api.internal.classpath.UnknownModuleException                        : loaded 2 times (x 80B)
Class com.google.common.collect.Maps$EntryTransformer                                 : loaded 2 times (x 68B)
Class com.google.common.collect.ImmutableCollection$Builder                           : loaded 2 times (x 74B)
Class com.google.common.collect.SingletonImmutableBiMap                               : loaded 2 times (x 141B)
Class com.google.common.base.CommonPattern                                            : loaded 2 times (x 72B)
Class com.google.common.base.Suppliers                                                : loaded 2 times (x 69B)
Class com.google.common.cache.LoadingCache                                            : loaded 2 times (x 68B)
Class org.gradle.internal.service.ServiceLookupException                              : loaded 2 times (x 80B)
Class org.gradle.cache.GlobalCache                                                    : loaded 2 times (x 68B)
Class com.google.common.base.CharMatcher$NegatedFastMatcher                           : loaded 2 times (x 111B)
Class [Lorg.gradle.api.internal.ClassPathProvider;                                    : loaded 2 times (x 67B)
Class org.gradle.util.internal.GUtil                                                  : loaded 2 times (x 69B)
Class com.google.common.math.IntMath                                                  : loaded 2 times (x 69B)
Class com.google.common.collect.AbstractIterator                                      : loaded 2 times (x 80B)
Class org.gradle.internal.classloader.ClassLoaderSpec                                 : loaded 2 times (x 69B)
Class com.google.common.base.NullnessCasts                                            : loaded 2 times (x 69B)
Class com.google.common.cache.LocalCache$LocalManualCache                             : loaded 2 times (x 97B)
Class com.google.common.collect.AbstractMapEntry                                      : loaded 2 times (x 79B)
Class com.google.common.base.CharMatcher$Negated                                      : loaded 2 times (x 111B)
Class com.google.common.cache.CacheLoader$1                                           : loaded 2 times (x 73B)
Class com.google.common.collect.ImmutableSet$Builder                                  : loaded 2 times (x 83B)
Class com.google.common.base.CharMatcher$ForPredicate                                 : loaded 2 times (x 110B)
Class com.google.common.collect.ImmutableMap$MapViewOfValuesAsSingletonSets           : loaded 2 times (x 123B)
Class com.google.common.base.MoreObjects                                              : loaded 2 times (x 69B)
Class com.google.common.collect.SortedMapDifference                                   : loaded 2 times (x 68B)
Class com.google.common.cache.CacheStats                                              : loaded 2 times (x 69B)
Class org.gradle.internal.classloader.VisitableURLClassLoader                         : loaded 2 times (x 115B)
Class com.google.common.cache.LocalCache$LocalLoadingCache                            : loaded 2 times (x 132B)
Class com.google.common.base.Supplier                                                 : loaded 2 times (x 68B)
Class com.google.common.collect.ImmutableBiMap                                        : loaded 2 times (x 141B)
Class org.gradle.internal.Cast                                                        : loaded 2 times (x 69B)
Class Build_gradle                                                                    : loaded 2 times (x 70B)
Class org.gradle.api.internal.ClassPathRegistry                                       : loaded 2 times (x 68B)
Class com.google.common.cache.LocalCache$EntryFactory                                 : loaded 2 times (x 81B)
Class com.google.common.util.concurrent.UncheckedExecutionException                   : loaded 2 times (x 80B)
Class com.google.common.collect.ImmutableSet                                          : loaded 2 times (x 143B)
Class org.gradle.internal.classloader.VisitableURLClassLoader$InstrumentingVisitableURLClassLoader: loaded 2 times (x 121B)
Class org.gradle.internal.classloader.ClassLoaderHierarchy                            : loaded 2 times (x 68B)
Class com.google.common.base.AbstractIterator$State                                   : loaded 2 times (x 77B)
Class com.google.common.cache.Weigher                                                 : loaded 2 times (x 68B)
Class com.google.common.base.CharMatcher$NamedFastMatcher                             : loaded 2 times (x 110B)
Class org.gradle.internal.InternalTransformer                                         : loaded 2 times (x 68B)
Class org.gradle.internal.service.ServiceLocator                                      : loaded 2 times (x 68B)
Class Settings_gradle$1                                                               : loaded 2 times (x 72B)
Class com.google.common.collect.ImmutableMapEntry                                     : loaded 2 times (x 83B)
Class com.google.common.base.CharMatcher$Invisible                                    : loaded 2 times (x 110B)
Class com.google.common.base.CharMatcher$FastMatcher                                  : loaded 2 times (x 109B)
Class org.gradle.internal.classpath.DefaultClassPath$ImmutableUniqueList              : loaded 2 times (x 159B)
Class com.google.common.base.CharMatcher$JavaLetter                                   : loaded 2 times (x 109B)
Class org.gradle.internal.classpath.TransformedClassPath                              : loaded 2 times (x 94B)
Class com.google.common.collect.MapDifference                                         : loaded 2 times (x 68B)
Class Settings_gradle                                                                 : loaded 2 times (x 126B)
Class com.google.common.collect.Platform                                              : loaded 2 times (x 69B)
Class com.google.common.collect.ImmutableAsList                                       : loaded 2 times (x 169B)
Class com.google.common.util.concurrent.ExecutionError                                : loaded 2 times (x 80B)
Class com.google.common.base.Equivalence$Identity                                     : loaded 2 times (x 80B)
Class com.google.common.base.CharMatcher$AnyOf                                        : loaded 2 times (x 110B)
Class com.google.common.base.CharMatcher$IsEither                                     : loaded 2 times (x 109B)
Class com.google.common.cache.LocalCache                                              : loaded 2 times (x 185B)
Class com.google.common.collect.RegularImmutableList                                  : loaded 2 times (x 172B)
Class com.google.common.base.CharMatcher$JavaUpperCase                                : loaded 2 times (x 109B)
Class com.google.common.collect.Multiset                                              : loaded 2 times (x 68B)
Class com.google.common.collect.ImmutableSet$CachingAsList                            : loaded 2 times (x 145B)
Class com.google.common.collect.ImmutableMapEntry$NonTerminalImmutableMapEntry        : loaded 2 times (x 83B)
Class com.google.common.collect.AbstractMapBasedMultimap                              : loaded 2 times (x 137B)


---------------  S Y S T E M  ---------------

OS:
 Windows 10 , 64 bit Build 19041 (10.0.19041.4842)
OS uptime: 2 days 5:48 hours
Hyper-V role detected

CPU: total 8 (initial active 8) (4 cores per cpu, 2 threads per core) family 6 model 142 stepping 12 microcode 0xf8, cx8, cmov, fxsr, ht, mmx, 3dnowpref, sse, sse2, sse3, ssse3, sse4.1, sse4.2, popcnt, lzcnt, tsc, tscinvbit, avx, avx2, aes, erms, clmul, bmi1, bmi2, adx, fma, vzeroupper, clflush, clflushopt, hv
Processor Information for all 8 processors :
  Max Mhz: 2112, Current Mhz: 1609, Mhz Limit: 1605

Memory: 4k page, system-wide physical 7952M (779M free)
TotalPageFile size 10000M (AvailPageFile size 98M)
current process WorkingSet (physical memory assigned to process): 338M, peak: 344M
current process commit charge ("private bytes"): 390M, peak: 484M

vm_info: OpenJDK 64-Bit Server VM (17.0.10+0--11609105) for windows-amd64 JRE (17.0.10+0--11609105), built on Mar 21 2024 19:10:56 by "androidbuild" with MS VC++ 16.10 / 16.11 (VS2019)

END.
