#
# There is insufficient memory for the Java Runtime Environment to continue.
# Native memory allocation (malloc) failed to allocate 805696 bytes for Chunk::new
# Possible reasons:
#   The system is out of physical RAM or swap space
#   The process is running with CompressedOops enabled, and the Java Heap may be blocking the growth of the native heap
# Possible solutions:
#   Reduce memory load on the system
#   Increase physical memory or swap space
#   Check if swap backing store is full
#   Decrease Java heap size (-Xmx/-Xms)
#   Decrease number of Java threads
#   Decrease Java thread stack sizes (-Xss)
#   Set larger code cache with -XX:ReservedCodeCacheSize=
#   JVM is running with Unscaled Compressed Oops mode in which the Java heap is
#     placed in the first 4GB address space. The Java Heap base address is the
#     maximum limit for the native heap growth. Please use -XX:HeapBaseMinAddress
#     to set the Java Heap base and to place the Java Heap above 4GB virtual address.
# This output file may be truncated or incomplete.
#
#  Out of Memory Error (arena.cpp:191), pid=13932, tid=7780
#
# JRE version: OpenJDK Runtime Environment (17.0.10) (build 17.0.10+0--11609105)
# Java VM: OpenJDK 64-Bit Server VM (17.0.10+0--11609105, mixed mode, tiered, compressed oops, compressed class ptrs, g1 gc, windows-amd64)
# No core dump will be written. Minidumps are not enabled by default on client versions of Windows
#

---------------  S U M M A R Y ------------

Command Line: --add-opens=java.base/java.util=ALL-UNNAMED --add-opens=java.base/java.lang=ALL-UNNAMED --add-opens=java.base/java.lang.invoke=ALL-UNNAMED --add-opens=java.prefs/java.util.prefs=ALL-UNNAMED --add-opens=java.base/java.nio.charset=ALL-UNNAMED --add-opens=java.base/java.net=ALL-UNNAMED --add-opens=java.base/java.util.concurrent.atomic=ALL-UNNAMED -Xmx2048m -Dfile.encoding=UTF-8 -Duser.country=US -Duser.language=en -Duser.variant -javaagent:C:\Users\Johaire C. Salih\.gradle\wrapper\dists\gradle-8.5-bin\5t9huq95ubn472n8rpzujfbqh\gradle-8.5\lib\agents\gradle-instrumentation-agent-8.5.jar org.gradle.launcher.daemon.bootstrap.GradleDaemon 8.5

Host: Intel(R) Core(TM) i5-10210U CPU @ 1.60GHz, 8 cores, 7G,  Windows 10 , 64 bit Build 19041 (10.0.19041.4842)
Time: Mon Dec  2 21:54:14 2024 Malay Peninsula Standard Time elapsed time: 13.534907 seconds (0d 0h 0m 13s)

---------------  T H R E A D  ---------------

Current thread (0x00000288f71b6390):  JavaThread "C2 CompilerThread2" daemon [_thread_in_native, id=7780, stack(0x000000d369800000,0x000000d369900000)]


Current CompileTask:
C2:  13534 11602       4       org.gradle.internal.component.external.model.LazyVariantBackedConfigurationMetadata$RuleAwareVariant::getAttributes (40 bytes)

Stack: [0x000000d369800000,0x000000d369900000]
Native frames: (J=compiled Java code, j=interpreted, Vv=VM code, C=native code)
V  [jvm.dll+0x688de9]
V  [jvm.dll+0x8423da]
V  [jvm.dll+0x84401e]
V  [jvm.dll+0x844683]
V  [jvm.dll+0x24be0f]
V  [jvm.dll+0xac524]
V  [jvm.dll+0xacb6c]
V  [jvm.dll+0x2b342f]
V  [jvm.dll+0x5902b7]
V  [jvm.dll+0x226452]
V  [jvm.dll+0x21f6f2]
V  [jvm.dll+0x21cdb1]
V  [jvm.dll+0x1a60ad]
V  [jvm.dll+0x22cd78]
V  [jvm.dll+0x22aeb0]
V  [jvm.dll+0x7f6877]
V  [jvm.dll+0x7f0c7a]
V  [jvm.dll+0x687c65]
C  [ucrtbase.dll+0x21bb2]
C  [KERNEL32.DLL+0x17374]
C  [ntdll.dll+0x4cc91]


---------------  P R O C E S S  ---------------

Threads class SMR info:
_java_thread_list=0x00000288f9849d50, length=112, elements={
0x00000288d419e250, 0x00000288ee16a290, 0x00000288ee16b020, 0x00000288ee1a1950,
0x00000288ee1a2480, 0x00000288ee1a2d50, 0x00000288ee1b5020, 0x00000288ee1b5c20,
0x00000288ee1b6530, 0x00000288ee1b6e40, 0x00000288edb8d420, 0x00000288ee479cc0,
0x00000288ee6a70e0, 0x00000288f3d34240, 0x00000288f3dc9060, 0x00000288f3369150,
0x00000288f483c5b0, 0x00000288f3b7aa00, 0x00000288f4c59030, 0x00000288f4c59920,
0x00000288f3379790, 0x00000288f337abd0, 0x00000288f3379ca0, 0x00000288f337cf40,
0x00000288f337a6c0, 0x00000288f337b5f0, 0x00000288f337ca30, 0x00000288f337c010,
0x00000288f337bb00, 0x00000288f337b0e0, 0x00000288f337c520, 0x00000288f30de260,
0x00000288f30e05d0, 0x00000288f30de770, 0x00000288f30dfbb0, 0x00000288f30df190,
0x00000288f30df6a0, 0x00000288f62c3db0, 0x00000288f62c5700, 0x00000288f62c00f0,
0x00000288f62c1020, 0x00000288f62c0600, 0x00000288f62c1f50, 0x00000288f62c38a0,
0x00000288f62c2460, 0x00000288f62c6630, 0x00000288f62c2970, 0x00000288f62c2e80,
0x00000288f62c3390, 0x00000288f62c42c0, 0x00000288f62c1530, 0x00000288f62c47d0,
0x00000288f62c6120, 0x00000288f62c6b40, 0x00000288f70bb9d0, 0x00000288f71b6390,
0x00000288f70bce10, 0x00000288f70ba590, 0x00000288f70ba080, 0x00000288f70baaa0,
0x00000288f30dce20, 0x00000288f30dd840, 0x00000288f337a1b0, 0x00000288fe056b10,
0x00000288fe055be0, 0x00000288fe057020, 0x00000288fe0560f0, 0x00000288fe051f20,
0x00000288fe054cb0, 0x00000288fe0556d0, 0x00000288fe050ff0, 0x00000288fe051500,
0x00000288fe0500c0, 0x00000288fe052940, 0x00000288fe054290, 0x00000288fe057a40,
0x00000288fe056600, 0x00000288fe057530, 0x00000288fe0505d0, 0x00000288fe052430,
0x00000288fe052e50, 0x00000288fe053360, 0x00000288fe053870, 0x00000288fe053d80,
0x00000288fe0547a0, 0x00000288fe0551c0, 0x00000288fe5ce360, 0x00000288fe5d0be0,
0x00000288fe5d01c0, 0x00000288fe5cfcb0, 0x00000288fe5d06d0, 0x00000288fe5cf290,
0x00000288fe5ce870, 0x00000288fe5d10f0, 0x00000288fe5d1600, 0x00000288fe5d1b10,
0x00000288fe5cf7a0, 0x00000288fe5ced80, 0x00000288f8bf0a20, 0x00000288f8bef0d0,
0x00000288f8bf0510, 0x00000288f8bee1a0, 0x00000288f8beebc0, 0x00000288f8bef5e0,
0x00000288f8bf41d0, 0x00000288f8becd60, 0x00000288f8bee6b0, 0x00000288f8bf1950,
0x00000288f8bf2880, 0x00000288f8bf1e60, 0x00000288f8bf46e0, 0x00000288f8bf2370
}

Java Threads: ( => current thread )
  0x00000288d419e250 JavaThread "main" [_thread_blocked, id=16472, stack(0x000000d366f00000,0x000000d367000000)]
  0x00000288ee16a290 JavaThread "Reference Handler" daemon [_thread_blocked, id=14372, stack(0x000000d367600000,0x000000d367700000)]
  0x00000288ee16b020 JavaThread "Finalizer" daemon [_thread_blocked, id=2864, stack(0x000000d367700000,0x000000d367800000)]
  0x00000288ee1a1950 JavaThread "Signal Dispatcher" daemon [_thread_blocked, id=10668, stack(0x000000d367800000,0x000000d367900000)]
  0x00000288ee1a2480 JavaThread "Attach Listener" daemon [_thread_blocked, id=3304, stack(0x000000d367900000,0x000000d367a00000)]
  0x00000288ee1a2d50 JavaThread "Service Thread" daemon [_thread_blocked, id=9640, stack(0x000000d367a00000,0x000000d367b00000)]
  0x00000288ee1b5020 JavaThread "Monitor Deflation Thread" daemon [_thread_blocked, id=12736, stack(0x000000d367b00000,0x000000d367c00000)]
  0x00000288ee1b5c20 JavaThread "C2 CompilerThread0" daemon [_thread_in_native, id=16640, stack(0x000000d367c00000,0x000000d367d00000)]
  0x00000288ee1b6530 JavaThread "C1 CompilerThread0" daemon [_thread_in_vm, id=12060, stack(0x000000d367d00000,0x000000d367e00000)]
  0x00000288ee1b6e40 JavaThread "Sweeper thread" daemon [_thread_blocked, id=13280, stack(0x000000d367e00000,0x000000d367f00000)]
  0x00000288edb8d420 JavaThread "Common-Cleaner" daemon [_thread_blocked, id=15648, stack(0x000000d367f00000,0x000000d368000000)]
  0x00000288ee479cc0 JavaThread "Notification Thread" daemon [_thread_blocked, id=8996, stack(0x000000d368000000,0x000000d368100000)]
  0x00000288ee6a70e0 JavaThread "C2 CompilerThread1" daemon [_thread_in_native, id=13776, stack(0x000000d368200000,0x000000d368300000)]
  0x00000288f3d34240 JavaThread "Daemon health stats" [_thread_blocked, id=6156, stack(0x000000d368800000,0x000000d368900000)]
  0x00000288f3dc9060 JavaThread "Incoming local TCP Connector on port 57923" [_thread_in_native, id=13928, stack(0x000000d368900000,0x000000d368a00000)]
  0x00000288f3369150 JavaThread "Daemon periodic checks" [_thread_blocked, id=11960, stack(0x000000d368a00000,0x000000d368b00000)]
  0x00000288f483c5b0 JavaThread "Daemon" [_thread_blocked, id=9840, stack(0x000000d368b00000,0x000000d368c00000)]
  0x00000288f3b7aa00 JavaThread "Handler for socket connection from /127.0.0.1:57923 to /127.0.0.1:57924" [_thread_in_native, id=16752, stack(0x000000d368c00000,0x000000d368d00000)]
  0x00000288f4c59030 JavaThread "Cancel handler" [_thread_blocked, id=16236, stack(0x000000d368d00000,0x000000d368e00000)]
  0x00000288f4c59920 JavaThread "Daemon worker" [_thread_blocked, id=1892, stack(0x000000d368e00000,0x000000d368f00000)]
  0x00000288f3379790 JavaThread "Asynchronous log dispatcher for DefaultDaemonConnection: socket connection from /127.0.0.1:57923 to /127.0.0.1:57924" [_thread_blocked, id=7004, stack(0x000000d368f00000,0x000000d369000000)]
  0x00000288f337abd0 JavaThread "Stdin handler" [_thread_blocked, id=3724, stack(0x000000d369000000,0x000000d369100000)]
  0x00000288f3379ca0 JavaThread "Daemon client event forwarder" [_thread_blocked, id=12936, stack(0x000000d369100000,0x000000d369200000)]
  0x00000288f337cf40 JavaThread "Cache worker for journal cache (C:\Users\Johaire C. Salih\.gradle\caches\journal-1)" [_thread_blocked, id=12744, stack(0x000000d368300000,0x000000d368400000)]
  0x00000288f337a6c0 JavaThread "File lock request listener" [_thread_in_native, id=15132, stack(0x000000d369600000,0x000000d369700000)]
  0x00000288f337b5f0 JavaThread "Cache worker for file hash cache (C:\Users\Johaire C. Salih\.gradle\caches\8.5\fileHashes)" [_thread_blocked, id=3440, stack(0x000000d369700000,0x000000d369800000)]
  0x00000288f337ca30 JavaThread "File watcher server" daemon [_thread_in_native, id=8276, stack(0x000000d369900000,0x000000d369a00000)]
  0x00000288f337c010 JavaThread "File watcher consumer" daemon [_thread_blocked, id=1172, stack(0x000000d369a00000,0x000000d369b00000)]
  0x00000288f337bb00 JavaThread "Cache worker for checksums cache (C:\Users\Johaire C. Salih\AndroidStudioProjects\TicTacToeAI\.gradle\8.5\checksums)" [_thread_blocked, id=17404, stack(0x000000d369b00000,0x000000d369c00000)]
  0x00000288f337b0e0 JavaThread "Cache worker for file hash cache (C:\Users\Johaire C. Salih\AndroidStudioProjects\TicTacToeAI\.gradle\8.5\fileHashes)" [_thread_blocked, id=11140, stack(0x000000d369c00000,0x000000d369d00000)]
  0x00000288f337c520 JavaThread "Cache worker for cache directory md-supplier (C:\Users\Johaire C. Salih\.gradle\caches\8.5\md-supplier)" [_thread_blocked, id=4900, stack(0x000000d369d00000,0x000000d369e00000)]
  0x00000288f30de260 JavaThread "Cache worker for cache directory md-rule (C:\Users\Johaire C. Salih\.gradle\caches\8.5\md-rule)" [_thread_blocked, id=9808, stack(0x000000d369e00000,0x000000d369f00000)]
  0x00000288f30e05d0 JavaThread "Cache worker for file content cache (C:\Users\Johaire C. Salih\.gradle\caches\8.5\fileContent)" [_thread_blocked, id=13644, stack(0x000000d369f00000,0x000000d36a000000)]
  0x00000288f30de770 JavaThread "Cache worker for execution history cache (C:\Users\Johaire C. Salih\.gradle\caches\8.5\executionHistory)" [_thread_blocked, id=11144, stack(0x000000d36a000000,0x000000d36a100000)]
  0x00000288f30dfbb0 JavaThread "Cache worker for kotlin-dsl (C:\Users\Johaire C. Salih\.gradle\caches\8.5\kotlin-dsl)" [_thread_blocked, id=16956, stack(0x000000d36a100000,0x000000d36a200000)]
  0x00000288f30df190 JavaThread "jar transforms" [_thread_blocked, id=16568, stack(0x000000d36a200000,0x000000d36a300000)]
  0x00000288f30df6a0 JavaThread "jar transforms Thread 2" [_thread_blocked, id=3752, stack(0x000000d36a300000,0x000000d36a400000)]
  0x00000288f62c3db0 JavaThread "jar transforms Thread 3" [_thread_blocked, id=17168, stack(0x000000d36a400000,0x000000d36a500000)]
  0x00000288f62c5700 JavaThread "jar transforms Thread 4" [_thread_blocked, id=12216, stack(0x000000d36a500000,0x000000d36a600000)]
  0x00000288f62c00f0 JavaThread "Cache worker for dependencies-accessors (C:\Users\Johaire C. Salih\AndroidStudioProjects\TicTacToeAI\.gradle\8.5\dependencies-accessors)" [_thread_blocked, id=4068, stack(0x000000d36a600000,0x000000d36a700000)]
  0x00000288f62c1020 JavaThread "Cache worker for Build Output Cleanup Cache (C:\Users\Johaire C. Salih\AndroidStudioProjects\TicTacToeAI\.gradle\buildOutputCleanup)" [_thread_blocked, id=5040, stack(0x000000d36a700000,0x000000d36a800000)]
  0x00000288f62c0600 JavaThread "jar transforms Thread 5" [_thread_blocked, id=13004, stack(0x000000d36a800000,0x000000d36a900000)]
  0x00000288f62c1f50 JavaThread "jar transforms Thread 6" [_thread_blocked, id=10776, stack(0x000000d36a900000,0x000000d36aa00000)]
  0x00000288f62c38a0 JavaThread "Unconstrained build operations" [_thread_blocked, id=1844, stack(0x000000d36aa00000,0x000000d36ab00000)]
  0x00000288f62c2460 JavaThread "Unconstrained build operations Thread 2" [_thread_blocked, id=3600, stack(0x000000d36ab00000,0x000000d36ac00000)]
  0x00000288f62c6630 JavaThread "Unconstrained build operations Thread 3" [_thread_blocked, id=3732, stack(0x000000d36ac00000,0x000000d36ad00000)]
  0x00000288f62c2970 JavaThread "Unconstrained build operations Thread 4" [_thread_blocked, id=10432, stack(0x000000d36ad00000,0x000000d36ae00000)]
  0x00000288f62c2e80 JavaThread "Unconstrained build operations Thread 5" [_thread_blocked, id=3628, stack(0x000000d36ae00000,0x000000d36af00000)]
  0x00000288f62c3390 JavaThread "Unconstrained build operations Thread 6" [_thread_blocked, id=11900, stack(0x000000d36af00000,0x000000d36b000000)]
  0x00000288f62c42c0 JavaThread "Unconstrained build operations Thread 7" [_thread_blocked, id=5268, stack(0x000000d36b000000,0x000000d36b100000)]
  0x00000288f62c1530 JavaThread "jar transforms Thread 7" [_thread_blocked, id=12792, stack(0x000000d36b100000,0x000000d36b200000)]
  0x00000288f62c47d0 JavaThread "jar transforms Thread 8" [_thread_blocked, id=11588, stack(0x000000d36b200000,0x000000d36b300000)]
  0x00000288f62c6120 JavaThread "build event listener" [_thread_blocked, id=7832, stack(0x000000d36b300000,0x000000d36b400000)]
  0x00000288f62c6b40 JavaThread "Memory manager" [_thread_blocked, id=1452, stack(0x000000d36b400000,0x000000d36b500000)]
  0x00000288f70bb9d0 JavaThread "build event listener" [_thread_blocked, id=5784, stack(0x000000d36b500000,0x000000d36b600000)]
=>0x00000288f71b6390 JavaThread "C2 CompilerThread2" daemon [_thread_in_native, id=7780, stack(0x000000d369800000,0x000000d369900000)]
  0x00000288f70bce10 JavaThread "included builds" [_thread_in_vm, id=6164, stack(0x000000d36b600000,0x000000d36b700000)]
  0x00000288f70ba590 JavaThread "Execution worker" [_thread_blocked, id=6388, stack(0x000000d36b700000,0x000000d36b800000)]
  0x00000288f70ba080 JavaThread "Execution worker Thread 2" [_thread_blocked, id=6660, stack(0x000000d36b800000,0x000000d36b900000)]
  0x00000288f70baaa0 JavaThread "Execution worker Thread 3" [_thread_blocked, id=5736, stack(0x000000d36b900000,0x000000d36ba00000)]
  0x00000288f30dce20 JavaThread "Execution worker Thread 4" [_thread_blocked, id=2596, stack(0x000000d36ba00000,0x000000d36bb00000)]
  0x00000288f30dd840 JavaThread "Execution worker Thread 5" [_thread_blocked, id=9296, stack(0x000000d36bb00000,0x000000d36bc00000)]
  0x00000288f337a1b0 JavaThread "Execution worker Thread 6" [_thread_blocked, id=3272, stack(0x000000d36bc00000,0x000000d36bd00000)]
  0x00000288fe056b10 JavaThread "Execution worker Thread 7" [_thread_blocked, id=7216, stack(0x000000d36bd00000,0x000000d36be00000)]
  0x00000288fe055be0 JavaThread "Cache worker for execution history cache (C:\Users\Johaire C. Salih\AndroidStudioProjects\TicTacToeAI\.gradle\8.5\executionHistory)" [_thread_blocked, id=4244, stack(0x000000d36be00000,0x000000d36bf00000)]
  0x00000288fe057020 JavaThread "Unconstrained build operations Thread 8" [_thread_blocked, id=1104, stack(0x000000d36bf00000,0x000000d36c000000)]
  0x00000288fe0560f0 JavaThread "Unconstrained build operations Thread 9" [_thread_blocked, id=8600, stack(0x000000d36c000000,0x000000d36c100000)]
  0x00000288fe051f20 JavaThread "Unconstrained build operations Thread 10" [_thread_blocked, id=7092, stack(0x000000d36c100000,0x000000d36c200000)]
  0x00000288fe054cb0 JavaThread "Unconstrained build operations Thread 11" [_thread_blocked, id=3100, stack(0x000000d36c200000,0x000000d36c300000)]
  0x00000288fe0556d0 JavaThread "Unconstrained build operations Thread 12" [_thread_blocked, id=12972, stack(0x000000d36c300000,0x000000d36c400000)]
  0x00000288fe050ff0 JavaThread "Unconstrained build operations Thread 13" [_thread_blocked, id=15300, stack(0x000000d36c400000,0x000000d36c500000)]
  0x00000288fe051500 JavaThread "Unconstrained build operations Thread 14" [_thread_blocked, id=14164, stack(0x000000d36c500000,0x000000d36c600000)]
  0x00000288fe0500c0 JavaThread "Unconstrained build operations Thread 15" [_thread_blocked, id=4556, stack(0x000000d36c600000,0x000000d36c700000)]
  0x00000288fe052940 JavaThread "Unconstrained build operations Thread 16" [_thread_blocked, id=5832, stack(0x000000d36c700000,0x000000d36c800000)]
  0x00000288fe054290 JavaThread "Unconstrained build operations Thread 17" [_thread_blocked, id=16056, stack(0x000000d36c800000,0x000000d36c900000)]
  0x00000288fe057a40 JavaThread "Unconstrained build operations Thread 18" [_thread_blocked, id=6508, stack(0x000000d36c900000,0x000000d36ca00000)]
  0x00000288fe056600 JavaThread "Unconstrained build operations Thread 19" [_thread_blocked, id=6864, stack(0x000000d36ca00000,0x000000d36cb00000)]
  0x00000288fe057530 JavaThread "Unconstrained build operations Thread 20" [_thread_blocked, id=8400, stack(0x000000d36cb00000,0x000000d36cc00000)]
  0x00000288fe0505d0 JavaThread "Unconstrained build operations Thread 21" [_thread_blocked, id=16704, stack(0x000000d36cc00000,0x000000d36cd00000)]
  0x00000288fe052430 JavaThread "Unconstrained build operations Thread 22" [_thread_blocked, id=8780, stack(0x000000d36cd00000,0x000000d36ce00000)]
  0x00000288fe052e50 JavaThread "Unconstrained build operations Thread 23" [_thread_blocked, id=15048, stack(0x000000d36ce00000,0x000000d36cf00000)]
  0x00000288fe053360 JavaThread "Unconstrained build operations Thread 24" [_thread_blocked, id=11940, stack(0x000000d36cf00000,0x000000d36d000000)]
  0x00000288fe053870 JavaThread "Unconstrained build operations Thread 25" [_thread_blocked, id=11360, stack(0x000000d36d000000,0x000000d36d100000)]
  0x00000288fe053d80 JavaThread "Unconstrained build operations Thread 26" [_thread_blocked, id=16400, stack(0x000000d36d100000,0x000000d36d200000)]
  0x00000288fe0547a0 JavaThread "Unconstrained build operations Thread 27" [_thread_blocked, id=15304, stack(0x000000d36d200000,0x000000d36d300000)]
  0x00000288fe0551c0 JavaThread "Unconstrained build operations Thread 28" [_thread_blocked, id=6228, stack(0x000000d36d300000,0x000000d36d400000)]
  0x00000288fe5ce360 JavaThread "Unconstrained build operations Thread 29" [_thread_blocked, id=10860, stack(0x000000d36d400000,0x000000d36d500000)]
  0x00000288fe5d0be0 JavaThread "Unconstrained build operations Thread 30" [_thread_blocked, id=11548, stack(0x000000d36d500000,0x000000d36d600000)]
  0x00000288fe5d01c0 JavaThread "Unconstrained build operations Thread 31" [_thread_blocked, id=9448, stack(0x000000d36d600000,0x000000d36d700000)]
  0x00000288fe5cfcb0 JavaThread "Unconstrained build operations Thread 32" [_thread_blocked, id=15112, stack(0x000000d36d700000,0x000000d36d800000)]
  0x00000288fe5d06d0 JavaThread "Unconstrained build operations Thread 33" [_thread_blocked, id=9960, stack(0x000000d36d800000,0x000000d36d900000)]
  0x00000288fe5cf290 JavaThread "Unconstrained build operations Thread 34" [_thread_blocked, id=15512, stack(0x000000d36d900000,0x000000d36da00000)]
  0x00000288fe5ce870 JavaThread "Unconstrained build operations Thread 35" [_thread_blocked, id=6824, stack(0x000000d36da00000,0x000000d36db00000)]
  0x00000288fe5d10f0 JavaThread "Unconstrained build operations Thread 36" [_thread_blocked, id=11640, stack(0x000000d36db00000,0x000000d36dc00000)]
  0x00000288fe5d1600 JavaThread "Unconstrained build operations Thread 37" [_thread_blocked, id=14112, stack(0x000000d36dc00000,0x000000d36dd00000)]
  0x00000288fe5d1b10 JavaThread "Unconstrained build operations Thread 38" [_thread_blocked, id=15780, stack(0x000000d36dd00000,0x000000d36de00000)]
  0x00000288fe5cf7a0 JavaThread "Unconstrained build operations Thread 39" [_thread_blocked, id=5004, stack(0x000000d36de00000,0x000000d36df00000)]
  0x00000288fe5ced80 JavaThread "Unconstrained build operations Thread 40" [_thread_blocked, id=9080, stack(0x000000d36df00000,0x000000d36e000000)]
  0x00000288f8bf0a20 JavaThread "Unconstrained build operations Thread 41" [_thread_blocked, id=7420, stack(0x000000d36e000000,0x000000d36e100000)]
  0x00000288f8bef0d0 JavaThread "Unconstrained build operations Thread 42" [_thread_blocked, id=508, stack(0x000000d36e100000,0x000000d36e200000)]
  0x00000288f8bf0510 JavaThread "Unconstrained build operations Thread 43" [_thread_blocked, id=15056, stack(0x000000d36e200000,0x000000d36e300000)]
  0x00000288f8bee1a0 JavaThread "Unconstrained build operations Thread 44" [_thread_blocked, id=16464, stack(0x000000d36e300000,0x000000d36e400000)]
  0x00000288f8beebc0 JavaThread "Unconstrained build operations Thread 45" [_thread_blocked, id=14520, stack(0x000000d36e400000,0x000000d36e500000)]
  0x00000288f8bef5e0 JavaThread "Unconstrained build operations Thread 46" [_thread_blocked, id=732, stack(0x000000d36e500000,0x000000d36e600000)]
  0x00000288f8bf41d0 JavaThread "Unconstrained build operations Thread 47" [_thread_blocked, id=8076, stack(0x000000d36e600000,0x000000d36e700000)]
  0x00000288f8becd60 JavaThread "Unconstrained build operations Thread 48" [_thread_blocked, id=11968, stack(0x000000d36e700000,0x000000d36e800000)]
  0x00000288f8bee6b0 JavaThread "Unconstrained build operations Thread 49" [_thread_blocked, id=15644, stack(0x000000d36e800000,0x000000d36e900000)]
  0x00000288f8bf1950 JavaThread "Unconstrained build operations Thread 50" [_thread_blocked, id=14820, stack(0x000000d36e900000,0x000000d36ea00000)]
  0x00000288f8bf2880 JavaThread "Unconstrained build operations Thread 51" [_thread_blocked, id=15856, stack(0x000000d36ea00000,0x000000d36eb00000)]
  0x00000288f8bf1e60 JavaThread "Unconstrained build operations Thread 52" [_thread_blocked, id=1636, stack(0x000000d36eb00000,0x000000d36ec00000)]
  0x00000288f8bf46e0 JavaThread "Unconstrained build operations Thread 53" [_thread_blocked, id=13256, stack(0x000000d36ec00000,0x000000d36ed00000)]
  0x00000288f8bf2370 JavaThread "Unconstrained build operations Thread 54" [_thread_blocked, id=3828, stack(0x000000d36ed00000,0x000000d36ee00000)]

Other Threads:
  0x00000288edbedc70 VMThread "VM Thread" [stack: 0x000000d367500000,0x000000d367600000] [id=1712]
  0x00000288d419f120 WatcherThread [stack: 0x000000d368100000,0x000000d368200000] [id=7368]
  0x00000288d41fc2c0 GCTaskThread "GC Thread#0" [stack: 0x000000d367000000,0x000000d367100000] [id=1312]
  0x00000288f32127c0 GCTaskThread "GC Thread#1" [stack: 0x000000d368400000,0x000000d368500000] [id=3756]
  0x00000288f3212a80 GCTaskThread "GC Thread#2" [stack: 0x000000d368500000,0x000000d368600000] [id=15124]
  0x00000288f3bd6500 GCTaskThread "GC Thread#3" [stack: 0x000000d368600000,0x000000d368700000] [id=12876]
  0x00000288f4134500 GCTaskThread "GC Thread#4" [stack: 0x000000d368700000,0x000000d368800000] [id=16576]
  0x00000288f49bb720 GCTaskThread "GC Thread#5" [stack: 0x000000d369200000,0x000000d369300000] [id=8752]
  0x00000288f4bb3030 GCTaskThread "GC Thread#6" [stack: 0x000000d369300000,0x000000d369400000] [id=12232]
  0x00000288f4ee6ec0 GCTaskThread "GC Thread#7" [stack: 0x000000d369400000,0x000000d369500000] [id=4140]
  0x00000288d420d120 ConcurrentGCThread "G1 Main Marker" [stack: 0x000000d367100000,0x000000d367200000] [id=5584]
  0x00000288d420e1f0 ConcurrentGCThread "G1 Conc#0" [stack: 0x000000d367200000,0x000000d367300000] [id=4020]
  0x00000288f499aec0 ConcurrentGCThread "G1 Conc#1" [stack: 0x000000d369500000,0x000000d369600000] [id=15900]
  0x00000288eda57db0 ConcurrentGCThread "G1 Refine#0" [stack: 0x000000d367300000,0x000000d367400000] [id=16352]
  0x00000288eda586f0 ConcurrentGCThread "G1 Service" [stack: 0x000000d367400000,0x000000d367500000] [id=3032]

Threads with active compile tasks:
C2 CompilerThread0    13555 11692       4       org.gradle.internal.file.FileHierarchySet$Node::contains (101 bytes)
C1 CompilerThread0    13556 11722       3       java.io.ObjectStreamClass::getReflector (100 bytes)
C2 CompilerThread1    13556 11641       4       org.gradle.internal.serialize.kryo.StringDeduplicatingKryoBackedEncoder::writeNullableString (114 bytes)
C2 CompilerThread2    13556 11602       4       org.gradle.internal.component.external.model.LazyVariantBackedConfigurationMetadata$RuleAwareVariant::getAttributes (40 bytes)

VM state: not at safepoint (normal execution)

VM Mutex/Monitor currently owned by a thread:  ([mutex/lock_event])
[0x00000288d202b840] Metaspace_lock - owner thread: 0x00000288ee1b6530
[0x00000288d419af40] MethodData_lock - owner thread: 0x00000288ee1b6530

OutOfMemory and StackOverflow Exception counts:
OutOfMemoryError java_heap_errors=1
LinkageErrors=180

Heap address: 0x0000000080000000, size: 2048 MB, Compressed Oops mode: 32-bit

CDS archive(s) not mapped
Compressed class space mapped at: 0x0000000100000000-0x0000000140000000, reserved size: 1073741824
Narrow klass base: 0x0000000000000000, Narrow klass shift: 3, Narrow klass range: 0x140000000

GC Precious Log:
 CPUs: 8 total, 8 available
 Memory: 7952M
 Large Page Support: Disabled
 NUMA Support: Disabled
 Compressed Oops: Enabled (32-bit)
 Heap Region Size: 1M
 Heap Min Capacity: 8M
 Heap Initial Capacity: 126M
 Heap Max Capacity: 2G
 Pre-touch: Disabled
 Parallel Workers: 8
 Concurrent Workers: 2
 Concurrent Refinement Workers: 8
 Periodic GC: Disabled

Heap:
 garbage-first heap   total 174080K, used 102583K [0x0000000080000000, 0x0000000100000000)
  region size 1024K, 8 young (8192K), 3 survivors (3072K)
 Metaspace       used 100348K, committed 101056K, reserved 1179648K
  class space    used 14067K, committed 14400K, reserved 1048576K

Heap Regions: E=young(eden), S=young(survivor), O=old, HS=humongous(starts), HC=humongous(continues), CS=collection set, F=free, OA=open archive, CA=closed archive, TAMS=top-at-mark-start (previous, next)
|   0|0x0000000080000000, 0x0000000080100000, 0x0000000080100000|100%|HS|  |TAMS 0x0000000080100000, 0x0000000080000000| Complete 
|   1|0x0000000080100000, 0x0000000080200000, 0x0000000080200000|100%|HC|  |TAMS 0x0000000080200000, 0x0000000080100000| Complete 
|   2|0x0000000080200000, 0x0000000080300000, 0x0000000080300000|100%|HC|  |TAMS 0x0000000080300000, 0x0000000080200000| Complete 
|   3|0x0000000080300000, 0x0000000080400000, 0x0000000080400000|100%|HC|  |TAMS 0x0000000080400000, 0x0000000080300000| Complete 
|   4|0x0000000080400000, 0x0000000080500000, 0x0000000080500000|100%| O|  |TAMS 0x0000000080500000, 0x0000000080400000| Untracked 
|   5|0x0000000080500000, 0x0000000080600000, 0x0000000080600000|100%| O|  |TAMS 0x0000000080600000, 0x0000000080500000| Untracked 
|   6|0x0000000080600000, 0x0000000080700000, 0x0000000080700000|100%| O|  |TAMS 0x0000000080700000, 0x0000000080600000| Untracked 
|   7|0x0000000080700000, 0x0000000080800000, 0x0000000080800000|100%| O|  |TAMS 0x0000000080800000, 0x0000000080700000| Untracked 
|   8|0x0000000080800000, 0x0000000080900000, 0x0000000080900000|100%| O|  |TAMS 0x0000000080900000, 0x0000000080800000| Untracked 
|   9|0x0000000080900000, 0x0000000080a00000, 0x0000000080a00000|100%| O|  |TAMS 0x0000000080a00000, 0x0000000080900000| Untracked 
|  10|0x0000000080a00000, 0x0000000080a75c00, 0x0000000080b00000| 45%| O|  |TAMS 0x0000000080a75c00, 0x0000000080a00000| Complete 
|  11|0x0000000080b00000, 0x0000000080c00000, 0x0000000080c00000|100%| O|  |TAMS 0x0000000080c00000, 0x0000000080b00000| Untracked 
|  12|0x0000000080c00000, 0x0000000080d00000, 0x0000000080d00000|100%| O|  |TAMS 0x0000000080d00000, 0x0000000080c00000| Untracked 
|  13|0x0000000080d00000, 0x0000000080e00000, 0x0000000080e00000|100%| O|  |TAMS 0x0000000080e00000, 0x0000000080d00000| Untracked 
|  14|0x0000000080e00000, 0x0000000080f00000, 0x0000000080f00000|100%| O|  |TAMS 0x0000000080f00000, 0x0000000080e00000| Untracked 
|  15|0x0000000080f00000, 0x0000000081000000, 0x0000000081000000|100%| O|  |TAMS 0x0000000081000000, 0x0000000080f00000| Untracked 
|  16|0x0000000081000000, 0x0000000081100000, 0x0000000081100000|100%| O|  |TAMS 0x0000000081100000, 0x0000000081000000| Untracked 
|  17|0x0000000081100000, 0x0000000081200000, 0x0000000081200000|100%| O|  |TAMS 0x0000000081200000, 0x0000000081100000| Untracked 
|  18|0x0000000081200000, 0x0000000081300000, 0x0000000081300000|100%| O|  |TAMS 0x0000000081300000, 0x0000000081200000| Untracked 
|  19|0x0000000081300000, 0x0000000081400000, 0x0000000081400000|100%| O|  |TAMS 0x0000000081400000, 0x0000000081300000| Untracked 
|  20|0x0000000081400000, 0x0000000081500000, 0x0000000081500000|100%| O|  |TAMS 0x0000000081500000, 0x0000000081400000| Untracked 
|  21|0x0000000081500000, 0x0000000081600000, 0x0000000081600000|100%| O|  |TAMS 0x0000000081600000, 0x0000000081500000| Untracked 
|  22|0x0000000081600000, 0x0000000081700000, 0x0000000081700000|100%| O|  |TAMS 0x0000000081700000, 0x0000000081600000| Untracked 
|  23|0x0000000081700000, 0x0000000081800000, 0x0000000081800000|100%| O|  |TAMS 0x0000000081800000, 0x0000000081700000| Untracked 
|  24|0x0000000081800000, 0x0000000081900000, 0x0000000081900000|100%| O|  |TAMS 0x0000000081900000, 0x0000000081800000| Untracked 
|  25|0x0000000081900000, 0x0000000081a00000, 0x0000000081a00000|100%| O|  |TAMS 0x0000000081a00000, 0x0000000081900000| Untracked 
|  26|0x0000000081a00000, 0x0000000081b00000, 0x0000000081b00000|100%| O|  |TAMS 0x0000000081b00000, 0x0000000081a00000| Untracked 
|  27|0x0000000081b00000, 0x0000000081c00000, 0x0000000081c00000|100%| O|  |TAMS 0x0000000081c00000, 0x0000000081b00000| Untracked 
|  28|0x0000000081c00000, 0x0000000081d00000, 0x0000000081d00000|100%| O|  |TAMS 0x0000000081d00000, 0x0000000081c00000| Untracked 
|  29|0x0000000081d00000, 0x0000000081e00000, 0x0000000081e00000|100%| O|  |TAMS 0x0000000081e00000, 0x0000000081d00000| Untracked 
|  30|0x0000000081e00000, 0x0000000081f00000, 0x0000000081f00000|100%| O|  |TAMS 0x0000000081f00000, 0x0000000081e00000| Untracked 
|  31|0x0000000081f00000, 0x0000000082000000, 0x0000000082000000|100%| O|  |TAMS 0x0000000082000000, 0x0000000081f00000| Untracked 
|  32|0x0000000082000000, 0x0000000082100000, 0x0000000082100000|100%|HS|  |TAMS 0x0000000082100000, 0x0000000082000000| Complete 
|  33|0x0000000082100000, 0x0000000082200000, 0x0000000082200000|100%|HS|  |TAMS 0x0000000082200000, 0x0000000082100000| Complete 
|  34|0x0000000082200000, 0x0000000082300000, 0x0000000082300000|100%|HS|  |TAMS 0x0000000082300000, 0x0000000082200000| Complete 
|  35|0x0000000082300000, 0x0000000082400000, 0x0000000082400000|100%|HC|  |TAMS 0x0000000082400000, 0x0000000082300000| Complete 
|  36|0x0000000082400000, 0x0000000082500000, 0x0000000082500000|100%|HS|  |TAMS 0x0000000082500000, 0x0000000082400000| Complete 
|  37|0x0000000082500000, 0x0000000082600000, 0x0000000082600000|100%|HC|  |TAMS 0x0000000082600000, 0x0000000082500000| Complete 
|  38|0x0000000082600000, 0x0000000082700000, 0x0000000082700000|100%| O|  |TAMS 0x0000000082700000, 0x0000000082600000| Untracked 
|  39|0x0000000082700000, 0x0000000082800000, 0x0000000082800000|100%| O|  |TAMS 0x0000000082800000, 0x0000000082700000| Untracked 
|  40|0x0000000082800000, 0x0000000082900000, 0x0000000082900000|100%| O|  |TAMS 0x0000000082900000, 0x0000000082800000| Untracked 
|  41|0x0000000082900000, 0x0000000082a00000, 0x0000000082a00000|100%| O|  |TAMS 0x0000000082a00000, 0x0000000082900000| Untracked 
|  42|0x0000000082a00000, 0x0000000082b00000, 0x0000000082b00000|100%|HS|  |TAMS 0x0000000082b00000, 0x0000000082a00000| Complete 
|  43|0x0000000082b00000, 0x0000000082c00000, 0x0000000082c00000|100%| O|  |TAMS 0x0000000082c00000, 0x0000000082b00000| Untracked 
|  44|0x0000000082c00000, 0x0000000082d00000, 0x0000000082d00000|100%| O|  |TAMS 0x0000000082d00000, 0x0000000082c00000| Untracked 
|  45|0x0000000082d00000, 0x0000000082e00000, 0x0000000082e00000|100%| O|  |TAMS 0x0000000082e00000, 0x0000000082d00000| Untracked 
|  46|0x0000000082e00000, 0x0000000082f00000, 0x0000000082f00000|100%|HS|  |TAMS 0x0000000082f00000, 0x0000000082e00000| Complete 
|  47|0x0000000082f00000, 0x0000000083000000, 0x0000000083000000|100%|HC|  |TAMS 0x0000000083000000, 0x0000000082f00000| Complete 
|  48|0x0000000083000000, 0x0000000083100000, 0x0000000083100000|100%|HC|  |TAMS 0x0000000083100000, 0x0000000083000000| Complete 
|  49|0x0000000083100000, 0x0000000083200000, 0x0000000083200000|100%|HC|  |TAMS 0x0000000083200000, 0x0000000083100000| Complete 
|  50|0x0000000083200000, 0x0000000083300000, 0x0000000083300000|100%| O|  |TAMS 0x0000000083300000, 0x0000000083200000| Untracked 
|  51|0x0000000083300000, 0x0000000083400000, 0x0000000083400000|100%| O|  |TAMS 0x0000000083400000, 0x0000000083300000| Untracked 
|  52|0x0000000083400000, 0x0000000083500000, 0x0000000083500000|100%|HS|  |TAMS 0x0000000083500000, 0x0000000083400000| Complete 
|  53|0x0000000083500000, 0x0000000083600000, 0x0000000083600000|100%| O|  |TAMS 0x0000000083600000, 0x0000000083500000| Untracked 
|  54|0x0000000083600000, 0x0000000083700000, 0x0000000083700000|100%| O|  |TAMS 0x0000000083700000, 0x0000000083600000| Untracked 
|  55|0x0000000083700000, 0x0000000083800000, 0x0000000083800000|100%| O|  |TAMS 0x0000000083800000, 0x0000000083700000| Untracked 
|  56|0x0000000083800000, 0x0000000083900000, 0x0000000083900000|100%| O|  |TAMS 0x0000000083900000, 0x0000000083800000| Untracked 
|  57|0x0000000083900000, 0x0000000083a00000, 0x0000000083a00000|100%| O|  |TAMS 0x0000000083a00000, 0x0000000083900000| Untracked 
|  58|0x0000000083a00000, 0x0000000083b00000, 0x0000000083b00000|100%|HS|  |TAMS 0x0000000083b00000, 0x0000000083a00000| Complete 
|  59|0x0000000083b00000, 0x0000000083c00000, 0x0000000083c00000|100%| O|  |TAMS 0x0000000083c00000, 0x0000000083b00000| Untracked 
|  60|0x0000000083c00000, 0x0000000083d00000, 0x0000000083d00000|100%| O|  |TAMS 0x0000000083d00000, 0x0000000083c00000| Untracked 
|  61|0x0000000083d00000, 0x0000000083e00000, 0x0000000083e00000|100%| O|  |TAMS 0x0000000083e00000, 0x0000000083d00000| Untracked 
|  62|0x0000000083e00000, 0x0000000083f00000, 0x0000000083f00000|100%| O|  |TAMS 0x0000000083f00000, 0x0000000083e00000| Untracked 
|  63|0x0000000083f00000, 0x0000000084000000, 0x0000000084000000|100%| O|  |TAMS 0x0000000084000000, 0x0000000083f00000| Untracked 
|  64|0x0000000084000000, 0x0000000084100000, 0x0000000084100000|100%| O|  |TAMS 0x0000000084100000, 0x0000000084000000| Untracked 
|  65|0x0000000084100000, 0x0000000084200000, 0x0000000084200000|100%| O|  |TAMS 0x0000000084200000, 0x0000000084100000| Untracked 
|  66|0x0000000084200000, 0x0000000084300000, 0x0000000084300000|100%| O|  |TAMS 0x0000000084300000, 0x0000000084200000| Untracked 
|  67|0x0000000084300000, 0x0000000084400000, 0x0000000084400000|100%| O|  |TAMS 0x0000000084400000, 0x0000000084300000| Untracked 
|  68|0x0000000084400000, 0x0000000084500000, 0x0000000084500000|100%|HS|  |TAMS 0x0000000084500000, 0x0000000084400000| Complete 
|  69|0x0000000084500000, 0x0000000084600000, 0x0000000084600000|100%|HC|  |TAMS 0x0000000084600000, 0x0000000084500000| Complete 
|  70|0x0000000084600000, 0x0000000084700000, 0x0000000084700000|100%|HC|  |TAMS 0x0000000084700000, 0x0000000084600000| Complete 
|  71|0x0000000084700000, 0x0000000084800000, 0x0000000084800000|100%|HC|  |TAMS 0x0000000084800000, 0x0000000084700000| Complete 
|  72|0x0000000084800000, 0x0000000084900000, 0x0000000084900000|100%| O|  |TAMS 0x0000000084900000, 0x0000000084800000| Untracked 
|  73|0x0000000084900000, 0x0000000084a00000, 0x0000000084a00000|100%| O|  |TAMS 0x0000000084a00000, 0x0000000084900000| Untracked 
|  74|0x0000000084a00000, 0x0000000084b00000, 0x0000000084b00000|100%| O|  |TAMS 0x0000000084b00000, 0x0000000084a00000| Untracked 
|  75|0x0000000084b00000, 0x0000000084c00000, 0x0000000084c00000|100%| O|  |TAMS 0x0000000084c00000, 0x0000000084b00000| Untracked 
|  76|0x0000000084c00000, 0x0000000084d00000, 0x0000000084d00000|100%| O|  |TAMS 0x0000000084d00000, 0x0000000084c00000| Untracked 
|  77|0x0000000084d00000, 0x0000000084e00000, 0x0000000084e00000|100%| O|  |TAMS 0x0000000084e00000, 0x0000000084d00000| Untracked 
|  78|0x0000000084e00000, 0x0000000084f00000, 0x0000000084f00000|100%| O|  |TAMS 0x0000000084f00000, 0x0000000084e00000| Untracked 
|  79|0x0000000084f00000, 0x0000000085000000, 0x0000000085000000|100%| O|  |TAMS 0x0000000085000000, 0x0000000084f00000| Untracked 
|  80|0x0000000085000000, 0x0000000085100000, 0x0000000085100000|100%| O|  |TAMS 0x0000000085100000, 0x0000000085000000| Untracked 
|  81|0x0000000085100000, 0x0000000085200000, 0x0000000085200000|100%| O|  |TAMS 0x0000000085200000, 0x0000000085100000| Untracked 
|  82|0x0000000085200000, 0x0000000085300000, 0x0000000085300000|100%| O|  |TAMS 0x0000000085300000, 0x0000000085200000| Untracked 
|  83|0x0000000085300000, 0x0000000085400000, 0x0000000085400000|100%| O|  |TAMS 0x0000000085400000, 0x0000000085300000| Untracked 
|  84|0x0000000085400000, 0x0000000085500000, 0x0000000085500000|100%| O|  |TAMS 0x00000000854cb000, 0x0000000085400000| Untracked 
|  85|0x0000000085500000, 0x0000000085600000, 0x0000000085600000|100%| O|  |TAMS 0x0000000085500000, 0x0000000085500000| Untracked 
|  86|0x0000000085600000, 0x0000000085700000, 0x0000000085700000|100%| O|  |TAMS 0x0000000085600000, 0x0000000085600000| Untracked 
|  87|0x0000000085700000, 0x0000000085800000, 0x0000000085800000|100%| O|  |TAMS 0x0000000085700000, 0x0000000085700000| Untracked 
|  88|0x0000000085800000, 0x0000000085900000, 0x0000000085900000|100%| O|  |TAMS 0x0000000085800000, 0x0000000085800000| Untracked 
|  89|0x0000000085900000, 0x0000000085a00000, 0x0000000085a00000|100%| O|  |TAMS 0x0000000085900000, 0x0000000085900000| Untracked 
|  90|0x0000000085a00000, 0x0000000085b00000, 0x0000000085b00000|100%| O|  |TAMS 0x0000000085a00000, 0x0000000085a00000| Untracked 
|  91|0x0000000085b00000, 0x0000000085c00000, 0x0000000085c00000|100%| O|  |TAMS 0x0000000085b00000, 0x0000000085b00000| Untracked 
|  92|0x0000000085c00000, 0x0000000085d00000, 0x0000000085d00000|100%| O|  |TAMS 0x0000000085c00000, 0x0000000085c00000| Untracked 
|  93|0x0000000085d00000, 0x0000000085e00000, 0x0000000085e00000|100%| O|  |TAMS 0x0000000085d00000, 0x0000000085d00000| Untracked 
|  94|0x0000000085e00000, 0x0000000085eb8000, 0x0000000085f00000| 71%| O|  |TAMS 0x0000000085e00000, 0x0000000085e00000| Untracked 
|  95|0x0000000085f00000, 0x0000000085f00000, 0x0000000086000000|  0%| F|  |TAMS 0x0000000085f00000, 0x0000000085f00000| Untracked 
|  96|0x0000000086000000, 0x0000000086000000, 0x0000000086100000|  0%| F|  |TAMS 0x0000000086000000, 0x0000000086000000| Untracked 
|  97|0x0000000086100000, 0x0000000086100000, 0x0000000086200000|  0%| F|  |TAMS 0x0000000086100000, 0x0000000086100000| Untracked 
|  98|0x0000000086200000, 0x0000000086200000, 0x0000000086300000|  0%| F|  |TAMS 0x0000000086200000, 0x0000000086200000| Untracked 
|  99|0x0000000086300000, 0x0000000086300000, 0x0000000086400000|  0%| F|  |TAMS 0x0000000086300000, 0x0000000086300000| Untracked 
| 100|0x0000000086400000, 0x0000000086400000, 0x0000000086500000|  0%| F|  |TAMS 0x0000000086400000, 0x0000000086400000| Untracked 
| 101|0x0000000086500000, 0x0000000086500000, 0x0000000086600000|  0%| F|  |TAMS 0x0000000086500000, 0x0000000086500000| Untracked 
| 102|0x0000000086600000, 0x0000000086600000, 0x0000000086700000|  0%| F|  |TAMS 0x0000000086600000, 0x0000000086600000| Untracked 
| 103|0x0000000086700000, 0x0000000086700000, 0x0000000086800000|  0%| F|  |TAMS 0x0000000086700000, 0x0000000086700000| Untracked 
| 104|0x0000000086800000, 0x0000000086800000, 0x0000000086900000|  0%| F|  |TAMS 0x0000000086800000, 0x0000000086800000| Untracked 
| 105|0x0000000086900000, 0x0000000086900000, 0x0000000086a00000|  0%| F|  |TAMS 0x0000000086900000, 0x0000000086900000| Untracked 
| 106|0x0000000086a00000, 0x0000000086a00000, 0x0000000086b00000|  0%| F|  |TAMS 0x0000000086a00000, 0x0000000086a00000| Untracked 
| 107|0x0000000086b00000, 0x0000000086b00000, 0x0000000086c00000|  0%| F|  |TAMS 0x0000000086b00000, 0x0000000086b00000| Untracked 
| 108|0x0000000086c00000, 0x0000000086c00000, 0x0000000086d00000|  0%| F|  |TAMS 0x0000000086c00000, 0x0000000086c00000| Untracked 
| 109|0x0000000086d00000, 0x0000000086d00000, 0x0000000086e00000|  0%| F|  |TAMS 0x0000000086d00000, 0x0000000086d00000| Untracked 
| 110|0x0000000086e00000, 0x0000000086e00000, 0x0000000086f00000|  0%| F|  |TAMS 0x0000000086e00000, 0x0000000086e00000| Untracked 
| 111|0x0000000086f00000, 0x0000000086f00000, 0x0000000087000000|  0%| F|  |TAMS 0x0000000086f00000, 0x0000000086f00000| Untracked 
| 112|0x0000000087000000, 0x0000000087000000, 0x0000000087100000|  0%| F|  |TAMS 0x0000000087000000, 0x0000000087000000| Untracked 
| 113|0x0000000087100000, 0x0000000087100000, 0x0000000087200000|  0%| F|  |TAMS 0x0000000087100000, 0x0000000087100000| Untracked 
| 114|0x0000000087200000, 0x0000000087200000, 0x0000000087300000|  0%| F|  |TAMS 0x0000000087200000, 0x0000000087200000| Untracked 
| 115|0x0000000087300000, 0x0000000087300000, 0x0000000087400000|  0%| F|  |TAMS 0x0000000087300000, 0x0000000087300000| Untracked 
| 116|0x0000000087400000, 0x0000000087400000, 0x0000000087500000|  0%| F|  |TAMS 0x0000000087400000, 0x0000000087400000| Untracked 
| 117|0x0000000087500000, 0x0000000087500000, 0x0000000087600000|  0%| F|  |TAMS 0x0000000087500000, 0x0000000087500000| Untracked 
| 118|0x0000000087600000, 0x0000000087600000, 0x0000000087700000|  0%| F|  |TAMS 0x0000000087600000, 0x0000000087600000| Untracked 
| 119|0x0000000087700000, 0x0000000087700000, 0x0000000087800000|  0%| F|  |TAMS 0x0000000087700000, 0x0000000087700000| Untracked 
| 120|0x0000000087800000, 0x0000000087800000, 0x0000000087900000|  0%| F|  |TAMS 0x0000000087800000, 0x0000000087800000| Untracked 
| 121|0x0000000087900000, 0x0000000087900000, 0x0000000087a00000|  0%| F|  |TAMS 0x0000000087900000, 0x0000000087900000| Untracked 
| 122|0x0000000087a00000, 0x0000000087a00000, 0x0000000087b00000|  0%| F|  |TAMS 0x0000000087a00000, 0x0000000087a00000| Untracked 
| 123|0x0000000087b00000, 0x0000000087b00000, 0x0000000087c00000|  0%| F|  |TAMS 0x0000000087b00000, 0x0000000087b00000| Untracked 
| 124|0x0000000087c00000, 0x0000000087c00000, 0x0000000087d00000|  0%| F|  |TAMS 0x0000000087c00000, 0x0000000087c00000| Untracked 
| 125|0x0000000087d00000, 0x0000000087d00000, 0x0000000087e00000|  0%| F|  |TAMS 0x0000000087d00000, 0x0000000087d00000| Untracked 
| 126|0x0000000087e00000, 0x0000000087e00000, 0x0000000087f00000|  0%| F|  |TAMS 0x0000000087e00000, 0x0000000087e00000| Untracked 
| 127|0x0000000087f00000, 0x0000000087f00000, 0x0000000088000000|  0%| F|  |TAMS 0x0000000087f00000, 0x0000000087f00000| Untracked 
| 128|0x0000000088000000, 0x0000000088000000, 0x0000000088100000|  0%| F|  |TAMS 0x0000000088000000, 0x0000000088000000| Untracked 
| 129|0x0000000088100000, 0x0000000088200000, 0x0000000088200000|100%| S|CS|TAMS 0x0000000088100000, 0x0000000088100000| Complete 
| 130|0x0000000088200000, 0x0000000088300000, 0x0000000088300000|100%| S|CS|TAMS 0x0000000088200000, 0x0000000088200000| Complete 
| 131|0x0000000088300000, 0x0000000088400000, 0x0000000088400000|100%| S|CS|TAMS 0x0000000088300000, 0x0000000088300000| Complete 
| 132|0x0000000088400000, 0x0000000088400000, 0x0000000088500000|  0%| F|  |TAMS 0x0000000088400000, 0x0000000088400000| Untracked 
| 133|0x0000000088500000, 0x0000000088500000, 0x0000000088600000|  0%| F|  |TAMS 0x0000000088500000, 0x0000000088500000| Untracked 
| 134|0x0000000088600000, 0x0000000088600000, 0x0000000088700000|  0%| F|  |TAMS 0x0000000088600000, 0x0000000088600000| Untracked 
| 135|0x0000000088700000, 0x0000000088700000, 0x0000000088800000|  0%| F|  |TAMS 0x0000000088700000, 0x0000000088700000| Untracked 
| 136|0x0000000088800000, 0x0000000088800000, 0x0000000088900000|  0%| F|  |TAMS 0x0000000088800000, 0x0000000088800000| Untracked 
| 137|0x0000000088900000, 0x0000000088900000, 0x0000000088a00000|  0%| F|  |TAMS 0x0000000088900000, 0x0000000088900000| Untracked 
| 138|0x0000000088a00000, 0x0000000088a00000, 0x0000000088b00000|  0%| F|  |TAMS 0x0000000088a00000, 0x0000000088a00000| Untracked 
| 139|0x0000000088b00000, 0x0000000088b00000, 0x0000000088c00000|  0%| F|  |TAMS 0x0000000088b00000, 0x0000000088b00000| Untracked 
| 140|0x0000000088c00000, 0x0000000088c00000, 0x0000000088d00000|  0%| F|  |TAMS 0x0000000088c00000, 0x0000000088c00000| Untracked 
| 141|0x0000000088d00000, 0x0000000088d00000, 0x0000000088e00000|  0%| F|  |TAMS 0x0000000088d00000, 0x0000000088d00000| Untracked 
| 142|0x0000000088e00000, 0x0000000088e00000, 0x0000000088f00000|  0%| F|  |TAMS 0x0000000088e00000, 0x0000000088e00000| Untracked 
| 143|0x0000000088f00000, 0x0000000088f00000, 0x0000000089000000|  0%| F|  |TAMS 0x0000000088f00000, 0x0000000088f00000| Untracked 
| 144|0x0000000089000000, 0x0000000089000000, 0x0000000089100000|  0%| F|  |TAMS 0x0000000089000000, 0x0000000089000000| Untracked 
| 145|0x0000000089100000, 0x0000000089100000, 0x0000000089200000|  0%| F|  |TAMS 0x0000000089100000, 0x0000000089100000| Untracked 
| 146|0x0000000089200000, 0x0000000089200000, 0x0000000089300000|  0%| F|  |TAMS 0x0000000089200000, 0x0000000089200000| Untracked 
| 147|0x0000000089300000, 0x0000000089300000, 0x0000000089400000|  0%| F|  |TAMS 0x0000000089300000, 0x0000000089300000| Untracked 
| 148|0x0000000089400000, 0x0000000089400000, 0x0000000089500000|  0%| F|  |TAMS 0x0000000089400000, 0x0000000089400000| Untracked 
| 149|0x0000000089500000, 0x0000000089500000, 0x0000000089600000|  0%| F|  |TAMS 0x0000000089500000, 0x0000000089500000| Untracked 
| 150|0x0000000089600000, 0x0000000089600000, 0x0000000089700000|  0%| F|  |TAMS 0x0000000089600000, 0x0000000089600000| Untracked 
| 151|0x0000000089700000, 0x0000000089700000, 0x0000000089800000|  0%| F|  |TAMS 0x0000000089700000, 0x0000000089700000| Untracked 
| 152|0x0000000089800000, 0x0000000089800000, 0x0000000089900000|  0%| F|  |TAMS 0x0000000089800000, 0x0000000089800000| Untracked 
| 153|0x0000000089900000, 0x0000000089900000, 0x0000000089a00000|  0%| F|  |TAMS 0x0000000089900000, 0x0000000089900000| Untracked 
| 154|0x0000000089a00000, 0x0000000089a00000, 0x0000000089b00000|  0%| F|  |TAMS 0x0000000089a00000, 0x0000000089a00000| Untracked 
| 155|0x0000000089b00000, 0x0000000089b00000, 0x0000000089c00000|  0%| F|  |TAMS 0x0000000089b00000, 0x0000000089b00000| Untracked 
| 156|0x0000000089c00000, 0x0000000089c00000, 0x0000000089d00000|  0%| F|  |TAMS 0x0000000089c00000, 0x0000000089c00000| Untracked 
| 157|0x0000000089d00000, 0x0000000089d00000, 0x0000000089e00000|  0%| F|  |TAMS 0x0000000089d00000, 0x0000000089d00000| Untracked 
| 158|0x0000000089e00000, 0x0000000089e00000, 0x0000000089f00000|  0%| F|  |TAMS 0x0000000089e00000, 0x0000000089e00000| Untracked 
| 159|0x0000000089f00000, 0x0000000089f00000, 0x000000008a000000|  0%| F|  |TAMS 0x0000000089f00000, 0x0000000089f00000| Untracked 
| 160|0x000000008a000000, 0x000000008a000000, 0x000000008a100000|  0%| F|  |TAMS 0x000000008a000000, 0x000000008a000000| Untracked 
| 161|0x000000008a100000, 0x000000008a100000, 0x000000008a200000|  0%| F|  |TAMS 0x000000008a100000, 0x000000008a100000| Untracked 
| 162|0x000000008a200000, 0x000000008a200000, 0x000000008a300000|  0%| F|  |TAMS 0x000000008a200000, 0x000000008a200000| Untracked 
| 163|0x000000008a300000, 0x000000008a300000, 0x000000008a400000|  0%| F|  |TAMS 0x000000008a300000, 0x000000008a300000| Untracked 
| 164|0x000000008a400000, 0x000000008a400000, 0x000000008a500000|  0%| F|  |TAMS 0x000000008a400000, 0x000000008a400000| Untracked 
| 165|0x000000008a500000, 0x000000008a54d0b0, 0x000000008a600000| 30%| E|  |TAMS 0x000000008a500000, 0x000000008a500000| Complete 
| 166|0x000000008a600000, 0x000000008a700000, 0x000000008a700000|100%| E|CS|TAMS 0x000000008a600000, 0x000000008a600000| Complete 
| 167|0x000000008a700000, 0x000000008a7fffd8, 0x000000008a800000| 99%| E|  |TAMS 0x000000008a700000, 0x000000008a700000| Complete 
| 168|0x000000008a800000, 0x000000008a900000, 0x000000008a900000|100%| E|CS|TAMS 0x000000008a800000, 0x000000008a800000| Complete 
| 169|0x000000008a900000, 0x000000008aa00000, 0x000000008aa00000|100%| E|CS|TAMS 0x000000008a900000, 0x000000008a900000| Complete 

Card table byte_map: [0x00000288e6db0000,0x00000288e71b0000] _byte_map_base: 0x00000288e69b0000

Marking Bits (Prev, Next): (CMBitMap*) 0x00000288d41fc7f0, (CMBitMap*) 0x00000288d41fc830
 Prev Bits: [0x00000288e75b0000, 0x00000288e95b0000)
 Next Bits: [0x00000288e95b0000, 0x00000288eb5b0000)

Polling page: 0x00000288d21a0000

Metaspace:

Usage:
  Non-class:     84.26 MB used.
      Class:     13.74 MB used.
       Both:     98.00 MB used.

Virtual space:
  Non-class space:      128.00 MB reserved,      84.62 MB ( 66%) committed,  2 nodes.
      Class space:        1.00 GB reserved,      14.06 MB (  1%) committed,  1 nodes.
             Both:        1.12 GB reserved,      98.69 MB (  9%) committed. 

Chunk freelists:
   Non-Class:  10.67 MB
       Class:  1.89 MB
        Both:  12.55 MB

MaxMetaspaceSize: unlimited
CompressedClassSpaceSize: 1.00 GB
Initial GC threshold: 21.00 MB
Current GC threshold: 163.69 MB
CDS: off
MetaspaceReclaimPolicy: balanced
 - commit_granule_bytes: 65536.
 - commit_granule_words: 8192.
 - virtual_space_node_default_size: 8388608.
 - enlarge_chunks_in_place: 1.
 - new_chunks_are_fully_committed: 0.
 - uncommit_free_chunks: 1.
 - use_allocation_guard: 0.
 - handle_deallocations: 1.


Internal statistics:

num_allocs_failed_limit: 6.
num_arena_births: 1168.
num_arena_deaths: 0.
num_vsnodes_births: 3.
num_vsnodes_deaths: 0.
num_space_committed: 1579.
num_space_uncommitted: 0.
num_chunks_returned_to_freelist: 6.
num_chunks_taken_from_freelist: 5040.
num_chunk_merges: 6.
num_chunk_splits: 3271.
num_chunks_enlarged: 2112.
num_inconsistent_stats: 0.

CodeHeap 'non-profiled nmethods': size=120000Kb used=6217Kb max_used=6217Kb free=113782Kb
 bounds [0x00000288df150000, 0x00000288df770000, 0x00000288e6680000]
CodeHeap 'profiled nmethods': size=120000Kb used=19433Kb max_used=19433Kb free=100566Kb
 bounds [0x00000288d7680000, 0x00000288d8980000, 0x00000288debb0000]
CodeHeap 'non-nmethods': size=5760Kb used=1703Kb max_used=1795Kb free=4057Kb
 bounds [0x00000288debb0000, 0x00000288dee20000, 0x00000288df150000]
 total_blobs=10970 nmethods=10176 adapters=706
 compilation: enabled
              stopped_count=0, restarted_count=0
 full_count=0

Compilation events (20 events):
Event: 13.526 Thread 0x00000288ee1b6530 11690       3       java.io.BufferedInputStream::fill (203 bytes)
Event: 13.527 Thread 0x00000288ee1b6530 nmethod 11690 0x00000288d8960d10 code [0x00000288d8960f80, 0x00000288d8961bc8]
Event: 13.527 Thread 0x00000288ee1b6530 11691       2       java.io.BufferedInputStream::getInIfOpen (21 bytes)
Event: 13.527 Thread 0x00000288ee1b6530 nmethod 11691 0x00000288d8961f10 code [0x00000288d89620c0, 0x00000288d8962288]
Event: 13.528 Thread 0x00000288ee1b6530 11693       3       org.gradle.api.internal.provider.ValueSupplier$UnknownProducer::visitProducerTasks (1 bytes)
Event: 13.528 Thread 0x00000288ee1b6530 nmethod 11693 0x00000288d8962390 code [0x00000288d8962520, 0x00000288d8962638]
Event: 13.528 Thread 0x00000288ee1b6530 11696       3       com.google.common.collect.ImmutableMultimap$Builder::<init> (12 bytes)
Event: 13.528 Thread 0x00000288ee1b6530 nmethod 11696 0x00000288d8962710 code [0x00000288d89628e0, 0x00000288d8962d58]
Event: 13.528 Thread 0x00000288ee1b6530 11697       3       com.google.common.collect.Platform::preservesInsertionOrderOnPutsMap (4 bytes)
Event: 13.529 Thread 0x00000288ee1b6530 nmethod 11697 0x00000288d8962f10 code [0x00000288d89630c0, 0x00000288d89633f8]
Event: 13.529 Thread 0x00000288ee1b6530 11698       3       org.gradle.internal.snapshot.impl.ImplementationSnapshot::of (64 bytes)
Event: 13.530 Thread 0x00000288ee1b6530 nmethod 11698 0x00000288d8963590 code [0x00000288d8963880, 0x00000288d8964af8]
Event: 13.530 Thread 0x00000288ee1b6530 11694       3       org.gradle.api.internal.provider.TransformBackedProvider::mapValue (27 bytes)
Event: 13.530 Thread 0x00000288ee1b6530 nmethod 11694 0x00000288d8965110 code [0x00000288d89652e0, 0x00000288d8965688]
Event: 13.530 Thread 0x00000288ee1b6530 11695       3       org.gradle.internal.typeconversion.NotationConverterToNotationParserAdapter::<init> (10 bytes)
Event: 13.530 Thread 0x00000288ee1b6530 nmethod 11695 0x00000288d8965790 code [0x00000288d8965920, 0x00000288d8965ad8]
Event: 13.530 Thread 0x00000288ee1b6530 11699       1       org.gradle.api.internal.provider.ValueSupplier$Missing::isMissing (2 bytes)
Event: 13.530 Thread 0x00000288ee1b6530 nmethod 11699 0x00000288df75ed10 code [0x00000288df75eea0, 0x00000288df75ef78]
Event: 13.530 Thread 0x00000288ee1b6530 11700       1       org.gradle.api.internal.project.DefaultProject::getTasks (5 bytes)
Event: 13.530 Thread 0x00000288ee1b6530 nmethod 11700 0x00000288df75f010 code [0x00000288df75f1a0, 0x00000288df75f278]

GC Heap History (20 events):
Event: 9.036 GC heap before
{Heap before GC invocations=33 (full 0):
 garbage-first heap   total 132096K, used 106492K [0x0000000080000000, 0x0000000100000000)
  region size 1024K, 35 young (35840K), 4 survivors (4096K)
 Metaspace       used 78038K, committed 78656K, reserved 1179648K
  class space    used 10658K, committed 10944K, reserved 1048576K
}
Event: 9.041 GC heap after
{Heap after GC invocations=34 (full 0):
 garbage-first heap   total 158720K, used 76512K [0x0000000080000000, 0x0000000100000000)
  region size 1024K, 4 young (4096K), 4 survivors (4096K)
 Metaspace       used 78038K, committed 78656K, reserved 1179648K
  class space    used 10658K, committed 10944K, reserved 1048576K
}
Event: 9.541 GC heap before
{Heap before GC invocations=35 (full 0):
 garbage-first heap   total 158720K, used 123616K [0x0000000080000000, 0x0000000100000000)
  region size 1024K, 50 young (51200K), 4 survivors (4096K)
 Metaspace       used 80283K, committed 80960K, reserved 1179648K
  class space    used 10943K, committed 11264K, reserved 1048576K
}
Event: 9.545 GC heap after
{Heap after GC invocations=36 (full 0):
 garbage-first heap   total 158720K, used 79514K [0x0000000080000000, 0x0000000100000000)
  region size 1024K, 7 young (7168K), 7 survivors (7168K)
 Metaspace       used 80283K, committed 80960K, reserved 1179648K
  class space    used 10943K, committed 11264K, reserved 1048576K
}
Event: 9.700 GC heap before
{Heap before GC invocations=36 (full 0):
 garbage-first heap   total 158720K, used 97946K [0x0000000080000000, 0x0000000100000000)
  region size 1024K, 26 young (26624K), 7 survivors (7168K)
 Metaspace       used 81473K, committed 82112K, reserved 1179648K
  class space    used 11122K, committed 11392K, reserved 1048576K
}
Event: 9.706 GC heap after
{Heap after GC invocations=37 (full 0):
 garbage-first heap   total 158720K, used 80297K [0x0000000080000000, 0x0000000100000000)
  region size 1024K, 4 young (4096K), 4 survivors (4096K)
 Metaspace       used 81473K, committed 82112K, reserved 1179648K
  class space    used 11122K, committed 11392K, reserved 1048576K
}
Event: 10.218 GC heap before
{Heap before GC invocations=38 (full 0):
 garbage-first heap   total 158720K, used 128425K [0x0000000080000000, 0x0000000100000000)
  region size 1024K, 50 young (51200K), 4 survivors (4096K)
 Metaspace       used 84756K, committed 85376K, reserved 1179648K
  class space    used 11759K, committed 12032K, reserved 1048576K
}
Event: 10.223 GC heap after
{Heap after GC invocations=39 (full 0):
 garbage-first heap   total 158720K, used 81540K [0x0000000080000000, 0x0000000100000000)
  region size 1024K, 5 young (5120K), 5 survivors (5120K)
 Metaspace       used 84756K, committed 85376K, reserved 1179648K
  class space    used 11759K, committed 12032K, reserved 1048576K
}
Event: 10.786 GC heap before
{Heap before GC invocations=39 (full 0):
 garbage-first heap   total 158720K, used 129668K [0x0000000080000000, 0x0000000100000000)
  region size 1024K, 52 young (53248K), 5 survivors (5120K)
 Metaspace       used 87986K, committed 88640K, reserved 1179648K
  class space    used 12238K, committed 12544K, reserved 1048576K
}
Event: 10.792 GC heap after
{Heap after GC invocations=40 (full 0):
 garbage-first heap   total 158720K, used 83814K [0x0000000080000000, 0x0000000100000000)
  region size 1024K, 5 young (5120K), 5 survivors (5120K)
 Metaspace       used 87986K, committed 88640K, reserved 1179648K
  class space    used 12238K, committed 12544K, reserved 1048576K
}
Event: 11.324 GC heap before
{Heap before GC invocations=41 (full 0):
 garbage-first heap   total 158720K, used 130918K [0x0000000080000000, 0x0000000100000000)
  region size 1024K, 51 young (52224K), 5 survivors (5120K)
 Metaspace       used 91518K, committed 92224K, reserved 1179648K
  class space    used 12763K, committed 13120K, reserved 1048576K
}
Event: 11.330 GC heap after
{Heap after GC invocations=42 (full 0):
 garbage-first heap   total 158720K, used 86398K [0x0000000080000000, 0x0000000100000000)
  region size 1024K, 7 young (7168K), 7 survivors (7168K)
 Metaspace       used 91518K, committed 92224K, reserved 1179648K
  class space    used 12763K, committed 13120K, reserved 1048576K
}
Event: 11.834 GC heap before
{Heap before GC invocations=42 (full 0):
 garbage-first heap   total 158720K, used 130430K [0x0000000080000000, 0x0000000100000000)
  region size 1024K, 51 young (52224K), 7 survivors (7168K)
 Metaspace       used 95715K, committed 96448K, reserved 1179648K
  class space    used 13349K, committed 13696K, reserved 1048576K
}
Event: 11.842 GC heap after
{Heap after GC invocations=43 (full 0):
 garbage-first heap   total 158720K, used 88793K [0x0000000080000000, 0x0000000100000000)
  region size 1024K, 6 young (6144K), 6 survivors (6144K)
 Metaspace       used 95715K, committed 96448K, reserved 1179648K
  class space    used 13349K, committed 13696K, reserved 1048576K
}
Event: 12.469 GC heap before
{Heap before GC invocations=44 (full 0):
 garbage-first heap   total 162816K, used 131801K [0x0000000080000000, 0x0000000100000000)
  region size 1024K, 48 young (49152K), 6 survivors (6144K)
 Metaspace       used 98588K, committed 99328K, reserved 1179648K
  class space    used 13812K, committed 14144K, reserved 1048576K
}
Event: 12.479 GC heap after
{Heap after GC invocations=45 (full 0):
 garbage-first heap   total 162816K, used 92419K [0x0000000080000000, 0x0000000100000000)
  region size 1024K, 6 young (6144K), 6 survivors (6144K)
 Metaspace       used 98588K, committed 99328K, reserved 1179648K
  class space    used 13812K, committed 14144K, reserved 1048576K
}
Event: 12.952 GC heap before
{Heap before GC invocations=45 (full 0):
 garbage-first heap   total 162816K, used 135427K [0x0000000080000000, 0x0000000100000000)
  region size 1024K, 49 young (50176K), 6 survivors (6144K)
 Metaspace       used 99601K, committed 100352K, reserved 1179648K
  class space    used 13992K, committed 14336K, reserved 1048576K
}
Event: 12.963 GC heap after
{Heap after GC invocations=46 (full 0):
 garbage-first heap   total 162816K, used 96918K [0x0000000080000000, 0x0000000100000000)
  region size 1024K, 5 young (5120K), 5 survivors (5120K)
 Metaspace       used 99601K, committed 100352K, reserved 1179648K
  class space    used 13992K, committed 14336K, reserved 1048576K
}
Event: 13.496 GC heap before
{Heap before GC invocations=47 (full 0):
 garbage-first heap   total 174080K, used 134806K [0x0000000080000000, 0x0000000100000000)
  region size 1024K, 43 young (44032K), 5 survivors (5120K)
 Metaspace       used 100225K, committed 100992K, reserved 1179648K
  class space    used 14049K, committed 14400K, reserved 1048576K
}
Event: 13.503 GC heap after
{Heap after GC invocations=48 (full 0):
 garbage-first heap   total 174080K, used 99511K [0x0000000080000000, 0x0000000100000000)
  region size 1024K, 3 young (3072K), 3 survivors (3072K)
 Metaspace       used 100225K, committed 100992K, reserved 1179648K
  class space    used 14049K, committed 14400K, reserved 1048576K
}

Dll operation events (3 events):
Event: 0.009 Loaded shared library C:\Program Files\Android\Android Studio\jbr\bin\java.dll
Event: 0.119 Loaded shared library C:\Program Files\Android\Android Studio\jbr\bin\zip.dll
Event: 0.429 Loaded shared library C:\Program Files\Android\Android Studio\jbr\bin\verify.dll

Deoptimization events (20 events):
Event: 13.485 Thread 0x00000288f70baaa0 Uncommon trap: trap_request=0xffffffc6 fr.pc=0x00000288df735240 relative=0x0000000000001aa0
Event: 13.485 Thread 0x00000288f70baaa0 Uncommon trap: reason=bimorphic_or_optimized_type_check action=maybe_recompile pc=0x00000288df735240 method=org.gradle.internal.snapshot.SnapshotUtil$1.handleAsDescendantOfChild(Lorg/gradle/internal/snapshot/VfsRelativePath;Lorg/gradle/internal/snapshot/F
Event: 13.485 Thread 0x00000288f70baaa0 DEOPT PACKING pc=0x00000288df735240 sp=0x000000d36b9fb470
Event: 13.485 Thread 0x00000288f70baaa0 DEOPT UNPACKING pc=0x00000288dec069a3 sp=0x000000d36b9fb300 mode 2
Event: 13.485 Thread 0x00000288f70baaa0 Uncommon trap: trap_request=0xffffffc6 fr.pc=0x00000288df735240 relative=0x0000000000001aa0
Event: 13.485 Thread 0x00000288f70baaa0 Uncommon trap: reason=bimorphic_or_optimized_type_check action=maybe_recompile pc=0x00000288df735240 method=org.gradle.internal.snapshot.SnapshotUtil$1.handleAsDescendantOfChild(Lorg/gradle/internal/snapshot/VfsRelativePath;Lorg/gradle/internal/snapshot/F
Event: 13.485 Thread 0x00000288f70baaa0 DEOPT PACKING pc=0x00000288df735240 sp=0x000000d36b9fb470
Event: 13.485 Thread 0x00000288f70baaa0 DEOPT UNPACKING pc=0x00000288dec069a3 sp=0x000000d36b9fb300 mode 2
Event: 13.485 Thread 0x00000288f70baaa0 Uncommon trap: trap_request=0xffffffc6 fr.pc=0x00000288df72ad84 relative=0x00000000000014c4
Event: 13.485 Thread 0x00000288f70baaa0 Uncommon trap: reason=bimorphic_or_optimized_type_check action=maybe_recompile pc=0x00000288df72ad84 method=org.gradle.internal.snapshot.SnapshotUtil$1.handleAsDescendantOfChild(Lorg/gradle/internal/snapshot/VfsRelativePath;Lorg/gradle/internal/snapshot/F
Event: 13.485 Thread 0x00000288f70baaa0 DEOPT PACKING pc=0x00000288df72ad84 sp=0x000000d36b9faf00
Event: 13.485 Thread 0x00000288f70baaa0 DEOPT UNPACKING pc=0x00000288dec069a3 sp=0x000000d36b9fae20 mode 2
Event: 13.495 Thread 0x00000288f70baaa0 Uncommon trap: trap_request=0xffffff45 fr.pc=0x00000288df437dc4 relative=0x0000000000000604
Event: 13.495 Thread 0x00000288f70baaa0 Uncommon trap: reason=unstable_if action=reinterpret pc=0x00000288df437dc4 method=java.lang.String.regionMatches(ZILjava/lang/String;II)Z @ 1 c2
Event: 13.495 Thread 0x00000288f70baaa0 DEOPT PACKING pc=0x00000288df437dc4 sp=0x000000d36b9fa550
Event: 13.495 Thread 0x00000288f70baaa0 DEOPT UNPACKING pc=0x00000288dec069a3 sp=0x000000d36b9fa4f8 mode 2
Event: 13.512 Thread 0x00000288f70baaa0 Uncommon trap: trap_request=0xffffff45 fr.pc=0x00000288df75814c relative=0x00000000000000ac
Event: 13.512 Thread 0x00000288f70baaa0 Uncommon trap: reason=unstable_if action=reinterpret pc=0x00000288df75814c method=java.io.BufferedInputStream.fill()V @ 189 c2
Event: 13.512 Thread 0x00000288f70baaa0 DEOPT PACKING pc=0x00000288df75814c sp=0x000000d36b9fb6c0
Event: 13.512 Thread 0x00000288f70baaa0 DEOPT UNPACKING pc=0x00000288dec069a3 sp=0x000000d36b9fb640 mode 2

Classes unloaded (0 events):
No events

Classes redefined (0 events):
No events

Internal exceptions (20 events):
Event: 12.334 Thread 0x00000288f62c6120 Exception <a 'java/lang/NoSuchMethodError'{0x0000000087b3bdf0}: static Lcom/android/buildanalyzer/common/AndroidGradlePluginAttributionData$TaskInfo;.<clinit>()V> (0x0000000087b3bdf0) 
thrown [s\src\hotspot\share\prims\jni.cpp, line 1108]
Event: 12.336 Thread 0x00000288f62c6120 Exception <a 'java/lang/NoSuchMethodError'{0x0000000087b9c348}: static Lcom/android/buildanalyzer/common/AndroidGradlePluginAttributionData$TaskCategoryInfo;.<clinit>()V> (0x0000000087b9c348) 
thrown [s\src\hotspot\share\prims\jni.cpp, line 1108]
Event: 12.336 Thread 0x00000288f70baaa0 Exception <a 'sun/nio/fs/WindowsException'{0x0000000087b45ec8}> (0x0000000087b45ec8) 
thrown [s\src\hotspot\share\prims\jni.cpp, line 517]
Event: 12.354 Thread 0x00000288f3379ca0 Exception <a 'java/lang/NoSuchMethodError'{0x0000000087903a80}: static Lorg/gradle/internal/build/event/types/DefaultTaskSkippedResult;.<clinit>()V> (0x0000000087903a80) 
thrown [s\src\hotspot\share\prims\jni.cpp, line 1108]
Event: 12.629 Thread 0x00000288f70baaa0 Exception <a 'java/lang/NoSuchMethodError'{0x00000000897114f8}: 'void java.lang.invoke.DirectMethodHandle$Holder.invokeStatic(java.lang.Object, java.lang.Object, java.lang.Object, java.lang.Object, int, java.lang.Object, java.lang.Object)'> (0x00000000897114f8) 
thrown [s\src\hotspot\share\interpreter\linkResolver.cpp, line 771]
Event: 12.660 Thread 0x00000288fe0556d0 Exception <a 'java/lang/NoSuchMethodError'{0x000000008956c690}: 'java.lang.Object java.lang.invoke.DirectMethodHandle$Holder.invokeSpecialIFC(java.lang.Object, java.lang.Object, java.lang.Object)'> (0x000000008956c690) 
thrown [s\src\hotspot\share\interpreter\linkResolver.cpp, line 771]
Event: 12.660 Thread 0x00000288fe051f20 Exception <a 'java/lang/NoSuchMethodError'{0x00000000896f9610}: 'java.lang.Object java.lang.invoke.DirectMethodHandle$Holder.invokeSpecialIFC(java.lang.Object, java.lang.Object, java.lang.Object)'> (0x00000000896f9610) 
thrown [s\src\hotspot\share\interpreter\linkResolver.cpp, line 771]
Event: 12.660 Thread 0x00000288fe050ff0 Exception <a 'java/lang/NoSuchMethodError'{0x0000000089582018}: 'java.lang.Object java.lang.invoke.DirectMethodHandle$Holder.invokeSpecialIFC(java.lang.Object, java.lang.Object, java.lang.Object)'> (0x0000000089582018) 
thrown [s\src\hotspot\share\interpreter\linkResolver.cpp, line 771]
Event: 12.660 Thread 0x00000288fe051500 Exception <a 'java/lang/NoSuchMethodError'{0x0000000089515d90}: 'java.lang.Object java.lang.invoke.DirectMethodHandle$Holder.invokeSpecialIFC(java.lang.Object, java.lang.Object, java.lang.Object)'> (0x0000000089515d90) 
thrown [s\src\hotspot\share\interpreter\linkResolver.cpp, line 771]
Event: 12.660 Thread 0x00000288fe0560f0 Exception <a 'java/lang/NoSuchMethodError'{0x000000008958d4b0}: 'java.lang.Object java.lang.invoke.DirectMethodHandle$Holder.invokeSpecialIFC(java.lang.Object, java.lang.Object, java.lang.Object)'> (0x000000008958d4b0) 
thrown [s\src\hotspot\share\interpreter\linkResolver.cpp, line 771]
Event: 12.660 Thread 0x00000288fe057020 Exception <a 'java/lang/NoSuchMethodError'{0x000000008959b208}: 'java.lang.Object java.lang.invoke.DirectMethodHandle$Holder.invokeSpecialIFC(java.lang.Object, java.lang.Object, java.lang.Object)'> (0x000000008959b208) 
thrown [s\src\hotspot\share\interpreter\linkResolver.cpp, line 771]
Event: 12.660 Thread 0x00000288fe054cb0 Exception <a 'java/lang/NoSuchMethodError'{0x00000000895539b0}: 'java.lang.Object java.lang.invoke.DirectMethodHandle$Holder.invokeSpecialIFC(java.lang.Object, java.lang.Object, java.lang.Object)'> (0x00000000895539b0) 
thrown [s\src\hotspot\share\interpreter\linkResolver.cpp, line 771]
Event: 12.660 Thread 0x00000288f70baaa0 Exception <a 'java/lang/NoSuchMethodError'{0x000000008952eb50}: 'java.lang.Object java.lang.invoke.DirectMethodHandle$Holder.invokeSpecialIFC(java.lang.Object, java.lang.Object, java.lang.Object)'> (0x000000008952eb50) 
thrown [s\src\hotspot\share\interpreter\linkResolver.cpp, line 771]
Event: 13.290 Thread 0x00000288f70baaa0 Exception <a 'java/lang/NoSuchMethodError'{0x000000008963d540}: static Lcom/android/build/gradle/internal/scope/InternalArtifactType;.<clinit>()V> (0x000000008963d540) 
thrown [s\src\hotspot\share\prims\jni.cpp, line 1108]
Event: 13.291 Thread 0x00000288f70baaa0 Exception <a 'java/lang/NoSuchMethodError'{0x000000008963ec98}: static Lcom/android/build/gradle/internal/scope/InternalArtifactType;.<clinit>()V> (0x000000008963ec98) 
thrown [s\src\hotspot\share\prims\jni.cpp, line 1108]
Event: 13.291 Thread 0x00000288f70baaa0 Exception <a 'java/lang/NoSuchMethodError'{0x0000000089641e38}: static Lcom/android/build/api/artifact/Artifact$Single;.<clinit>()V> (0x0000000089641e38) 
thrown [s\src\hotspot\share\prims\jni.cpp, line 1108]
Event: 13.291 Thread 0x00000288f70baaa0 Exception <a 'java/lang/NoSuchMethodError'{0x0000000089644670}: static Ljava/lang/Object;.<clinit>()V> (0x0000000089644670) 
thrown [s\src\hotspot\share\prims\jni.cpp, line 1108]
Event: 13.293 Thread 0x00000288f70baaa0 Exception <a 'java/lang/NoSuchMethodError'{0x000000008965d4e8}: static Lcom/android/build/api/artifact/ArtifactKind;.<clinit>()V> (0x000000008965d4e8) 
thrown [s\src\hotspot\share\prims\jni.cpp, line 1108]
Event: 13.293 Thread 0x00000288f70baaa0 Exception <a 'java/lang/NoSuchMethodError'{0x000000008965e950}: static Lcom/android/build/api/artifact/ArtifactKind;.<clinit>()V> (0x000000008965e950) 
thrown [s\src\hotspot\share\prims\jni.cpp, line 1108]
Event: 13.480 Thread 0x00000288f70baaa0 Exception <a 'java/lang/NoSuchMethodError'{0x000000008849e5d8}: 'int java.lang.invoke.DirectMethodHandle$Holder.invokeSpecial(java.lang.Object, java.lang.Object, java.lang.Object, java.lang.Object, java.lang.Object)'> (0x000000008849e5d8) 
thrown [s\src\hotspot\share\interpreter\linkResolver.cpp, line 771]

VM Operations (20 events):
Event: 12.951 Executing VM operation: G1CollectForAllocation
Event: 12.963 Executing VM operation: G1CollectForAllocation done
Event: 13.048 Executing VM operation: G1PauseRemark
Event: 13.056 Executing VM operation: G1PauseRemark done
Event: 13.105 Executing VM operation: G1PauseCleanup
Event: 13.106 Executing VM operation: G1PauseCleanup done
Event: 13.131 Executing VM operation: HandshakeAllThreads
Event: 13.131 Executing VM operation: HandshakeAllThreads done
Event: 13.133 Executing VM operation: HandshakeAllThreads
Event: 13.133 Executing VM operation: HandshakeAllThreads done
Event: 13.296 Executing VM operation: HandshakeAllThreads
Event: 13.296 Executing VM operation: HandshakeAllThreads done
Event: 13.307 Executing VM operation: ICBufferFull
Event: 13.308 Executing VM operation: ICBufferFull done
Event: 13.435 Executing VM operation: ICBufferFull
Event: 13.435 Executing VM operation: ICBufferFull done
Event: 13.478 Executing VM operation: HandshakeAllThreads
Event: 13.478 Executing VM operation: HandshakeAllThreads done
Event: 13.496 Executing VM operation: G1CollectForAllocation
Event: 13.503 Executing VM operation: G1CollectForAllocation done

Events (20 events):
Event: 13.219 Thread 0x00000288fe5cfcb0 Thread added: 0x00000288fe5cfcb0
Event: 13.220 Thread 0x00000288fe5d06d0 Thread added: 0x00000288fe5d06d0
Event: 13.222 Thread 0x00000288fe5cf290 Thread added: 0x00000288fe5cf290
Event: 13.223 Thread 0x00000288fe5ce870 Thread added: 0x00000288fe5ce870
Event: 13.223 Thread 0x00000288fe5d10f0 Thread added: 0x00000288fe5d10f0
Event: 13.309 Thread 0x00000288fe5d1600 Thread added: 0x00000288fe5d1600
Event: 13.320 Thread 0x00000288fe5d1b10 Thread added: 0x00000288fe5d1b10
Event: 13.321 Thread 0x00000288fe5cf7a0 Thread added: 0x00000288fe5cf7a0
Event: 13.322 Thread 0x00000288fe5ced80 Thread added: 0x00000288fe5ced80
Event: 13.323 Thread 0x00000288f8bf0a20 Thread added: 0x00000288f8bf0a20
Event: 13.323 Thread 0x00000288f8bef0d0 Thread added: 0x00000288f8bef0d0
Event: 13.324 Thread 0x00000288f8bf0510 Thread added: 0x00000288f8bf0510
Event: 13.325 Thread 0x00000288f8bee1a0 Thread added: 0x00000288f8bee1a0
Event: 13.372 Thread 0x00000288f8beebc0 Thread added: 0x00000288f8beebc0
Event: 13.373 Thread 0x00000288f8bef5e0 Thread added: 0x00000288f8bef5e0
Event: 13.373 Thread 0x00000288f8bf41d0 Thread added: 0x00000288f8bf41d0
Event: 13.374 Thread 0x00000288f8becd60 Thread added: 0x00000288f8becd60
Event: 13.375 Thread 0x00000288f8bee6b0 Thread added: 0x00000288f8bee6b0
Event: 13.375 Thread 0x00000288f8bf1950 Thread added: 0x00000288f8bf1950
Event: 13.376 Thread 0x00000288f8bf2880 Thread added: 0x00000288f8bf2880


Dynamic libraries:
0x00007ff69d590000 - 0x00007ff69d59a000 	C:\Program Files\Android\Android Studio\jbr\bin\java.exe
0x00007ffe82270000 - 0x00007ffe82468000 	C:\Windows\SYSTEM32\ntdll.dll
0x00007ffe81ae0000 - 0x00007ffe81ba1000 	C:\Windows\System32\KERNEL32.DLL
0x00007ffe7ffa0000 - 0x00007ffe8029d000 	C:\Windows\System32\KERNELBASE.dll
0x00007ffe7fc30000 - 0x00007ffe7fd30000 	C:\Windows\System32\ucrtbase.dll
0x00007ffe64070000 - 0x00007ffe64087000 	C:\Program Files\Android\Android Studio\jbr\bin\jli.dll
0x00007ffe787f0000 - 0x00007ffe7880b000 	C:\Program Files\Android\Android Studio\jbr\bin\VCRUNTIME140.dll
0x00007ffe810f0000 - 0x00007ffe8128d000 	C:\Windows\System32\USER32.dll
0x00007ffe7f920000 - 0x00007ffe7f942000 	C:\Windows\System32\win32u.dll
0x00007ffe81020000 - 0x00007ffe8104b000 	C:\Windows\System32\GDI32.dll
0x00007ffe7ed70000 - 0x00007ffe7f00a000 	C:\Windows\WinSxS\amd64_microsoft.windows.common-controls_6595b64144ccf1df_6.0.19041.4355_none_60b8b9eb71f62e16\COMCTL32.dll
0x00007ffe7fd30000 - 0x00007ffe7fe47000 	C:\Windows\System32\gdi32full.dll
0x00007ffe81050000 - 0x00007ffe810ee000 	C:\Windows\System32\msvcrt.dll
0x00007ffe7fe50000 - 0x00007ffe7feed000 	C:\Windows\System32\msvcp_win.dll
0x00007ffe80ff0000 - 0x00007ffe8101f000 	C:\Windows\System32\IMM32.DLL
0x00007ffe79150000 - 0x00007ffe7915c000 	C:\Program Files\Android\Android Studio\jbr\bin\vcruntime140_1.dll
0x00007ffe6c160000 - 0x00007ffe6c1ed000 	C:\Program Files\Android\Android Studio\jbr\bin\msvcp140.dll
0x00007ffe1e530000 - 0x00007ffe1f1b3000 	C:\Program Files\Android\Android Studio\jbr\bin\server\jvm.dll
0x00007ffe80430000 - 0x00007ffe804e0000 	C:\Windows\System32\ADVAPI32.dll
0x00007ffe81710000 - 0x00007ffe817b0000 	C:\Windows\System32\sechost.dll
0x00007ffe806c0000 - 0x00007ffe807e3000 	C:\Windows\System32\RPCRT4.dll
0x00007ffe7fa50000 - 0x00007ffe7fa77000 	C:\Windows\System32\bcrypt.dll
0x00007ffe7f660000 - 0x00007ffe7f6ab000 	C:\Windows\SYSTEM32\POWRPROF.dll
0x00007ffe604f0000 - 0x00007ffe60517000 	C:\Windows\SYSTEM32\WINMM.dll
0x00007ffe7f420000 - 0x00007ffe7f429000 	C:\Windows\SYSTEM32\WSOCK32.dll
0x00007ffe78f10000 - 0x00007ffe78f1a000 	C:\Windows\SYSTEM32\VERSION.dll
0x00007ffe80f60000 - 0x00007ffe80fcb000 	C:\Windows\System32\WS2_32.dll
0x00007ffe7f640000 - 0x00007ffe7f652000 	C:\Windows\SYSTEM32\UMPDC.dll
0x00007ffe7d2c0000 - 0x00007ffe7d2d2000 	C:\Windows\SYSTEM32\kernel.appcore.dll
0x00007ffe76ff0000 - 0x00007ffe76ffa000 	C:\Program Files\Android\Android Studio\jbr\bin\jimage.dll
0x00007ffe7f220000 - 0x00007ffe7f404000 	C:\Windows\SYSTEM32\DBGHELP.DLL
0x00007ffe7f1e0000 - 0x00007ffe7f214000 	C:\Windows\SYSTEM32\dbgcore.DLL
0x00007ffe7f950000 - 0x00007ffe7f9d2000 	C:\Windows\System32\bcryptPrimitives.dll
0x00007ffe65470000 - 0x00007ffe6547e000 	C:\Program Files\Android\Android Studio\jbr\bin\instrument.dll
0x00007ffe721e0000 - 0x00007ffe72205000 	C:\Program Files\Android\Android Studio\jbr\bin\java.dll
0x00007ffe720e0000 - 0x00007ffe720f8000 	C:\Program Files\Android\Android Studio\jbr\bin\zip.dll
0x00007ffe807f0000 - 0x00007ffe80f5f000 	C:\Windows\System32\SHELL32.dll
0x00007ffe7d2e0000 - 0x00007ffe7da83000 	C:\Windows\SYSTEM32\windows.storage.dll
0x00007ffe81bd0000 - 0x00007ffe81f23000 	C:\Windows\System32\combase.dll
0x00007ffe7eb00000 - 0x00007ffe7eb2e000 	C:\Windows\SYSTEM32\Wldp.dll
0x00007ffe804e0000 - 0x00007ffe805ad000 	C:\Windows\System32\OLEAUT32.dll
0x00007ffe80300000 - 0x00007ffe803ad000 	C:\Windows\System32\SHCORE.dll
0x00007ffe802a0000 - 0x00007ffe802f5000 	C:\Windows\System32\shlwapi.dll
0x00007ffe7f850000 - 0x00007ffe7f874000 	C:\Windows\SYSTEM32\profapi.dll
0x00007ffe6b810000 - 0x00007ffe6b829000 	C:\Program Files\Android\Android Studio\jbr\bin\net.dll
0x00007ffe76080000 - 0x00007ffe7618d000 	C:\Windows\SYSTEM32\WINHTTP.dll
0x00007ffe7e8e0000 - 0x00007ffe7e94a000 	C:\Windows\system32\mswsock.dll
0x00007ffe6b7f0000 - 0x00007ffe6b806000 	C:\Program Files\Android\Android Studio\jbr\bin\nio.dll
0x00007ffe75770000 - 0x00007ffe75780000 	C:\Program Files\Android\Android Studio\jbr\bin\verify.dll
0x00007ffe63aa0000 - 0x00007ffe63ac7000 	C:\Users\Johaire C. Salih\.gradle\native\c067742578af261105cb4f569cf0c3c89f3d7b1fecec35dd04571415982c5e48\windows-amd64\native-platform.dll
0x00007ffe39f30000 - 0x00007ffe3a074000 	C:\Users\Johaire C. Salih\.gradle\native\38dada09dfb8b06ba9b0570ebf7e218e3eb74d4ef43ca46872605cf95ebc2f47\windows-amd64\native-platform-file-events.dll
0x00007ffe65490000 - 0x00007ffe65499000 	C:\Program Files\Android\Android Studio\jbr\bin\management.dll
0x00007ffe65480000 - 0x00007ffe6548b000 	C:\Program Files\Android\Android Studio\jbr\bin\management_ext.dll
0x00007ffe81bc0000 - 0x00007ffe81bc8000 	C:\Windows\System32\PSAPI.DLL
0x00007ffe7f5c0000 - 0x00007ffe7f5d8000 	C:\Windows\SYSTEM32\CRYPTSP.dll
0x00007ffe7e280000 - 0x00007ffe7e2b4000 	C:\Windows\system32\rsaenh.dll
0x00007ffe7f7d0000 - 0x00007ffe7f7fe000 	C:\Windows\SYSTEM32\USERENV.dll
0x00007ffe7ea70000 - 0x00007ffe7ea7c000 	C:\Windows\SYSTEM32\CRYPTBASE.dll
0x00007ffe7e5e0000 - 0x00007ffe7e61b000 	C:\Windows\SYSTEM32\IPHLPAPI.DLL
0x00007ffe81bb0000 - 0x00007ffe81bb8000 	C:\Windows\System32\NSI.dll
0x00007ffe73f00000 - 0x00007ffe73f17000 	C:\Windows\SYSTEM32\dhcpcsvc6.DLL
0x00007ffe73500000 - 0x00007ffe7351d000 	C:\Windows\SYSTEM32\dhcpcsvc.DLL
0x00007ffe7e620000 - 0x00007ffe7e6ea000 	C:\Windows\SYSTEM32\DNSAPI.dll
0x00007ffe6b7e0000 - 0x00007ffe6b7e9000 	C:\Program Files\Android\Android Studio\jbr\bin\extnet.dll
0x00007ffe71740000 - 0x00007ffe71747000 	C:\Windows\system32\wshunix.dll
0x00007ffe797b0000 - 0x00007ffe797c7000 	C:\Windows\system32\napinsp.dll
0x00007ffe79690000 - 0x00007ffe796ab000 	C:\Windows\system32\pnrpnsp.dll
0x00007ffe75f10000 - 0x00007ffe75f25000 	C:\Windows\system32\wshbth.dll
0x00007ffe76b70000 - 0x00007ffe76b8d000 	C:\Windows\system32\NLAapi.dll
0x00007ffe79670000 - 0x00007ffe79682000 	C:\Windows\System32\winrnr.dll
0x00007ffe70f50000 - 0x00007ffe70f5a000 	C:\Windows\System32\rasadhlp.dll
0x00007ffe6c530000 - 0x00007ffe6c5b0000 	C:\Windows\System32\fwpuclnt.dll

dbghelp: loaded successfully - version: 4.0.5 - missing functions: none
symbol engine: initialized successfully - sym options: 0x614 - pdb path: .;C:\Program Files\Android\Android Studio\jbr\bin;C:\Windows\SYSTEM32;C:\Windows\WinSxS\amd64_microsoft.windows.common-controls_6595b64144ccf1df_6.0.19041.4355_none_60b8b9eb71f62e16;C:\Program Files\Android\Android Studio\jbr\bin\server;C:\Users\Johaire C. Salih\.gradle\native\c067742578af261105cb4f569cf0c3c89f3d7b1fecec35dd04571415982c5e48\windows-amd64;C:\Users\Johaire C. Salih\.gradle\native\38dada09dfb8b06ba9b0570ebf7e218e3eb74d4ef43ca46872605cf95ebc2f47\windows-amd64

VM Arguments:
jvm_args: --add-opens=java.base/java.util=ALL-UNNAMED --add-opens=java.base/java.lang=ALL-UNNAMED --add-opens=java.base/java.lang.invoke=ALL-UNNAMED --add-opens=java.prefs/java.util.prefs=ALL-UNNAMED --add-opens=java.base/java.nio.charset=ALL-UNNAMED --add-opens=java.base/java.net=ALL-UNNAMED --add-opens=java.base/java.util.concurrent.atomic=ALL-UNNAMED -Xmx2048m -Dfile.encoding=UTF-8 -Duser.country=US -Duser.language=en -Duser.variant -javaagent:C:\Users\Johaire C. Salih\.gradle\wrapper\dists\gradle-8.5-bin\5t9huq95ubn472n8rpzujfbqh\gradle-8.5\lib\agents\gradle-instrumentation-agent-8.5.jar 
java_command: org.gradle.launcher.daemon.bootstrap.GradleDaemon 8.5
java_class_path (initial): C:\Users\Johaire C. Salih\.gradle\wrapper\dists\gradle-8.5-bin\5t9huq95ubn472n8rpzujfbqh\gradle-8.5\lib\gradle-launcher-8.5.jar
Launcher Type: SUN_STANDARD

[Global flags]
     intx CICompilerCount                          = 4                                         {product} {ergonomic}
     uint ConcGCThreads                            = 2                                         {product} {ergonomic}
     uint G1ConcRefinementThreads                  = 8                                         {product} {ergonomic}
   size_t G1HeapRegionSize                         = 1048576                                   {product} {ergonomic}
    uintx GCDrainStackTargetSize                   = 64                                        {product} {ergonomic}
   size_t InitialHeapSize                          = 132120576                                 {product} {ergonomic}
   size_t MarkStackSize                            = 4194304                                   {product} {ergonomic}
   size_t MaxHeapSize                              = 2147483648                                {product} {command line}
   size_t MaxNewSize                               = 1287651328                                {product} {ergonomic}
   size_t MinHeapDeltaBytes                        = 1048576                                   {product} {ergonomic}
   size_t MinHeapSize                              = 8388608                                   {product} {ergonomic}
    uintx NonNMethodCodeHeapSize                   = 5839372                                {pd product} {ergonomic}
    uintx NonProfiledCodeHeapSize                  = 122909434                              {pd product} {ergonomic}
    uintx ProfiledCodeHeapSize                     = 122909434                              {pd product} {ergonomic}
    uintx ReservedCodeCacheSize                    = 251658240                              {pd product} {ergonomic}
     bool SegmentedCodeCache                       = true                                      {product} {ergonomic}
   size_t SoftMaxHeapSize                          = 2147483648                             {manageable} {ergonomic}
     bool UseCompressedClassPointers               = true                           {product lp64_product} {ergonomic}
     bool UseCompressedOops                        = true                           {product lp64_product} {ergonomic}
     bool UseG1GC                                  = true                                      {product} {ergonomic}
     bool UseLargePagesIndividualAllocation        = false                                  {pd product} {ergonomic}

Logging:
Log output configuration:
 #0: stdout all=warning uptime,level,tags
 #1: stderr all=off uptime,level,tags

Environment Variables:
PATH=C:\Program Files\Common Files\Oracle\Java\javapath;C:\MinGW\bin;C:\Windows\system32;C:\Windows;C:\Windows\System32\Wbem;C:\Windows\System32\WindowsPowerShell\v1.0\;C:\Windows\System32\OpenSSH\;C:\Program Files\nodejs\;C:\Program Files\Docker\Docker\resources\bin;C:\Users\Johaire C. Salih\AppData\Local\Programs\Python\Python311\Scripts\;C:\Users\Johaire C. Salih\AppData\Local\Programs\Python\Python311\;C:\Users\Johaire C. Salih\AppData\Local\Microsoft\WindowsApps;C:\Users\Johaire C. Salih\AppData\Local\Programs\Git\cmd;C:\msys64\ucrt64\bin;C:\Program Files\JetBrains\IntelliJ IDEA Community Edition 2024.1.4\bin;;C:\Users\Johaire C. Salih\AppData\Local\Programs\Microsoft VS Code\bin;C:\Users\Johaire C. Salih\AppData\Roaming\npm
USERNAME=Johaire C. Salih
OS=Windows_NT
PROCESSOR_IDENTIFIER=Intel64 Family 6 Model 142 Stepping 12, GenuineIntel
TMP=C:\Users\JOHAIR~1.SAL\AppData\Local\Temp
TEMP=C:\Users\JOHAIR~1.SAL\AppData\Local\Temp



Periodic native trim disabled

JNI global refs:
JNI global refs: 29, weak refs: 8

JNI global refs memory usage: 843, weak refs: 841

OOME stack traces (most recent first):
Classloader memory used:
